;  Assembly code generated by mikroVirtualMachine - V. 5.0.0.3
;  Date/Time: 04/09/2020 20:20:43
;  Info: http://www.mikroe.com


; ADDRESS	OPCODE	ASM
; ----------------------------------------------
$0000	$2A8E			GOTO	_main
$0369	$	_mul_32x32_u:
$0369	$1303			BCF	STATUS, RP1
$036A	$1283			BCF	STATUS, RP0
;math.ppas,1570 :: 		
;math.ppas,1578 :: 		
$036B	$3022			MOVLW	34
;math.ppas,1579 :: 		
$036C	$00FC			MOVWF	STACK_12
;math.ppas,1580 :: 		
$036D	$01F8			CLRF	STACK_8
;math.ppas,1581 :: 		
$036E	$01F9			CLRF	STACK_9
;math.ppas,1582 :: 		
$036F	$01FA			CLRF	STACK_10
;math.ppas,1584 :: 		
$0370	$01FB			CLRF	STACK_11
;math.ppas,1588 :: 		
$0371	$	_NEXT:
;math.ppas,1589 :: 		
$0371	$03FC			DECF	STACK_12, F
;math.ppas,1590 :: 		
$0372	$1903			BTFSC	STATUS, Z
;math.ppas,1591 :: 		
$0373	$2B9F			GOTO	_EXIT2
;math.ppas,1593 :: 		
$0374	$1003			BCF	STATUS, C
;math.ppas,1602 :: 		
$0375	$	_LOOP:
;math.ppas,1603 :: 		
$0375	$0CFB			RRF	STACK_11, F
;math.ppas,1604 :: 		
$0376	$0CFA			RRF	STACK_10, F
;math.ppas,1605 :: 		
$0377	$0CF9			RRF	STACK_9, F
;math.ppas,1606 :: 		
$0378	$0CF8			RRF	STACK_8, F
;math.ppas,1607 :: 		
$0379	$0CF3			RRF	STACK_3, F
;math.ppas,1608 :: 		
$037A	$0CF2			RRF	STACK_2, F
;math.ppas,1609 :: 		
$037B	$0CF1			RRF	STACK_1, F
;math.ppas,1614 :: 		
$037C	$0CF0			RRF	STACK_0, F
;math.ppas,1615 :: 		
$037D	$1C03			BTFSS	STATUS, C
;math.ppas,1616 :: 		
$037E	$2B71			GOTO	_NEXT
;math.ppas,1617 :: 		
$037F	$03FC			DECF	STACK_12, F
;math.ppas,1618 :: 		
$0380	$1903			BTFSC	STATUS, Z
;math.ppas,1625 :: 		
$0381	$2B91			GOTO	_EXIT1
;math.ppas,1626 :: 		
$0382	$0874			MOVF	STACK_4, W
;math.ppas,1627 :: 		
$0383	$07F8			ADDWF	STACK_8, F
;math.ppas,1628 :: 		
$0384	$0875			MOVF	STACK_5, W
;math.ppas,1629 :: 		
$0385	$1803			BTFSC	STATUS, C
;math.ppas,1630 :: 		
$0386	$0F75			INCFSZ	STACK_5, W
;math.ppas,1631 :: 		
$0387	$07F9			ADDWF	STACK_9, F
;math.ppas,1632 :: 		
$0388	$0876			MOVF	STACK_6, W
;math.ppas,1633 :: 		
$0389	$1803			BTFSC	STATUS, C
;math.ppas,1634 :: 		
$038A	$0F76			INCFSZ	STACK_6, W
;math.ppas,1635 :: 		
$038B	$07FA			ADDWF	STACK_10, F
;math.ppas,1636 :: 		
$038C	$0877			MOVF	STACK_7, W
;math.ppas,1637 :: 		
$038D	$1803			BTFSC	STATUS, C
;math.ppas,1638 :: 		
$038E	$0F77			INCFSZ	STACK_7, W
;math.ppas,1640 :: 		
$038F	$07FB			ADDWF	STACK_11, F
;math.ppas,1642 :: 		
$0390	$2B75			GOTO	_LOOP
;math.ppas,1647 :: 		
$0391	$	_EXIT1:
;math.ppas,1648 :: 		
$0391	$0874			MOVF	STACK_4, W
;math.ppas,1649 :: 		
$0392	$07F8			ADDWF	STACK_8, F
;math.ppas,1650 :: 		
$0393	$0875			MOVF	STACK_5, W
;math.ppas,1651 :: 		
$0394	$1803			BTFSC	STATUS, C
;math.ppas,1652 :: 		
$0395	$0F75			INCFSZ	STACK_5, W
;math.ppas,1653 :: 		
$0396	$07F9			ADDWF	STACK_9, F
;math.ppas,1654 :: 		
$0397	$0876			MOVF	STACK_6, W
;math.ppas,1655 :: 		
$0398	$1803			BTFSC	STATUS, C
;math.ppas,1656 :: 		
$0399	$0F76			INCFSZ	STACK_6, W
;math.ppas,1657 :: 		
$039A	$07FA			ADDWF	STACK_10, F
;math.ppas,1658 :: 		
$039B	$0877			MOVF	STACK_7, W
;math.ppas,1659 :: 		
$039C	$1803			BTFSC	STATUS, C
;math.ppas,1660 :: 		
$039D	$0F77			INCFSZ	STACK_7, W
;math.ppas,1663 :: 		
$039E	$07FB			ADDWF	STACK_11, F
;math.ppas,1664 :: 		
$039F	$	_EXIT2:
;math.ppas,1665 :: 		
$039F	$	math_L_13:
;math.ppas,1666 :: 		
$039F	$0008			RETURN
$0004	$	_sdiv3232l:
$0004	$1303			BCF	STATUS, RP1
$0005	$1283			BCF	STATUS, RP0
;math.ppas,539 :: 		
;math.ppas,541 :: 		
$0006	$0874			MOVF	STACK_4, W
;math.ppas,542 :: 		
$0007	$02F8			SUBWF	STACK_8, F
;math.ppas,543 :: 		
$0008	$0875			MOVF	STACK_5, W
;math.ppas,544 :: 		
$0009	$1C03			BTFSS	STATUS, C
;math.ppas,545 :: 		
$000A	$0F75			INCFSZ	STACK_5, W
;math.ppas,546 :: 		
$000B	$02F9			SUBWF	STACK_9, F
;math.ppas,547 :: 		
$000C	$0876			MOVF	STACK_6, W
;math.ppas,548 :: 		
$000D	$1C03			BTFSS	STATUS, C
;math.ppas,549 :: 		
$000E	$0F76			INCFSZ	STACK_6, W
;math.ppas,550 :: 		
$000F	$02FA			SUBWF	STACK_10, F
;math.ppas,551 :: 		
$0010	$0877			MOVF	STACK_7, W
;math.ppas,552 :: 		
$0011	$1C03			BTFSS	STATUS, C
;math.ppas,553 :: 		
$0012	$0F77			INCFSZ	STACK_7, W
;math.ppas,554 :: 		
$0013	$02FB			SUBWF	STACK_11, F
;math.ppas,556 :: 		
$0014	$0DF3			RLF	STACK_3, F
;math.ppas,557 :: 		
$0015	$3007			MOVLW	7
;math.ppas,559 :: 		
$0016	$00FC			MOVWF	STACK_12
;math.ppas,560 :: 		
$0017	$	LOOPS3232A:
;math.ppas,561 :: 		
$0017	$0D73			RLF	STACK_3, W
;math.ppas,562 :: 		
$0018	$0DF8			RLF	STACK_8, F
;math.ppas,563 :: 		
$0019	$0DF9			RLF	STACK_9, F
;math.ppas,564 :: 		
$001A	$0DFA			RLF	STACK_10, F
;math.ppas,565 :: 		
$001B	$0DFB			RLF	STACK_11, F
;math.ppas,566 :: 		
$001C	$0874			MOVF	STACK_4, W
;math.ppas,567 :: 		
$001D	$1C73			BTFSS	STACK_3, 0
;math.ppas,569 :: 		
$001E	$282D			GOTO	SADD22LA
;math.ppas,570 :: 		
$001F	$02F8			SUBWF	STACK_8, F
;math.ppas,571 :: 		
$0020	$0875			MOVF	STACK_5, W
;math.ppas,572 :: 		
$0021	$1C03			BTFSS	STATUS, C
;math.ppas,573 :: 		
$0022	$0F75			INCFSZ	STACK_5, W
;math.ppas,574 :: 		
$0023	$02F9			SUBWF	STACK_9, F
;math.ppas,575 :: 		
$0024	$0876			MOVF	STACK_6, W
;math.ppas,576 :: 		
$0025	$1C03			BTFSS	STATUS, C
;math.ppas,577 :: 		
$0026	$0F76			INCFSZ	STACK_6, W
;math.ppas,578 :: 		
$0027	$02FA			SUBWF	STACK_10, F
;math.ppas,579 :: 		
$0028	$0877			MOVF	STACK_7, W
;math.ppas,580 :: 		
$0029	$1C03			BTFSS	STATUS, C
;math.ppas,581 :: 		
$002A	$0F77			INCFSZ	STACK_7, W
;math.ppas,582 :: 		
$002B	$02FB			SUBWF	STACK_11, F
;math.ppas,584 :: 		
$002C	$283A			GOTO	SOK22LA
;math.ppas,585 :: 		
$002D	$	SADD22LA:
;math.ppas,586 :: 		
$002D	$07F8			ADDWF	STACK_8, F
;math.ppas,587 :: 		
$002E	$0875			MOVF	STACK_5, W
;math.ppas,588 :: 		
$002F	$1803			BTFSC	STATUS, C
;math.ppas,589 :: 		
$0030	$0F75			INCFSZ	STACK_5, W
;math.ppas,590 :: 		
$0031	$07F9			ADDWF	STACK_9, F
;math.ppas,591 :: 		
$0032	$0876			MOVF	STACK_6, W
;math.ppas,592 :: 		
$0033	$1803			BTFSC	STATUS, C
;math.ppas,593 :: 		
$0034	$0F76			INCFSZ	STACK_6, W
;math.ppas,594 :: 		
$0035	$07FA			ADDWF	STACK_10, F
;math.ppas,595 :: 		
$0036	$0877			MOVF	STACK_7, W
;math.ppas,596 :: 		
$0037	$1803			BTFSC	STATUS, C
;math.ppas,597 :: 		
$0038	$0F77			INCFSZ	STACK_7, W
;math.ppas,599 :: 		
$0039	$07FB			ADDWF	STACK_11, F
;math.ppas,600 :: 		
$003A	$	SOK22LA:
;math.ppas,602 :: 		
$003A	$0DF3			RLF	STACK_3, F
;math.ppas,603 :: 		
$003B	$0BFC			DECFSZ	STACK_12, F
;math.ppas,605 :: 		
$003C	$2817			GOTO	LOOPS3232A
;math.ppas,606 :: 		
$003D	$0D72			RLF	STACK_2, W
;math.ppas,607 :: 		
$003E	$0DF8			RLF	STACK_8, F
;math.ppas,608 :: 		
$003F	$0DF9			RLF	STACK_9, F
;math.ppas,609 :: 		
$0040	$0DFA			RLF	STACK_10, F
;math.ppas,610 :: 		
$0041	$0DFB			RLF	STACK_11, F
;math.ppas,611 :: 		
$0042	$0874			MOVF	STACK_4, W
;math.ppas,612 :: 		
$0043	$1C73			BTFSS	STACK_3, 0
;math.ppas,614 :: 		
$0044	$2853			GOTO	SADD22L8
;math.ppas,615 :: 		
$0045	$02F8			SUBWF	STACK_8, F
;math.ppas,616 :: 		
$0046	$0875			MOVF	STACK_5, W
;math.ppas,617 :: 		
$0047	$1C03			BTFSS	STATUS, C
;math.ppas,618 :: 		
$0048	$0F75			INCFSZ	STACK_5, W
;math.ppas,619 :: 		
$0049	$02F9			SUBWF	STACK_9, F
;math.ppas,620 :: 		
$004A	$0876			MOVF	STACK_6, W
;math.ppas,621 :: 		
$004B	$1C03			BTFSS	STATUS, C
;math.ppas,622 :: 		
$004C	$0F76			INCFSZ	STACK_6, W
;math.ppas,623 :: 		
$004D	$02FA			SUBWF	STACK_10, F
;math.ppas,624 :: 		
$004E	$0877			MOVF	STACK_7, W
;math.ppas,625 :: 		
$004F	$1C03			BTFSS	STATUS, C
;math.ppas,626 :: 		
$0050	$0F77			INCFSZ	STACK_7, W
;math.ppas,627 :: 		
$0051	$02FB			SUBWF	STACK_11, F
;math.ppas,629 :: 		
$0052	$2860			GOTO	SOK22L8
;math.ppas,630 :: 		
$0053	$	SADD22L8:
;math.ppas,631 :: 		
$0053	$07F8			ADDWF	STACK_8, F
;math.ppas,632 :: 		
$0054	$0875			MOVF	STACK_5, W
;math.ppas,633 :: 		
$0055	$1803			BTFSC	STATUS, C
;math.ppas,634 :: 		
$0056	$0F75			INCFSZ	STACK_5, W
;math.ppas,635 :: 		
$0057	$07F9			ADDWF	STACK_9, F
;math.ppas,636 :: 		
$0058	$0876			MOVF	STACK_6, W
;math.ppas,637 :: 		
$0059	$1803			BTFSC	STATUS, C
;math.ppas,638 :: 		
$005A	$0F76			INCFSZ	STACK_6, W
;math.ppas,639 :: 		
$005B	$07FA			ADDWF	STACK_10, F
;math.ppas,640 :: 		
$005C	$0877			MOVF	STACK_7, W
;math.ppas,641 :: 		
$005D	$1803			BTFSC	STATUS, C
;math.ppas,642 :: 		
$005E	$0F77			INCFSZ	STACK_7, W
;math.ppas,644 :: 		
$005F	$07FB			ADDWF	STACK_11, F
;math.ppas,645 :: 		
$0060	$	SOK22L8:
;math.ppas,647 :: 		
$0060	$0DF2			RLF	STACK_2, F
;math.ppas,648 :: 		
$0061	$3007			MOVLW	7
;math.ppas,650 :: 		
$0062	$00FC			MOVWF	STACK_12
;math.ppas,651 :: 		
$0063	$	LOOPS3232B:
;math.ppas,652 :: 		
$0063	$0D72			RLF	STACK_2, W
;math.ppas,653 :: 		
$0064	$0DF8			RLF	STACK_8, F
;math.ppas,654 :: 		
$0065	$0DF9			RLF	STACK_9, F
;math.ppas,655 :: 		
$0066	$0DFA			RLF	STACK_10, F
;math.ppas,656 :: 		
$0067	$0DFB			RLF	STACK_11, F
;math.ppas,657 :: 		
$0068	$0874			MOVF	STACK_4, W
;math.ppas,658 :: 		
$0069	$1C72			BTFSS	STACK_2, 0
;math.ppas,660 :: 		
$006A	$2879			GOTO	SADD22LB
;math.ppas,661 :: 		
$006B	$02F8			SUBWF	STACK_8, F
;math.ppas,662 :: 		
$006C	$0875			MOVF	STACK_5, W
;math.ppas,663 :: 		
$006D	$1C03			BTFSS	STATUS, C
;math.ppas,664 :: 		
$006E	$0F75			INCFSZ	STACK_5, W
;math.ppas,665 :: 		
$006F	$02F9			SUBWF	STACK_9, F
;math.ppas,666 :: 		
$0070	$0876			MOVF	STACK_6, W
;math.ppas,667 :: 		
$0071	$1C03			BTFSS	STATUS, C
;math.ppas,668 :: 		
$0072	$0F76			INCFSZ	STACK_6, W
;math.ppas,669 :: 		
$0073	$02FA			SUBWF	STACK_10, F
;math.ppas,670 :: 		
$0074	$0877			MOVF	STACK_7, W
;math.ppas,671 :: 		
$0075	$1C03			BTFSS	STATUS, C
;math.ppas,672 :: 		
$0076	$0F77			INCFSZ	STACK_7, W
;math.ppas,673 :: 		
$0077	$02FB			SUBWF	STACK_11, F
;math.ppas,675 :: 		
$0078	$2886			GOTO	SOK22LB
;math.ppas,676 :: 		
$0079	$	SADD22LB:
;math.ppas,677 :: 		
$0079	$07F8			ADDWF	STACK_8, F
;math.ppas,678 :: 		
$007A	$0875			MOVF	STACK_5, W
;math.ppas,679 :: 		
$007B	$1803			BTFSC	STATUS, C
;math.ppas,680 :: 		
$007C	$0F75			INCFSZ	STACK_5, W
;math.ppas,681 :: 		
$007D	$07F9			ADDWF	STACK_9, F
;math.ppas,682 :: 		
$007E	$0876			MOVF	STACK_6, W
;math.ppas,683 :: 		
$007F	$1803			BTFSC	STATUS, C
;math.ppas,684 :: 		
$0080	$0F76			INCFSZ	STACK_6, W
;math.ppas,685 :: 		
$0081	$07FA			ADDWF	STACK_10, F
;math.ppas,686 :: 		
$0082	$0877			MOVF	STACK_7, W
;math.ppas,687 :: 		
$0083	$1803			BTFSC	STATUS, C
;math.ppas,688 :: 		
$0084	$0F77			INCFSZ	STACK_7, W
;math.ppas,690 :: 		
$0085	$07FB			ADDWF	STACK_11, F
;math.ppas,691 :: 		
$0086	$	SOK22LB:
;math.ppas,693 :: 		
$0086	$0DF2			RLF	STACK_2, F
;math.ppas,694 :: 		
$0087	$0BFC			DECFSZ	STACK_12, F
;math.ppas,696 :: 		
$0088	$2863			GOTO	LOOPS3232B
;math.ppas,697 :: 		
$0089	$0D71			RLF	STACK_1, W
;math.ppas,698 :: 		
$008A	$0DF8			RLF	STACK_8, F
;math.ppas,699 :: 		
$008B	$0DF9			RLF	STACK_9, F
;math.ppas,700 :: 		
$008C	$0DFA			RLF	STACK_10, F
;math.ppas,701 :: 		
$008D	$0DFB			RLF	STACK_11, F
;math.ppas,702 :: 		
$008E	$0874			MOVF	STACK_4, W
;math.ppas,703 :: 		
$008F	$1C72			BTFSS	STACK_2, 0
;math.ppas,705 :: 		
$0090	$289F			GOTO	SADD22L16
;math.ppas,706 :: 		
$0091	$02F8			SUBWF	STACK_8, F
;math.ppas,707 :: 		
$0092	$0875			MOVF	STACK_5, W
;math.ppas,708 :: 		
$0093	$1C03			BTFSS	STATUS, C
;math.ppas,709 :: 		
$0094	$0F75			INCFSZ	STACK_5, W
;math.ppas,710 :: 		
$0095	$02F9			SUBWF	STACK_9, F
;math.ppas,711 :: 		
$0096	$0876			MOVF	STACK_6, W
;math.ppas,712 :: 		
$0097	$1C03			BTFSS	STATUS, C
;math.ppas,713 :: 		
$0098	$0F76			INCFSZ	STACK_6, W
;math.ppas,714 :: 		
$0099	$02FA			SUBWF	STACK_10, F
;math.ppas,715 :: 		
$009A	$0877			MOVF	STACK_7, W
;math.ppas,716 :: 		
$009B	$1C03			BTFSS	STATUS, C
;math.ppas,717 :: 		
$009C	$0F77			INCFSZ	STACK_7, W
;math.ppas,718 :: 		
$009D	$02FB			SUBWF	STACK_11, F
;math.ppas,720 :: 		
$009E	$28AC			GOTO	SOK22L16
;math.ppas,721 :: 		
$009F	$	SADD22L16:
;math.ppas,722 :: 		
$009F	$07F8			ADDWF	STACK_8, F
;math.ppas,723 :: 		
$00A0	$0875			MOVF	STACK_5, W
;math.ppas,724 :: 		
$00A1	$1803			BTFSC	STATUS, C
;math.ppas,725 :: 		
$00A2	$0F75			INCFSZ	STACK_5, W
;math.ppas,726 :: 		
$00A3	$07F9			ADDWF	STACK_9, F
;math.ppas,727 :: 		
$00A4	$0876			MOVF	STACK_6, W
;math.ppas,728 :: 		
$00A5	$1803			BTFSC	STATUS, C
;math.ppas,729 :: 		
$00A6	$0F76			INCFSZ	STACK_6, W
;math.ppas,730 :: 		
$00A7	$07FA			ADDWF	STACK_10, F
;math.ppas,731 :: 		
$00A8	$0877			MOVF	STACK_7, W
;math.ppas,732 :: 		
$00A9	$1803			BTFSC	STATUS, C
;math.ppas,733 :: 		
$00AA	$0F77			INCFSZ	STACK_7, W
;math.ppas,735 :: 		
$00AB	$07FB			ADDWF	STACK_11, F
;math.ppas,736 :: 		
$00AC	$	SOK22L16:
;math.ppas,738 :: 		
$00AC	$0DF1			RLF	STACK_1, F
;math.ppas,739 :: 		
$00AD	$3007			MOVLW	7
;math.ppas,741 :: 		
$00AE	$00FC			MOVWF	STACK_12
;math.ppas,742 :: 		
$00AF	$	LOOPS3232C:
;math.ppas,743 :: 		
$00AF	$0D71			RLF	STACK_1, W
;math.ppas,744 :: 		
$00B0	$0DF8			RLF	STACK_8, F
;math.ppas,745 :: 		
$00B1	$0DF9			RLF	STACK_9, F
;math.ppas,746 :: 		
$00B2	$0DFA			RLF	STACK_10, F
;math.ppas,747 :: 		
$00B3	$0DFB			RLF	STACK_11, F
;math.ppas,748 :: 		
$00B4	$0874			MOVF	STACK_4, W
;math.ppas,749 :: 		
$00B5	$1C71			BTFSS	STACK_1, 0
;math.ppas,751 :: 		
$00B6	$28C5			GOTO	SADD22LC
;math.ppas,752 :: 		
$00B7	$02F8			SUBWF	STACK_8, F
;math.ppas,753 :: 		
$00B8	$0875			MOVF	STACK_5, W
;math.ppas,754 :: 		
$00B9	$1C03			BTFSS	STATUS, C
;math.ppas,755 :: 		
$00BA	$0F75			INCFSZ	STACK_5, W
;math.ppas,756 :: 		
$00BB	$02F9			SUBWF	STACK_9, F
;math.ppas,757 :: 		
$00BC	$0876			MOVF	STACK_6, W
;math.ppas,758 :: 		
$00BD	$1C03			BTFSS	STATUS, C
;math.ppas,759 :: 		
$00BE	$0F76			INCFSZ	STACK_6, W
;math.ppas,760 :: 		
$00BF	$02FA			SUBWF	STACK_10, F
;math.ppas,761 :: 		
$00C0	$0877			MOVF	STACK_7, W
;math.ppas,762 :: 		
$00C1	$1C03			BTFSS	STATUS, C
;math.ppas,763 :: 		
$00C2	$0F77			INCFSZ	STACK_7, W
;math.ppas,764 :: 		
$00C3	$02FB			SUBWF	STACK_11, F
;math.ppas,766 :: 		
$00C4	$28D2			GOTO	SOK22LC
;math.ppas,767 :: 		
$00C5	$	SADD22LC:
;math.ppas,768 :: 		
$00C5	$07F8			ADDWF	STACK_8, F
;math.ppas,769 :: 		
$00C6	$0875			MOVF	STACK_5, W
;math.ppas,770 :: 		
$00C7	$1803			BTFSC	STATUS, C
;math.ppas,771 :: 		
$00C8	$0F75			INCFSZ	STACK_5, W
;math.ppas,772 :: 		
$00C9	$07F9			ADDWF	STACK_9, F
;math.ppas,773 :: 		
$00CA	$0876			MOVF	STACK_6, W
;math.ppas,774 :: 		
$00CB	$1803			BTFSC	STATUS, C
;math.ppas,775 :: 		
$00CC	$0F76			INCFSZ	STACK_6, W
;math.ppas,776 :: 		
$00CD	$07FA			ADDWF	STACK_10, F
;math.ppas,777 :: 		
$00CE	$0877			MOVF	STACK_7, W
;math.ppas,778 :: 		
$00CF	$1803			BTFSC	STATUS, C
;math.ppas,779 :: 		
$00D0	$0F77			INCFSZ	STACK_7, W
;math.ppas,781 :: 		
$00D1	$07FB			ADDWF	STACK_11, F
;math.ppas,782 :: 		
$00D2	$	SOK22LC:
;math.ppas,784 :: 		
$00D2	$0DF1			RLF	STACK_1, F
;math.ppas,785 :: 		
$00D3	$0BFC			DECFSZ	STACK_12, F
;math.ppas,787 :: 		
$00D4	$28AF			GOTO	LOOPS3232C
;math.ppas,788 :: 		
$00D5	$0D70			RLF	STACK_0, W
;math.ppas,789 :: 		
$00D6	$0DF8			RLF	STACK_8, F
;math.ppas,790 :: 		
$00D7	$0DF9			RLF	STACK_9, F
;math.ppas,791 :: 		
$00D8	$0DFA			RLF	STACK_10, F
;math.ppas,792 :: 		
$00D9	$0DFB			RLF	STACK_11, F
;math.ppas,793 :: 		
$00DA	$0874			MOVF	STACK_4, W
;math.ppas,794 :: 		
$00DB	$1C71			BTFSS	STACK_1, 0
;math.ppas,796 :: 		
$00DC	$28EB			GOTO	SADD22L24
;math.ppas,797 :: 		
$00DD	$02F8			SUBWF	STACK_8, F
;math.ppas,798 :: 		
$00DE	$0875			MOVF	STACK_5, W
;math.ppas,799 :: 		
$00DF	$1C03			BTFSS	STATUS, C
;math.ppas,800 :: 		
$00E0	$0F75			INCFSZ	STACK_5, W
;math.ppas,801 :: 		
$00E1	$02F9			SUBWF	STACK_9, F
;math.ppas,802 :: 		
$00E2	$0876			MOVF	STACK_6, W
;math.ppas,803 :: 		
$00E3	$1C03			BTFSS	STATUS, C
;math.ppas,804 :: 		
$00E4	$0F76			INCFSZ	STACK_6, W
;math.ppas,805 :: 		
$00E5	$02FA			SUBWF	STACK_10, F
;math.ppas,806 :: 		
$00E6	$0877			MOVF	STACK_7, W
;math.ppas,807 :: 		
$00E7	$1C03			BTFSS	STATUS, C
;math.ppas,808 :: 		
$00E8	$0F77			INCFSZ	STACK_7, W
;math.ppas,809 :: 		
$00E9	$02FB			SUBWF	STACK_11, F
;math.ppas,811 :: 		
$00EA	$28F8			GOTO	SOK22L24
;math.ppas,812 :: 		
$00EB	$	SADD22L24:
;math.ppas,813 :: 		
$00EB	$07F8			ADDWF	STACK_8, F
;math.ppas,814 :: 		
$00EC	$0875			MOVF	STACK_5, W
;math.ppas,815 :: 		
$00ED	$1803			BTFSC	STATUS, C
;math.ppas,816 :: 		
$00EE	$0F75			INCFSZ	STACK_5, W
;math.ppas,817 :: 		
$00EF	$07F9			ADDWF	STACK_9, F
;math.ppas,818 :: 		
$00F0	$0876			MOVF	STACK_6, W
;math.ppas,819 :: 		
$00F1	$1803			BTFSC	STATUS, C
;math.ppas,820 :: 		
$00F2	$0F76			INCFSZ	STACK_6, W
;math.ppas,821 :: 		
$00F3	$07FA			ADDWF	STACK_10, F
;math.ppas,822 :: 		
$00F4	$0877			MOVF	STACK_7, W
;math.ppas,823 :: 		
$00F5	$1803			BTFSC	STATUS, C
;math.ppas,824 :: 		
$00F6	$0F77			INCFSZ	STACK_7, W
;math.ppas,826 :: 		
$00F7	$07FB			ADDWF	STACK_11, F
;math.ppas,827 :: 		
$00F8	$	SOK22L24:
;math.ppas,829 :: 		
$00F8	$0DF0			RLF	STACK_0, F
;math.ppas,830 :: 		
$00F9	$3007			MOVLW	7
;math.ppas,832 :: 		
$00FA	$00FC			MOVWF	STACK_12
;math.ppas,833 :: 		
$00FB	$	LOOPS3232D:
;math.ppas,834 :: 		
$00FB	$0D70			RLF	STACK_0, W
;math.ppas,835 :: 		
$00FC	$0DF8			RLF	STACK_8, F
;math.ppas,836 :: 		
$00FD	$0DF9			RLF	STACK_9, F
;math.ppas,837 :: 		
$00FE	$0DFA			RLF	STACK_10, F
;math.ppas,838 :: 		
$00FF	$0DFB			RLF	STACK_11, F
;math.ppas,839 :: 		
$0100	$0874			MOVF	STACK_4, W
;math.ppas,840 :: 		
$0101	$1C70			BTFSS	STACK_0, 0
;math.ppas,842 :: 		
$0102	$2911			GOTO	SADD22LD
;math.ppas,843 :: 		
$0103	$02F8			SUBWF	STACK_8, F
;math.ppas,844 :: 		
$0104	$0875			MOVF	STACK_5, W
;math.ppas,845 :: 		
$0105	$1C03			BTFSS	STATUS, C
;math.ppas,846 :: 		
$0106	$0F75			INCFSZ	STACK_5, W
;math.ppas,847 :: 		
$0107	$02F9			SUBWF	STACK_9, F
;math.ppas,848 :: 		
$0108	$0876			MOVF	STACK_6, W
;math.ppas,849 :: 		
$0109	$1C03			BTFSS	STATUS, C
;math.ppas,850 :: 		
$010A	$0F76			INCFSZ	STACK_6, W
;math.ppas,851 :: 		
$010B	$02FA			SUBWF	STACK_10, F
;math.ppas,852 :: 		
$010C	$0877			MOVF	STACK_7, W
;math.ppas,853 :: 		
$010D	$1C03			BTFSS	STATUS, C
;math.ppas,854 :: 		
$010E	$0F77			INCFSZ	STACK_7, W
;math.ppas,855 :: 		
$010F	$02FB			SUBWF	STACK_11, F
;math.ppas,857 :: 		
$0110	$291E			GOTO	SOK22LD
;math.ppas,858 :: 		
$0111	$	SADD22LD:
;math.ppas,859 :: 		
$0111	$07F8			ADDWF	STACK_8, F
;math.ppas,860 :: 		
$0112	$0875			MOVF	STACK_5, W
;math.ppas,861 :: 		
$0113	$1803			BTFSC	STATUS, C
;math.ppas,862 :: 		
$0114	$0F75			INCFSZ	STACK_5, W
;math.ppas,863 :: 		
$0115	$07F9			ADDWF	STACK_9, F
;math.ppas,864 :: 		
$0116	$0876			MOVF	STACK_6, W
;math.ppas,865 :: 		
$0117	$1803			BTFSC	STATUS, C
;math.ppas,866 :: 		
$0118	$0F76			INCFSZ	STACK_6, W
;math.ppas,867 :: 		
$0119	$07FA			ADDWF	STACK_10, F
;math.ppas,868 :: 		
$011A	$0877			MOVF	STACK_7, W
;math.ppas,870 :: 		
$011B	$1803			BTFSC	STATUS, C
;math.ppas,871 :: 		
$011C	$0F77			INCFSZ	STACK_7, W
;math.ppas,873 :: 		
$011D	$07FB			ADDWF	STACK_11, F
;math.ppas,874 :: 		
$011E	$	SOK22LD:
;math.ppas,876 :: 		
$011E	$0DF0			RLF	STACK_0, F
;math.ppas,877 :: 		
$011F	$0BFC			DECFSZ	STACK_12, F
;math.ppas,879 :: 		
$0120	$28FB			GOTO	LOOPS3232D
;math.ppas,880 :: 		
$0121	$1870			BTFSC	STACK_0, 0
;math.ppas,881 :: 		
$0122	$2931			GOTO	SOK22L
;math.ppas,882 :: 		
$0123	$0874			MOVF	STACK_4, W
;math.ppas,883 :: 		
$0124	$07F8			ADDWF	STACK_8, F
;math.ppas,884 :: 		
$0125	$0875			MOVF	STACK_5, W
;math.ppas,885 :: 		
$0126	$1803			BTFSC	STATUS, C
;math.ppas,886 :: 		
$0127	$0F75			INCFSZ	STACK_5, W
;math.ppas,887 :: 		
$0128	$07F9			ADDWF	STACK_9, F
;math.ppas,888 :: 		
$0129	$0876			MOVF	STACK_6, W
;math.ppas,889 :: 		
$012A	$1803			BTFSC	STATUS, C
;math.ppas,890 :: 		
$012B	$0F76			INCFSZ	STACK_6, W
;math.ppas,891 :: 		
$012C	$07FA			ADDWF	STACK_10, F
;math.ppas,892 :: 		
$012D	$0877			MOVF	STACK_7, W
;math.ppas,893 :: 		
$012E	$1803			BTFSC	STATUS, C
;math.ppas,894 :: 		
$012F	$0F77			INCFSZ	STACK_7, W
;math.ppas,895 :: 		
$0130	$07FB			ADDWF	STACK_11, F
;math.ppas,896 :: 		
$0131	$	SOK22L:
;math.ppas,897 :: 		
$0131	$	math_L_9:
;math.ppas,898 :: 		
$0131	$0008			RETURN
$040D	$	_comfrem:
$040D	$1303			BCF	STATUS, RP1
$040E	$1283			BCF	STATUS, RP0
;math.ppas,901 :: 		
;math.ppas,903 :: 		
$040F	$09FB			COMF	STACK_11, F
;math.ppas,904 :: 		
$0410	$09FA			COMF	STACK_10, F
;math.ppas,905 :: 		
$0411	$09F9			COMF	STACK_9, F
;math.ppas,906 :: 		
$0412	$09F8			COMF	STACK_8, F
;math.ppas,907 :: 		
$0413	$0AF8			INCF	STACK_8, F
;math.ppas,908 :: 		
$0414	$1903			BTFSC	STATUS, Z
;math.ppas,909 :: 		
$0415	$0AF9			INCF	STACK_9, F
;math.ppas,910 :: 		
$0416	$1903			BTFSC	STATUS, Z
;math.ppas,911 :: 		
$0417	$0AFA			INCF	STACK_10, F
;math.ppas,912 :: 		
$0418	$1903			BTFSC	STATUS, Z
;math.ppas,913 :: 		
$0419	$0AFB			INCF	STACK_11, F
;math.ppas,914 :: 		
$041A	$	math_L_10:
;math.ppas,915 :: 		
$041A	$0008			RETURN
$041B	$	_usart_data_ready:
;USART_c67.ppas,48 :: 		
;USART_c67.ppas,50 :: 		
$041B	$1303			BCF	STATUS, RP1
$041C	$1283			BCF	STATUS, RP0
$041D	$080C			MOVF	PIR1, 0
$041E	$00F1			MOVWF	STACK_1
$041F	$3000			MOVLW	0
$0420	$1AF1			BTFSC	STACK_1, 5
$0421	$3001			MOVLW	1
$0422	$00F1			MOVWF	STACK_1
$0423	$0871			MOVF	STACK_1, 0
$0424	$00C0			MOVWF	_usart_data_ready_local_result
$0425	$	USART_c67_L_18:
;USART_c67.ppas,51 :: 		
$0425	$0840			MOVF	_usart_data_ready_local_result, 0
$0426	$00F0			MOVWF	STACK_0
$0427	$0008			RETURN
$03E8	$	_usart_read:
;USART_c67.ppas,54 :: 		
;USART_c67.ppas,55 :: 		
$03E8	$1303			BCF	STATUS, RP1
$03E9	$1283			BCF	STATUS, RP0
$03EA	$081A			MOVF	RCREG, 0
$03EB	$00C0			MOVWF	_usart_read_local_result
;USART_c67.ppas,61 :: 		
$03EC	$0818			MOVF	RCSTA, 0
$03ED	$00F1			MOVWF	STACK_1
$03EE	$3000			MOVLW	0
$03EF	$18F1			BTFSC	STACK_1, 1
$03F0	$3001			MOVLW	1
$03F1	$00F1			MOVWF	STACK_1
$03F2	$0871			MOVF	STACK_1, 0
$03F3	$3A01			XORLW	1
$03F4	$1D03			BTFSS	STATUS, Z
$03F5	$2BF8			GOTO	USART_c67_L_21
$03F6	$	USART_c67_L_20:
;USART_c67.ppas,63 :: 		
$03F6	$1218			BCF	RCSTA, 4
$03F7	$	USART_c67_L_24:
;USART_c67.ppas,64 :: 		
$03F7	$	USART_c67_L_25:
$03F7	$1618			BSF	RCSTA, 4
$03F8	$	USART_c67_L_26:
;USART_c67.ppas,65 :: 		
$03F8	$	USART_c67_L_21:
$03F8	$	USART_c67_L_22:
$03F8	$	USART_c67_L_19:
;USART_c67.ppas,66 :: 		
$03F8	$0840			MOVF	_usart_read_local_result, 0
$03F9	$00F0			MOVWF	STACK_0
$03FA	$0008			RETURN
$032E	$	_mul_32x32_s:
$032E	$1303			BCF	STATUS, RP1
$032F	$1283			BCF	STATUS, RP0
;math.ppas,1675 :: 		
;math.ppas,1680 :: 		
$0330	$01FD			CLRF	STACK_13
;math.ppas,1683 :: 		
$0331	$	_IF_FIRST:
;math.ppas,1684 :: 		
$0331	$1FF3			BTFSS	STACK_3, 7
;math.ppas,1686 :: 		
$0332	$2B40			GOTO	_IF_SECOND
;math.ppas,1691 :: 		
$0333	$	_INVERCE_FIRST:
;math.ppas,1692 :: 		
$0333	$09F0			COMF	STACK_0, F
;math.ppas,1693 :: 		
$0334	$09F1			COMF	STACK_1, F
;math.ppas,1694 :: 		
$0335	$09F2			COMF	STACK_2, F
;math.ppas,1701 :: 		
$0336	$09F3			COMF	STACK_3, F
;math.ppas,1702 :: 		
$0337	$0AF0			INCF	STACK_0, F
;math.ppas,1703 :: 		
$0338	$1903			BTFSC	STATUS, Z
;math.ppas,1704 :: 		
$0339	$0AF1			INCF	STACK_1, F
;math.ppas,1705 :: 		
$033A	$1903			BTFSC	STATUS, Z
;math.ppas,1706 :: 		
$033B	$0AF2			INCF	STACK_2, F
;math.ppas,1707 :: 		
$033C	$1903			BTFSC	STATUS, Z
;math.ppas,1708 :: 		
$033D	$0AF3			INCF	STACK_3, F
;math.ppas,1709 :: 		
$033E	$3081			MOVLW	129
;math.ppas,1711 :: 		
$033F	$07FD			ADDWF	STACK_13, F
;math.ppas,1714 :: 		
$0340	$	_IF_SECOND:
;math.ppas,1715 :: 		
$0340	$1FF7			BTFSS	STACK_7, 7
;math.ppas,1717 :: 		
$0341	$2B4E			GOTO	_MULT
;math.ppas,1722 :: 		
$0342	$	_INBERSE_SECOND:
;math.ppas,1723 :: 		
$0342	$09F4			COMF	STACK_4, F
;math.ppas,1724 :: 		
$0343	$09F5			COMF	STACK_5, F
;math.ppas,1725 :: 		
$0344	$09F6			COMF	STACK_6, F
;math.ppas,1732 :: 		
$0345	$09F7			COMF	STACK_7, F
;math.ppas,1733 :: 		
$0346	$0AF4			INCF	STACK_4, F
;math.ppas,1734 :: 		
$0347	$1903			BTFSC	STATUS, Z
;math.ppas,1735 :: 		
$0348	$0AF5			INCF	STACK_5, F
;math.ppas,1736 :: 		
$0349	$1903			BTFSC	STATUS, Z
;math.ppas,1737 :: 		
$034A	$0AF6			INCF	STACK_6, F
;math.ppas,1738 :: 		
$034B	$1903			BTFSC	STATUS, Z
;math.ppas,1739 :: 		
$034C	$0AF7			INCF	STACK_7, F
;math.ppas,1741 :: 		
$034D	$0AFD			INCF	STACK_13, F
;math.ppas,1742 :: 		
$034E	$	_MULT:
;math.ppas,1744 :: 		
$034E	$2369			CALL	_mul_32x32_u
;math.ppas,1748 :: 		
$034F	$1C7D			BTFSS	STACK_13, 0
;math.ppas,1754 :: 		
$0350	$2B68			GOTO	_EXIT
;math.ppas,1755 :: 		
$0351	$09F0			COMF	STACK_0, F
;math.ppas,1756 :: 		
$0352	$09F1			COMF	STACK_1, F
;math.ppas,1757 :: 		
$0353	$09F2			COMF	STACK_2, F
;math.ppas,1763 :: 		
$0354	$09F3			COMF	STACK_3, F
;math.ppas,1764 :: 		
$0355	$09F8			COMF	STACK_8, F
;math.ppas,1765 :: 		
$0356	$09F9			COMF	STACK_9, F
;math.ppas,1766 :: 		
$0357	$09FA			COMF	STACK_10, F
;math.ppas,1776 :: 		
$0358	$09FB			COMF	STACK_11, F
;math.ppas,1777 :: 		
$0359	$0AF0			INCF	STACK_0, F
;math.ppas,1778 :: 		
$035A	$1903			BTFSC	STATUS, Z
;math.ppas,1779 :: 		
$035B	$0AF1			INCF	STACK_1, F
;math.ppas,1780 :: 		
$035C	$1903			BTFSC	STATUS, Z
;math.ppas,1781 :: 		
$035D	$0AF2			INCF	STACK_2, F
;math.ppas,1782 :: 		
$035E	$1903			BTFSC	STATUS, Z
;math.ppas,1783 :: 		
$035F	$0AF3			INCF	STACK_3, F
;math.ppas,1784 :: 		
$0360	$1903			BTFSC	STATUS, Z
;math.ppas,1785 :: 		
$0361	$0AF8			INCF	STACK_8, F
;math.ppas,1786 :: 		
$0362	$1903			BTFSC	STATUS, Z
;math.ppas,1787 :: 		
$0363	$0AF9			INCF	STACK_9, F
;math.ppas,1788 :: 		
$0364	$1903			BTFSC	STATUS, Z
;math.ppas,1789 :: 		
$0365	$0AFA			INCF	STACK_10, F
;math.ppas,1790 :: 		
$0366	$1903			BTFSC	STATUS, Z
;math.ppas,1791 :: 		
$0367	$0AFB			INCF	STACK_11, F
;math.ppas,1792 :: 		
$0368	$	_EXIT:
;math.ppas,1793 :: 		
$0368	$	math_L_14:
;math.ppas,1794 :: 		
$0368	$0008			RETURN
$03A0	$	_div_16x16_u:
$03A0	$1303			BCF	STATUS, RP1
$03A1	$1283			BCF	STATUS, RP0
;math.ppas,108 :: 		
;math.ppas,110 :: 		
$03A2	$01F8			CLRF	STACK_8
;math.ppas,111 :: 		
$03A3	$01F9			CLRF	STACK_9
;math.ppas,112 :: 		
$03A4	$3010			MOVLW	16
;math.ppas,113 :: 		
$03A5	$00FC			MOVWF	STACK_12
;math.ppas,114 :: 		
$03A6	$0D71			RLF	STACK_1, W
;math.ppas,115 :: 		
$03A7	$0DF8			RLF	STACK_8, F
;math.ppas,116 :: 		
$03A8	$0DF9			RLF	STACK_9, F
;math.ppas,117 :: 		
$03A9	$0874			MOVF	STACK_4, W
;math.ppas,118 :: 		
$03AA	$02F8			SUBWF	STACK_8, F
;math.ppas,119 :: 		
$03AB	$0875			MOVF	STACK_5, W
;math.ppas,120 :: 		
$03AC	$1C03			BTFSS	STATUS, C
;math.ppas,121 :: 		
$03AD	$0F75			INCFSZ	STACK_5, W
;math.ppas,122 :: 		
$03AE	$02F9			SUBWF	STACK_9, F
;math.ppas,123 :: 		
$03AF	$1803			BTFSC	STATUS, C
;math.ppas,124 :: 		
$03B0	$2BB8			GOTO	$+8
;math.ppas,125 :: 		
$03B1	$0874			MOVF	STACK_4, W
;math.ppas,126 :: 		
$03B2	$07F8			ADDWF	STACK_8, F
;math.ppas,127 :: 		
$03B3	$0875			MOVF	STACK_5, W
;math.ppas,128 :: 		
$03B4	$1803			BTFSC	STATUS, C
;math.ppas,129 :: 		
$03B5	$0F75			INCFSZ	STACK_5, W
;math.ppas,130 :: 		
$03B6	$07F9			ADDWF	STACK_9, F
;math.ppas,131 :: 		
$03B7	$1003			BCF	STATUS, C
;math.ppas,132 :: 		
$03B8	$0DF0			RLF	STACK_0, F
;math.ppas,133 :: 		
$03B9	$0DF1			RLF	STACK_1, F
;math.ppas,134 :: 		
$03BA	$0BFC			DECFSZ	STACK_12, F
;math.ppas,135 :: 		
$03BB	$2BA6			GOTO	$-21
;math.ppas,136 :: 		
$03BC	$	math_L_3:
;math.ppas,137 :: 		
$03BC	$0008			RETURN
$01F4	$	_div_32x32_s:
$01F4	$1303			BCF	STATUS, RP1
$01F5	$1283			BCF	STATUS, RP0
;math.ppas,925 :: 		
;math.ppas,928 :: 		
$01F6	$	FXD3232S:
;math.ppas,929 :: 		
$01F6	$01FC			CLRF	STACK_12
;math.ppas,930 :: 		
$01F7	$1BF7			BTFSC	STACK_7, 7
;math.ppas,932 :: 		
$01F8	$0AFC			INCF	STACK_12, F
;math.ppas,933 :: 		
$01F9	$01FD			CLRF	STACK_13
;math.ppas,934 :: 		
$01FA	$01FB			CLRF	STACK_11
;math.ppas,935 :: 		
$01FB	$01FA			CLRF	STACK_10
;math.ppas,936 :: 		
$01FC	$01F9			CLRF	STACK_9
;math.ppas,937 :: 		
$01FD	$01F8			CLRF	STACK_8
;math.ppas,938 :: 		
$01FE	$0873			MOVF	STACK_3, W
;math.ppas,939 :: 		
$01FF	$0472			IORWF	STACK_2, W
;math.ppas,940 :: 		
$0200	$0471			IORWF	STACK_1, W
;math.ppas,941 :: 		
$0201	$0470			IORWF	STACK_0, W
;math.ppas,942 :: 		
$0202	$1903			BTFSC	STATUS, Z
;math.ppas,943 :: 		
$0203	$2A88			GOTO	END_ALL
;math.ppas,944 :: 		
$0204	$0873			MOVF	STACK_3, W
;math.ppas,945 :: 		
$0205	$0677			XORWF	STACK_7, W
;math.ppas,946 :: 		
$0206	$00A0			MOVWF	MATH___MATH_TEMPB
;math.ppas,947 :: 		
$0207	$1BA0			BTFSC	MATH___MATH_TEMPB, 7
;math.ppas,951 :: 		
$0208	$09FD			COMF	STACK_13, F
;math.ppas,952 :: 		
$0209	$1FF7			BTFSS	STACK_7, 7
;math.ppas,954 :: 		
$020A	$2A16			GOTO	CA3232S
;math.ppas,955 :: 		
$020B	$09F4			COMF	STACK_4, F
;math.ppas,956 :: 		
$020C	$09F5			COMF	STACK_5, F
;math.ppas,957 :: 		
$020D	$09F6			COMF	STACK_6, F
;math.ppas,958 :: 		
$020E	$09F7			COMF	STACK_7, F
;math.ppas,959 :: 		
$020F	$0AF4			INCF	STACK_4, F
;math.ppas,960 :: 		
$0210	$1903			BTFSC	STATUS, Z
;math.ppas,961 :: 		
$0211	$0AF5			INCF	STACK_5, F
;math.ppas,962 :: 		
$0212	$1903			BTFSC	STATUS, Z
;math.ppas,963 :: 		
$0213	$0AF6			INCF	STACK_6, F
;math.ppas,964 :: 		
$0214	$1903			BTFSC	STATUS, Z
;math.ppas,966 :: 		
$0215	$0AF7			INCF	STACK_7, F
;math.ppas,967 :: 		
$0216	$	CA3232S:
;math.ppas,968 :: 		
$0216	$1FF3			BTFSS	STACK_3, 7
;math.ppas,970 :: 		
$0217	$2A23			GOTO	C3232SX
;math.ppas,971 :: 		
$0218	$09F0			COMF	STACK_0, F
;math.ppas,972 :: 		
$0219	$09F1			COMF	STACK_1, F
;math.ppas,973 :: 		
$021A	$09F2			COMF	STACK_2, F
;math.ppas,974 :: 		
$021B	$09F3			COMF	STACK_3, F
;math.ppas,975 :: 		
$021C	$0AF0			INCF	STACK_0, F
;math.ppas,976 :: 		
$021D	$1903			BTFSC	STATUS, Z
;math.ppas,977 :: 		
$021E	$0AF1			INCF	STACK_1, F
;math.ppas,978 :: 		
$021F	$1903			BTFSC	STATUS, Z
;math.ppas,979 :: 		
$0220	$0AF2			INCF	STACK_2, F
;math.ppas,980 :: 		
$0221	$1903			BTFSC	STATUS, Z
;math.ppas,982 :: 		
$0222	$0AF3			INCF	STACK_3, F
;math.ppas,983 :: 		
$0223	$	C3232SX:
;math.ppas,984 :: 		
$0223	$0873			MOVF	STACK_3, W
;math.ppas,985 :: 		
$0224	$0477			IORWF	STACK_7, W
;math.ppas,986 :: 		
$0225	$00A0			MOVWF	MATH___MATH_TEMPB
;math.ppas,987 :: 		
$0226	$1BA0			BTFSC	MATH___MATH_TEMPB, 7
;math.ppas,988 :: 		
$0227	$2A44			GOTO	C3232SX1
;math.ppas,989 :: 		
$0228	$	C3232S:
;math.ppas,992 :: 		
$0228	$2004			CALL	_sdiv3232l
;math.ppas,995 :: 		
$0229	$	C3232S2:
;math.ppas,996 :: 		
$0229	$1BFC			BTFSC	STACK_12, 7
;math.ppas,997 :: 		
$022A	$2A61			GOTO	C3232SX4
;math.ppas,998 :: 		
$022B	$	C3232SOK:
;math.ppas,999 :: 		
$022B	$1FFD			BTFSS	STACK_13, 7
;math.ppas,1000 :: 		
$022C	$2A88			GOTO	END_ALL
;math.ppas,1001 :: 		
$022D	$09F0			COMF	STACK_0, F
;math.ppas,1002 :: 		
$022E	$09F1			COMF	STACK_1, F
;math.ppas,1003 :: 		
$022F	$09F2			COMF	STACK_2, F
;math.ppas,1004 :: 		
$0230	$09F3			COMF	STACK_3, F
;math.ppas,1005 :: 		
$0231	$0AF0			INCF	STACK_0, F
;math.ppas,1006 :: 		
$0232	$1903			BTFSC	STATUS, Z
;math.ppas,1007 :: 		
$0233	$0AF1			INCF	STACK_1, F
;math.ppas,1008 :: 		
$0234	$1903			BTFSC	STATUS, Z
;math.ppas,1009 :: 		
$0235	$0AF2			INCF	STACK_2, F
;math.ppas,1010 :: 		
$0236	$1903			BTFSC	STATUS, Z
;math.ppas,1012 :: 		
$0237	$0AF3			INCF	STACK_3, F
;math.ppas,1013 :: 		
$0238	$09F8			COMF	STACK_8, F
;math.ppas,1014 :: 		
$0239	$09F9			COMF	STACK_9, F
;math.ppas,1015 :: 		
$023A	$09FA			COMF	STACK_10, F
;math.ppas,1016 :: 		
$023B	$09FB			COMF	STACK_11, F
;math.ppas,1017 :: 		
$023C	$0AF8			INCF	STACK_8, F
;math.ppas,1018 :: 		
$023D	$1903			BTFSC	STATUS, Z
;math.ppas,1019 :: 		
$023E	$0AF9			INCF	STACK_9, F
;math.ppas,1020 :: 		
$023F	$1903			BTFSC	STATUS, Z
;math.ppas,1021 :: 		
$0240	$0AFA			INCF	STACK_10, F
;math.ppas,1022 :: 		
$0241	$1903			BTFSC	STATUS, Z
;math.ppas,1024 :: 		
$0242	$0AFB			INCF	STACK_11, F
;math.ppas,1025 :: 		
$0243	$2A88			GOTO	END_ALL
;math.ppas,1026 :: 		
$0244	$	C3232SX1:
;math.ppas,1027 :: 		
$0244	$1FF7			BTFSS	STACK_7, 7
;math.ppas,1028 :: 		
$0245	$2A5B			GOTO	C3232SX3
;math.ppas,1029 :: 		
$0246	$1BF3			BTFSC	STACK_3, 7
;math.ppas,1030 :: 		
$0247	$2A55			GOTO	C3232SX2
;math.ppas,1031 :: 		
$0248	$0873			MOVF	STACK_3, W
;math.ppas,1032 :: 		
$0249	$00FB			MOVWF	STACK_11
;math.ppas,1033 :: 		
$024A	$0872			MOVF	STACK_2, W
;math.ppas,1034 :: 		
$024B	$00FA			MOVWF	STACK_10
;math.ppas,1035 :: 		
$024C	$0871			MOVF	STACK_1, W
;math.ppas,1036 :: 		
$024D	$00F9			MOVWF	STACK_9
;math.ppas,1037 :: 		
$024E	$0870			MOVF	STACK_0, W
;math.ppas,1038 :: 		
$024F	$00F8			MOVWF	STACK_8
;math.ppas,1039 :: 		
$0250	$01F3			CLRF	STACK_3
;math.ppas,1040 :: 		
$0251	$01F2			CLRF	STACK_2
;math.ppas,1041 :: 		
$0252	$01F1			CLRF	STACK_1
;math.ppas,1042 :: 		
$0253	$01F0			CLRF	STACK_0
;math.ppas,1043 :: 		
$0254	$2A2B			GOTO	C3232SOK
;math.ppas,1044 :: 		
$0255	$	C3232SX2:
;math.ppas,1045 :: 		
$0255	$01F3			CLRF	STACK_3
;math.ppas,1046 :: 		
$0256	$01F2			CLRF	STACK_2
;math.ppas,1047 :: 		
$0257	$01F1			CLRF	STACK_1
;math.ppas,1048 :: 		
$0258	$01F0			CLRF	STACK_0
;math.ppas,1049 :: 		
$0259	$0AF0			INCF	STACK_0, F
;math.ppas,1051 :: 		
$025A	$3400			RETLW	0X00
;math.ppas,1052 :: 		
$025B	$	C3232SX3:
;math.ppas,1053 :: 		
$025B	$09F3			COMF	STACK_3, F
;math.ppas,1054 :: 		
$025C	$09F2			COMF	STACK_2, F
;math.ppas,1055 :: 		
$025D	$09F1			COMF	STACK_1, F
;math.ppas,1057 :: 		
$025E	$09F0			COMF	STACK_0, F
;math.ppas,1059 :: 		
$025F	$17FC			BSF	STACK_12, 7
;math.ppas,1060 :: 		
$0260	$2A28			GOTO	C3232S
;math.ppas,1061 :: 		
$0261	$	C3232SX4:
;math.ppas,1062 :: 		
$0261	$0AF8			INCF	STACK_8, F
;math.ppas,1063 :: 		
$0262	$1903			BTFSC	STATUS, Z
;math.ppas,1064 :: 		
$0263	$0AF9			INCF	STACK_9, F
;math.ppas,1065 :: 		
$0264	$1903			BTFSC	STATUS, Z
;math.ppas,1066 :: 		
$0265	$0AFA			INCF	STACK_10, F
;math.ppas,1067 :: 		
$0266	$1903			BTFSC	STATUS, Z
;math.ppas,1068 :: 		
$0267	$0AFB			INCF	STACK_11, F
;math.ppas,1069 :: 		
$0268	$0874			MOVF	STACK_4, W
;math.ppas,1070 :: 		
$0269	$0278			SUBWF	STACK_8, W
;math.ppas,1071 :: 		
$026A	$1D03			BTFSS	STATUS, Z
;math.ppas,1072 :: 		
$026B	$2A2B			GOTO	C3232SOK
;math.ppas,1073 :: 		
$026C	$0875			MOVF	STACK_5, W
;math.ppas,1074 :: 		
$026D	$0279			SUBWF	STACK_9, W
;math.ppas,1075 :: 		
$026E	$1D03			BTFSS	STATUS, Z
;math.ppas,1076 :: 		
$026F	$2A2B			GOTO	C3232SOK
;math.ppas,1077 :: 		
$0270	$0876			MOVF	STACK_6, W
;math.ppas,1078 :: 		
$0271	$027A			SUBWF	STACK_10, W
;math.ppas,1079 :: 		
$0272	$1D03			BTFSS	STATUS, Z
;math.ppas,1080 :: 		
$0273	$2A2B			GOTO	C3232SOK
;math.ppas,1081 :: 		
$0274	$0877			MOVF	STACK_7, W
;math.ppas,1082 :: 		
$0275	$027B			SUBWF	STACK_11, W
;math.ppas,1083 :: 		
$0276	$1D03			BTFSS	STATUS, Z
;math.ppas,1084 :: 		
$0277	$2A2B			GOTO	C3232SOK
;math.ppas,1085 :: 		
$0278	$01FB			CLRF	STACK_11
;math.ppas,1086 :: 		
$0279	$01FA			CLRF	STACK_10
;math.ppas,1087 :: 		
$027A	$01F9			CLRF	STACK_9
;math.ppas,1088 :: 		
$027B	$01F8			CLRF	STACK_8
;math.ppas,1089 :: 		
$027C	$0AF0			INCF	STACK_0, F
;math.ppas,1090 :: 		
$027D	$1903			BTFSC	STATUS, Z
;math.ppas,1091 :: 		
$027E	$0AF1			INCF	STACK_1, F
;math.ppas,1092 :: 		
$027F	$1903			BTFSC	STATUS, Z
;math.ppas,1093 :: 		
$0280	$0AF2			INCF	STACK_2, F
;math.ppas,1094 :: 		
$0281	$1903			BTFSC	STATUS, Z
;math.ppas,1095 :: 		
$0282	$0AF3			INCF	STACK_3, F
;math.ppas,1096 :: 		
$0283	$1FF3			BTFSS	STACK_3, 7
;math.ppas,1097 :: 		
$0284	$2A2B			GOTO	C3232SOK
;math.ppas,1098 :: 		
$0285	$01A0			CLRF	MATH___MATH_TEMPB
;math.ppas,1099 :: 		
$0286	$1620			BSF	MATH___MATH_TEMPB, 4
;math.ppas,1100 :: 		
$0287	$34FF			RETLW	0XFF
;math.ppas,1101 :: 		
$0288	$	END_ALL:
;math.ppas,1102 :: 		
$0288	$01A0			CLRF	MATH___MATH_TEMPB
;math.ppas,1103 :: 		
$0289	$1C7C			BTFSS	STACK_12, 0
;math.ppas,1104 :: 		
$028A	$2A8C			GOTO	AVOID_COMFREM
;math.ppas,1106 :: 		
$028B	$240D			CALL	_comfrem
;math.ppas,1108 :: 		
$028C	$	AVOID_COMFREM:
;math.ppas,1109 :: 		
$028C	$3F00			ADDLW	0X00
;math.ppas,1110 :: 		
$028D	$	math_L_11:
;math.ppas,1111 :: 		
$028D	$0008			RETURN
$03FB	$	_usart_write:
;USART_c67.ppas,40 :: 		
;USART_c67.ppas,42 :: 		
$03FB	$	USART_c67_L_14:
$03FB	$1303			BCF	STATUS, RP1
$03FC	$1683			BSF	STATUS, RP0
$03FD	$0818			MOVF	TXSTA, 0
$03FE	$00F1			MOVWF	STACK_1
$03FF	$3000			MOVLW	0
$0400	$18F1			BTFSC	STACK_1, 1
$0401	$3001			MOVLW	1
$0402	$00F1			MOVWF	STACK_1
$0403	$0871			MOVF	STACK_1, 0
$0404	$3A00			XORLW	0
$0405	$1D03			BTFSS	STATUS, Z
$0406	$2C09			GOTO	USART_c67_L_15
;USART_c67.ppas,43 :: 		
$0407	$0000			NOP
$0408	$2BFB			GOTO	USART_c67_L_14
$0409	$	USART_c67_L_15:
;USART_c67.ppas,44 :: 		
$0409	$1283			BCF	STATUS, RP0
$040A	$0840			MOVF	FARG_USART_Write, 0
$040B	$0099			MOVWF	TXREG
$040C	$	USART_c67_L_12:
;USART_c67.ppas,45 :: 		
$040C	$0008			RETURN
$02EB	$	_usart_read_text:
;USART_c67.ppas,78 :: 		
;USART_c67.ppas,79 :: 		
$02EB	$1303			BCF	STATUS, RP1
$02EC	$1283			BCF	STATUS, RP0
$02ED	$01B5			CLRF	_usart_read_text_local_i, 1
;USART_c67.ppas,80 :: 		
$02EE	$01B6			CLRF	_usart_read_text_local_j, 1
;USART_c67.ppas,81 :: 		
$02EF	$01B9			CLRF	_usart_read_text_local_lasti, 1
;USART_c67.ppas,82 :: 		
$02F0	$0834			MOVF	FARG_Usart_Read_Text+1, 0
$02F1	$0084			MOVWF	FSR
$02F2	$0800			MOVF	INDF, 0
$02F3	$00B8			MOVWF	_usart_read_text_local_data2
;USART_c67.ppas,83 :: 		
$02F4	$	USART_c67_L_29:
;USART_c67.ppas,85 :: 		
$02F4	$241B			CALL	_usart_data_ready
$02F5	$0870			MOVF	STACK_0, 0
$02F6	$3A00			XORLW	0
$02F7	$1903			BTFSC	STATUS, Z
$02F8	$2B24			GOTO	USART_c67_L_34
$02F9	$	USART_c67_L_33:
;USART_c67.ppas,87 :: 		
$02F9	$23E8			CALL	_usart_read
$02FA	$0870			MOVF	STACK_0, 0
$02FB	$00B7			MOVWF	_usart_read_text_local_data
;USART_c67.ppas,88 :: 		
$02FC	$0835			MOVF	_usart_read_text_local_i, 0
$02FD	$0733			ADDWF	FARG_Usart_Read_Text, 0
$02FE	$00F1			MOVWF	STACK_1
$02FF	$0871			MOVF	STACK_1, 0
$0300	$0084			MOVWF	FSR
$0301	$0871			MOVF	STACK_1, 0
$0302	$0084			MOVWF	FSR
$0303	$0870			MOVF	STACK_0, 0
$0304	$0080			MOVWF	INDF
;USART_c67.ppas,89 :: 		
$0305	$0837			MOVF	_usart_read_text_local_data, 0
$0306	$0638			XORWF	_usart_read_text_local_data2, 0
$0307	$1D03			BTFSS	STATUS, Z
$0308	$2B0E			GOTO	USART_c67_L_37
$0309	$	USART_c67_L_36:
;USART_c67.ppas,91 :: 		
$0309	$0836			MOVF	_usart_read_text_local_j, 0
$030A	$0235			SUBWF	_usart_read_text_local_i, 0
$030B	$00B9			MOVWF	_usart_read_text_local_lasti
;USART_c67.ppas,92 :: 		
$030C	$0AB6			INCF	_usart_read_text_local_j, 1
;USART_c67.ppas,93 :: 		
$030D	$2B10			GOTO	USART_c67_L_38
;USART_c67.ppas,94 :: 		
$030E	$	USART_c67_L_37:
;USART_c67.ppas,96 :: 		
$030E	$01B6			CLRF	_usart_read_text_local_j, 1
;USART_c67.ppas,97 :: 		
$030F	$01B9			CLRF	_usart_read_text_local_lasti, 1
;USART_c67.ppas,98 :: 		
$0310	$	USART_c67_L_38:
;USART_c67.ppas,100 :: 		
$0310	$0836			MOVF	_usart_read_text_local_j, 0
$0311	$0734			ADDWF	FARG_Usart_Read_Text+1, 0
$0312	$0084			MOVWF	FSR
$0313	$0800			MOVF	INDF, 0
$0314	$00F1			MOVWF	STACK_1
$0315	$0871			MOVF	STACK_1, 0
$0316	$00B8			MOVWF	_usart_read_text_local_data2
;USART_c67.ppas,102 :: 		
$0317	$0871			MOVF	STACK_1, 0
$0318	$3A00			XORLW	0
$0319	$1D03			BTFSS	STATUS, Z
$031A	$2B1C			GOTO	USART_c67_L_40
$031B	$	USART_c67_L_39:
;USART_c67.ppas,103 :: 		
$031B	$2B25			GOTO	USART_c67_L_30
$031C	$	USART_c67_L_40:
$031C	$	USART_c67_L_41:
;USART_c67.ppas,105 :: 		
$031C	$0AB5			INCF	_usart_read_text_local_i, 1
;USART_c67.ppas,106 :: 		
$031D	$0835			MOVF	_usart_read_text_local_i, 0
$031E	$3C14			SUBLW	20
$031F	$1803			BTFSC	STATUS, C
$0320	$2B24			GOTO	USART_c67_L_43
$0321	$	USART_c67_L_42:
;USART_c67.ppas,108 :: 		
$0321	$3013			MOVLW	19
$0322	$00B9			MOVWF	_usart_read_text_local_lasti
;USART_c67.ppas,109 :: 		
$0323	$2B25			GOTO	USART_c67_L_30
;USART_c67.ppas,110 :: 		
$0324	$	USART_c67_L_43:
$0324	$	USART_c67_L_44:
;USART_c67.ppas,111 :: 		
$0324	$	USART_c67_L_34:
$0324	$	USART_c67_L_35:
;USART_c67.ppas,112 :: 		
$0324	$2AF4			GOTO	USART_c67_L_29
$0325	$	USART_c67_L_30:
;USART_c67.ppas,113 :: 		
$0325	$0839			MOVF	_usart_read_text_local_lasti, 0
$0326	$0733			ADDWF	FARG_Usart_Read_Text, 0
$0327	$00F0			MOVWF	STACK_0
$0328	$0870			MOVF	STACK_0, 0
$0329	$0084			MOVWF	FSR
$032A	$0870			MOVF	STACK_0, 0
$032B	$0084			MOVWF	FSR
$032C	$0180			CLRF	INDF, 1
$032D	$	USART_c67_L_27:
;USART_c67.ppas,114 :: 		
$032D	$0008			RETURN
$0132	$	_strtoint:
;conv.ppas,343 :: 		
;conv.ppas,345 :: 		
$0132	$1303			BCF	STATUS, RP1
$0133	$1283			BCF	STATUS, RP0
$0134	$01B4			CLRF	_strtoint_local_result
$0135	$01B5			CLRF	_strtoint_local_result+1
;conv.ppas,346 :: 		
$0136	$3010			MOVLW	16
$0137	$00B8			MOVWF	_strtoint_local_ep
$0138	$3027			MOVLW	39
$0139	$00B9			MOVWF	_strtoint_local_ep+1
;conv.ppas,347 :: 		
$013A	$01B6			CLRF	_strtoint_local_i
$013B	$01B7			CLRF	_strtoint_local_i+1
;conv.ppas,348 :: 		
$013C	$01BC			CLRF	_strtoint_local_tmp
$013D	$01BD			CLRF	_strtoint_local_tmp+1
$013E	$01BE			CLRF	_strtoint_local_tmp+2
$013F	$01BF			CLRF	_strtoint_local_tmp+3
;conv.ppas,349 :: 		
$0140	$01BA			CLRF	_strtoint_local_negative
$0141	$01BB			CLRF	_strtoint_local_negative+1
;conv.ppas,353 :: 		
$0142	$	conv_L_172:
$0142	$0836			MOVF	_strtoint_local_i, 0
$0143	$0733			ADDWF	FARG_StrToInt, 0
$0144	$0084			MOVWF	FSR
$0145	$0800			MOVF	INDF, 0
$0146	$00F4			MOVWF	STACK_4
$0147	$0874			MOVF	STACK_4, 0
$0148	$3A00			XORLW	0
$0149	$1903			BTFSC	STATUS, Z
$014A	$29AE			GOTO	conv_L_173
;conv.ppas,355 :: 		
$014B	$0836			MOVF	_strtoint_local_i, 0
$014C	$0733			ADDWF	FARG_StrToInt, 0
$014D	$0084			MOVWF	FSR
$014E	$0800			MOVF	INDF, 0
$014F	$00F4			MOVWF	STACK_4
$0150	$0874			MOVF	STACK_4, 0
$0151	$3A2D			XORLW	45
$0152	$1D03			BTFSS	STATUS, Z
$0153	$295B			GOTO	conv_L_177
$0154	$	conv_L_176:
;conv.ppas,357 :: 		
$0154	$30FF			MOVLW	255
$0155	$00BA			MOVWF	_strtoint_local_negative
$0156	$01BB			CLRF	_strtoint_local_negative+1
;conv.ppas,358 :: 		
$0157	$0AB6			INCF	_strtoint_local_i, 1
$0158	$1903			BTFSC	STATUS, Z
$0159	$0AB7			INCF	_strtoint_local_i+1, 1
;conv.ppas,359 :: 		
$015A	$2942			GOTO	conv_L_172
;conv.ppas,360 :: 		
$015B	$	conv_L_177:
$015B	$	conv_L_178:
;conv.ppas,361 :: 		
$015B	$0836			MOVF	_strtoint_local_i, 0
$015C	$0733			ADDWF	FARG_StrToInt, 0
$015D	$0084			MOVWF	FSR
$015E	$0800			MOVF	INDF, 0
$015F	$00F4			MOVWF	STACK_4
$0160	$0874			MOVF	STACK_4, 0
$0161	$3A20			XORLW	32
$0162	$1903			BTFSC	STATUS, Z
$0163	$299E			GOTO	conv_L_180
$0164	$	conv_L_179:
;conv.ppas,362 :: 		
$0164	$0836			MOVF	_strtoint_local_i, 0
$0165	$0733			ADDWF	FARG_StrToInt, 0
$0166	$0084			MOVWF	FSR
$0167	$0800			MOVF	INDF, 0
$0168	$00F0			MOVWF	STACK_0
$0169	$3030			MOVLW	48
$016A	$00F8			MOVWF	STACK_8
$016B	$01F9			CLRF	STACK_8+1
$016C	$01FA			CLRF	STACK_8+2
$016D	$01FB			CLRF	STACK_8+3
$016E	$0870			MOVF	STACK_0, 0
$016F	$00F4			MOVWF	STACK_4
$0170	$01F5			CLRF	STACK_4+1
$0171	$01F6			CLRF	STACK_4+2
$0172	$01F7			CLRF	STACK_4+3
$0173	$0874			MOVF	STACK_4, 0
$0174	$00F0			MOVWF	STACK_0
$0175	$0875			MOVF	STACK_4+1, 0
$0176	$00F1			MOVWF	STACK_0+1
$0177	$0876			MOVF	STACK_4+2, 0
$0178	$00F2			MOVWF	STACK_0+2
$0179	$0877			MOVF	STACK_4+3, 0
$017A	$00F3			MOVWF	STACK_0+3
$017B	$0878			MOVF	STACK_8, 0
$017C	$02F0			SUBWF	STACK_0, 1
$017D	$0879			MOVF	STACK_8+1, 0
$017E	$1C03			BTFSS	STATUS, C
$017F	$0F79			INCFSZ	STACK_8+1, 0
$0180	$02F1			SUBWF	STACK_0+1, 1
$0181	$087A			MOVF	STACK_8+2, 0
$0182	$1C03			BTFSS	STATUS, C
$0183	$0F7A			INCFSZ	STACK_8+2, 0
$0184	$02F2			SUBWF	STACK_0+2, 1
$0185	$087B			MOVF	STACK_8+3, 0
$0186	$1C03			BTFSS	STATUS, C
$0187	$0F7B			INCFSZ	STACK_8+3, 0
$0188	$02F3			SUBWF	STACK_0+3, 1
$0189	$0838			MOVF	_strtoint_local_ep, 0
$018A	$00F4			MOVWF	STACK_4
$018B	$0839			MOVF	_strtoint_local_ep+1, 0
$018C	$00F5			MOVWF	STACK_4+1
$018D	$01F6			CLRF	STACK_4+2
$018E	$01F7			CLRF	STACK_4+3
$018F	$232E			CALL	_mul_32x32_s
$0190	$0870			MOVF	STACK_0, 0
$0191	$07BC			ADDWF	_strtoint_local_tmp, 1
$0192	$0871			MOVF	STACK_0+1, 0
$0193	$1803			BTFSC	STATUS, C
$0194	$0F71			INCFSZ	STACK_0+1, 0
$0195	$07BD			ADDWF	_strtoint_local_tmp+1, 1
$0196	$0872			MOVF	STACK_0+2, 0
$0197	$1803			BTFSC	STATUS, C
$0198	$0F72			INCFSZ	STACK_0+2, 0
$0199	$07BE			ADDWF	_strtoint_local_tmp+2, 1
$019A	$0873			MOVF	STACK_0+3, 0
$019B	$1803			BTFSC	STATUS, C
$019C	$0F73			INCFSZ	STACK_0+3, 0
$019D	$07BF			ADDWF	_strtoint_local_tmp+3, 1
$019E	$	conv_L_180:
$019E	$	conv_L_181:
;conv.ppas,363 :: 		
$019E	$300A			MOVLW	10
$019F	$00F4			MOVWF	STACK_4
$01A0	$01F5			CLRF	STACK_4+1
$01A1	$0838			MOVF	_strtoint_local_ep, 0
$01A2	$00F0			MOVWF	STACK_0
$01A3	$0839			MOVF	_strtoint_local_ep+1, 0
$01A4	$00F1			MOVWF	STACK_0+1
$01A5	$23A0			CALL	_div_16x16_u
$01A6	$0870			MOVF	STACK_0, 0
$01A7	$00B8			MOVWF	_strtoint_local_ep
$01A8	$0871			MOVF	STACK_0+1, 0
$01A9	$00B9			MOVWF	_strtoint_local_ep+1
;conv.ppas,365 :: 		
$01AA	$0AB6			INCF	_strtoint_local_i, 1
$01AB	$1903			BTFSC	STATUS, Z
$01AC	$0AB7			INCF	_strtoint_local_i+1, 1
;conv.ppas,366 :: 		
$01AD	$2942			GOTO	conv_L_172
$01AE	$	conv_L_173:
;conv.ppas,370 :: 		
$01AE	$083A			MOVF	_strtoint_local_negative, 0
$01AF	$043B			IORWF	_strtoint_local_negative+1, 0
$01B0	$1903			BTFSC	STATUS, Z
$01B1	$29B6			GOTO	conv_L_183
$01B2	$	conv_L_182:
$01B2	$3006			MOVLW	6
$01B3	$00B8			MOVWF	_strtoint_local_ep
$01B4	$01B9			CLRF	_strtoint_local_ep+1
$01B5	$29B9			GOTO	conv_L_184
;conv.ppas,371 :: 		
$01B6	$	conv_L_183:
$01B6	$3005			MOVLW	5
$01B7	$00B8			MOVWF	_strtoint_local_ep
$01B8	$01B9			CLRF	_strtoint_local_ep+1
$01B9	$	conv_L_184:
;conv.ppas,373 :: 		
$01B9	$	conv_L_186:
$01B9	$0837			MOVF	_strtoint_local_i+1, 0
$01BA	$0639			XORWF	_strtoint_local_ep+1, 0
$01BB	$1D03			BTFSS	STATUS, Z
$01BC	$29BF			GOTO	L_StrToInt_20
$01BD	$0838			MOVF	_strtoint_local_ep, 0
$01BE	$0636			XORWF	_strtoint_local_i, 0
$01BF	$	L_StrToInt_20:
$01BF	$1903			BTFSC	STATUS, Z
$01C0	$29DB			GOTO	conv_L_187
;conv.ppas,375 :: 		
$01C1	$300A			MOVLW	10
$01C2	$00F4			MOVWF	STACK_4
$01C3	$01F5			CLRF	STACK_4+1
$01C4	$01F6			CLRF	STACK_4+2
$01C5	$01F7			CLRF	STACK_4+3
$01C6	$083C			MOVF	_strtoint_local_tmp, 0
$01C7	$00F0			MOVWF	STACK_0
$01C8	$083D			MOVF	_strtoint_local_tmp+1, 0
$01C9	$00F1			MOVWF	STACK_0+1
$01CA	$083E			MOVF	_strtoint_local_tmp+2, 0
$01CB	$00F2			MOVWF	STACK_0+2
$01CC	$083F			MOVF	_strtoint_local_tmp+3, 0
$01CD	$00F3			MOVWF	STACK_0+3
$01CE	$21F4			CALL	_div_32x32_s
$01CF	$0870			MOVF	STACK_0, 0
$01D0	$00BC			MOVWF	_strtoint_local_tmp
$01D1	$0871			MOVF	STACK_0+1, 0
$01D2	$00BD			MOVWF	_strtoint_local_tmp+1
$01D3	$0872			MOVF	STACK_0+2, 0
$01D4	$00BE			MOVWF	_strtoint_local_tmp+2
$01D5	$0873			MOVF	STACK_0+3, 0
$01D6	$00BF			MOVWF	_strtoint_local_tmp+3
;conv.ppas,376 :: 		
$01D7	$0AB6			INCF	_strtoint_local_i, 1
$01D8	$1903			BTFSC	STATUS, Z
$01D9	$0AB7			INCF	_strtoint_local_i+1, 1
;conv.ppas,377 :: 		
$01DA	$29B9			GOTO	conv_L_186
$01DB	$	conv_L_187:
;conv.ppas,380 :: 		
$01DB	$083C			MOVF	_strtoint_local_tmp, 0
$01DC	$00B4			MOVWF	_strtoint_local_result
$01DD	$083D			MOVF	_strtoint_local_tmp+1, 0
$01DE	$00B5			MOVWF	_strtoint_local_result+1
;conv.ppas,382 :: 		
$01DF	$3000			MOVLW	0
$01E0	$063B			XORWF	_strtoint_local_negative+1, 0
$01E1	$1D03			BTFSS	STATUS, Z
$01E2	$29E5			GOTO	L_StrToInt_21
$01E3	$30FF			MOVLW	255
$01E4	$063A			XORWF	_strtoint_local_negative, 0
$01E5	$	L_StrToInt_21:
$01E5	$1D03			BTFSS	STATUS, Z
$01E6	$29EF			GOTO	conv_L_191
$01E7	$	conv_L_190:
;conv.ppas,383 :: 		
$01E7	$0834			MOVF	_strtoint_local_result, 0
$01E8	$3C00			SUBLW	0
$01E9	$00B4			MOVWF	_strtoint_local_result
$01EA	$0835			MOVF	_strtoint_local_result+1, 0
$01EB	$1C03			BTFSS	STATUS, C
$01EC	$3F01			ADDLW	1
$01ED	$01B5			CLRF	_strtoint_local_result+1
$01EE	$02B5			SUBWF	_strtoint_local_result+1, 1
$01EF	$	conv_L_191:
$01EF	$	conv_L_192:
$01EF	$	conv_L_170:
;conv.ppas,384 :: 		
$01EF	$0834			MOVF	_strtoint_local_result, 0
$01F0	$00F0			MOVWF	STACK_0
$01F1	$0835			MOVF	_strtoint_local_result+1, 0
$01F2	$00F1			MOVWF	STACK_0+1
$01F3	$0008			RETURN
$03BD	$	_usart_write_text:
;USART_c67.ppas,121 :: 		
;USART_c67.ppas,122 :: 		
$03BD	$1303			BCF	STATUS, RP1
$03BE	$1283			BCF	STATUS, RP0
$03BF	$01B4			CLRF	_usart_write_text_local_i, 1
;USART_c67.ppas,123 :: 		
$03C0	$0833			MOVF	FARG_Usart_Write_Text, 0
$03C1	$0084			MOVWF	FSR
$03C2	$0800			MOVF	INDF, 0
$03C3	$00B5			MOVWF	_usart_write_text_local_data
;USART_c67.ppas,124 :: 		
$03C4	$	USART_c67_L_47:
$03C4	$0835			MOVF	_usart_write_text_local_data, 0
$03C5	$3A00			XORLW	0
$03C6	$1903			BTFSC	STATUS, Z
$03C7	$2BD2			GOTO	USART_c67_L_48
;USART_c67.ppas,126 :: 		
$03C8	$0835			MOVF	_usart_write_text_local_data, 0
$03C9	$00C0			MOVWF	FARG_USART_Write
$03CA	$23FB			CALL	_usart_write
;USART_c67.ppas,127 :: 		
$03CB	$0AB4			INCF	_usart_write_text_local_i, 1
;USART_c67.ppas,128 :: 		
$03CC	$0834			MOVF	_usart_write_text_local_i, 0
$03CD	$0733			ADDWF	FARG_Usart_Write_Text, 0
$03CE	$0084			MOVWF	FSR
$03CF	$0800			MOVF	INDF, 0
$03D0	$00B5			MOVWF	_usart_write_text_local_data
;USART_c67.ppas,129 :: 		
$03D1	$2BC4			GOTO	USART_c67_L_47
$03D2	$	USART_c67_L_48:
$03D2	$	USART_c67_L_45:
;USART_c67.ppas,130 :: 		
$03D2	$0008			RETURN
$03D3	$	_usart_init:
;USART_c67.ppas,22 :: 		
;USART_c67.ppas,24 :: 		
$03D3	$	USART_c67_L_1:
$03D3	$1303			BCF	STATUS, RP1
$03D4	$1683			BSF	STATUS, RP0
$03D5	$1698			BSF	TXSTA, 5
$03D6	$	USART_c67_L_2:
;USART_c67.ppas,25 :: 		
$03D6	$3090			MOVLW	144
$03D7	$1283			BCF	STATUS, RP0
$03D8	$0098			MOVWF	RCSTA
;USART_c67.ppas,31 :: 		
$03D9	$	USART_c67_L_3:
$03D9	$1683			BSF	STATUS, RP0
$03DA	$1787			BSF	TRISC, 7
$03DB	$	USART_c67_L_4:
;USART_c67.ppas,32 :: 		
$03DB	$1307			BCF	TRISC, 6
$03DC	$	USART_c67_L_6:
;USART_c67.ppas,35 :: 		
$03DC	$	USART_c67_L_8:
$03DC	$1283			BCF	STATUS, RP0
$03DD	$080C			MOVF	PIR1, 0
$03DE	$00F1			MOVWF	STACK_1
$03DF	$3000			MOVLW	0
$03E0	$1AF1			BTFSC	STACK_1, 5
$03E1	$3001			MOVLW	1
$03E2	$00F1			MOVWF	STACK_1
$03E3	$0871			MOVF	STACK_1, 0
$03E4	$3A01			XORLW	1
$03E5	$1903			BTFSC	STATUS, Z
$03E6	$2BDC			GOTO	USART_c67_L_8
;USART_c67.ppas,36 :: 		
$03E7	$	USART_c67_L_9:
$03E7	$	USART_c67_L_0:
;USART_c67.ppas,37 :: 		
$03E7	$0008			RETURN
$0428	$	_i2c_init:
;I2C_c34.ppas,8 :: 		
;I2C_c34.ppas,9 :: 		
$0428	$1303			BCF	STATUS, RP1
$0429	$1683			BSF	STATUS, RP0
$042A	$1314			BCF	SSPSTAT, 6
$042B	$	I2C_c34_L_2:
;I2C_c34.ppas,10 :: 		
$042B	$1394			BCF	SSPSTAT, 7
$042C	$	I2C_c34_L_4:
;I2C_c34.ppas,11 :: 		
$042C	$	I2C_c34_L_5:
$042C	$1607			BSF	TRISC, 4
$042D	$	I2C_c34_L_6:
;I2C_c34.ppas,12 :: 		
$042D	$	I2C_c34_L_7:
$042D	$1587			BSF	TRISC, 3
$042E	$	I2C_c34_L_8:
;I2C_c34.ppas,13 :: 		
$042E	$3038			MOVLW	56
$042F	$1283			BCF	STATUS, RP0
$0430	$0094			MOVWF	SSPCON
$0431	$	I2C_c34_L_0:
;I2C_c34.ppas,15 :: 		
$0431	$0008			RETURN
$028E	$	_main:
;displays.pbas,7 :: 		main:
$028E	$	_main_main:
;displays.pbas,8 :: 		TRISA=%11111111
$028E	$30FF			MOVLW	255
$028F	$1303			BCF	STATUS, RP1
$0290	$1683			BSF	STATUS, RP0
$0291	$0085			MOVWF	TRISA
;displays.pbas,9 :: 		TRISB=%00111111
$0292	$303F			MOVLW	63
$0293	$0086			MOVWF	TRISB
;displays.pbas,10 :: 		TRISC=%00000000
$0294	$0187			CLRF	TRISC, 1
;displays.pbas,11 :: 		INTCON=%00000000
$0295	$018B			CLRF	INTCON, 1
;displays.pbas,12 :: 		ANSEL=%00000000
$0296	$1703			BSF	STATUS, RP1
$0297	$0188			CLRF	ANSEL, 1
;displays.pbas,13 :: 		ANSELH=%00000000
$0298	$0189			CLRF	ANSELH, 1
;displays.pbas,14 :: 		portA=0
$0299	$1303			BCF	STATUS, RP1
$029A	$1283			BCF	STATUS, RP0
$029B	$0185			CLRF	PORTA, 1
;displays.pbas,15 :: 		portB=0
$029C	$0186			CLRF	PORTB, 1
;displays.pbas,16 :: 		portC=0
$029D	$0187			CLRF	PORTC, 1
;displays.pbas,18 :: 		USART_INIT(9600)
$029E	$3019			MOVLW	25
$029F	$1683			BSF	STATUS, RP0
$02A0	$0099			MOVWF	SPBRG
$02A1	$1518			BSF	TXSTA, BRGH
$02A2	$23D3			CALL	_usart_init
;displays.pbas,20 :: 		I2C_INIT(100000)
$02A3	$300A			MOVLW	10
$02A4	$1683			BSF	STATUS, RP0
$02A5	$0093			MOVWF	SSPADD
$02A6	$2428			CALL	_i2c_init
;displays.pbas,22 :: 		executa:
$02A7	$	_main_executa:
;displays.pbas,24 :: 		if Usart_Data_Ready() > 0 then
$02A7	$241B			CALL	_usart_data_ready
$02A8	$0870			MOVF	STACK_0, 0
$02A9	$3C00			SUBLW	0
$02AA	$1803			BTFSC	STATUS, C
$02AB	$2AE9			GOTO	displays_L_2
$02AC	$	displays_L_1:
;displays.pbas,25 :: 		Usart_Read_Text(valorConvertido,"-")
$02AC	$3021			MOVLW	_valorconvertido
$02AD	$00B3			MOVWF	FARG_Usart_Read_Text
$02AE	$302D			MOVLW	45
$02AF	$00B1			MOVWF	?main_Local_Text+0
$02B0	$01B2			CLRF	?main_Local_Text+1
$02B1	$3031			MOVLW	?main_Local_Text
$02B2	$00B4			MOVWF	FARG_Usart_Read_Text+1
$02B3	$22EB			CALL	_usart_read_text
;displays.pbas,26 :: 		Usart_Read_Text(porcent,"/")
$02B4	$3028			MOVLW	_porcent
$02B5	$00B3			MOVWF	FARG_Usart_Read_Text
$02B6	$302F			MOVLW	47
$02B7	$00B1			MOVWF	?main_Local_Text+0
$02B8	$01B2			CLRF	?main_Local_Text+1
$02B9	$3031			MOVLW	?main_Local_Text
$02BA	$00B4			MOVWF	FARG_Usart_Read_Text+1
$02BB	$22EB			CALL	_usart_read_text
;displays.pbas,27 :: 		valorPorcent = StrToInt(porcent)
$02BC	$3028			MOVLW	_porcent
$02BD	$00B3			MOVWF	FARG_StrToInt
$02BE	$2132			CALL	_strtoint
$02BF	$0870			MOVF	STACK_0, 0
$02C0	$00AF			MOVWF	_valorporcent
$02C1	$0871			MOVF	STACK_0+1, 0
$02C2	$00B0			MOVWF	_valorporcent+1
;displays.pbas,29 :: 		Usart_Write_Text(valorConvertido)
$02C3	$3021			MOVLW	_valorconvertido
$02C4	$00B3			MOVWF	FARG_Usart_Write_Text
$02C5	$23BD			CALL	_usart_write_text
;displays.pbas,30 :: 		delay_ms(5)
$02C6	$3007			MOVLW	7
$02C7	$00FB			MOVWF	STACK_11
$02C8	$30FF			MOVLW	255
$02C9	$00FA			MOVWF	STACK_10
$02CA	$0BFB			DECFSZ	STACK_11, F
$02CB	$2ACD			GOTO	$+2
$02CC	$2AD0			GOTO	$+4
$02CD	$0BFA			DECFSZ	STACK_10, F
$02CE	$2ACD			GOTO	$-1
$02CF	$2ACA			GOTO	$-5
$02D0	$3078			MOVLW	120
$02D1	$00FA			MOVWF	STACK_10
$02D2	$0BFA			DECFSZ	STACK_10, F
$02D3	$2AD2			GOTO	$-1
$02D4	$0000			NOP
$02D5	$0000			NOP
;displays.pbas,31 :: 		USART_Write("/")
$02D6	$302F			MOVLW	47
$02D7	$00C0			MOVWF	FARG_USART_Write
$02D8	$23FB			CALL	_usart_write
;displays.pbas,32 :: 		delay_ms(5)
$02D9	$3007			MOVLW	7
$02DA	$00FB			MOVWF	STACK_11
$02DB	$30FF			MOVLW	255
$02DC	$00FA			MOVWF	STACK_10
$02DD	$0BFB			DECFSZ	STACK_11, F
$02DE	$2AE0			GOTO	$+2
$02DF	$2AE3			GOTO	$+4
$02E0	$0BFA			DECFSZ	STACK_10, F
$02E1	$2AE0			GOTO	$-1
$02E2	$2ADD			GOTO	$-5
$02E3	$3078			MOVLW	120
$02E4	$00FA			MOVWF	STACK_10
$02E5	$0BFA			DECFSZ	STACK_10, F
$02E6	$2AE5			GOTO	$-1
$02E7	$0000			NOP
$02E8	$0000			NOP
$02E9	$	displays_L_2:
;displays.pbas,33 :: 		end if
$02E9	$	displays_L_3:
;displays.pbas,35 :: 		goto executa
$02E9	$2AA7			GOTO	_main_executa
;displays.pbas,40 :: 		return
$02EA	$2AEA			GOTO	$


//** Procedures locations **
//ADDRESS		PROCEDURE
//----------------------------------------------
$0004		SDIV3232L
$0132		StrToInt
$01F4		Div_32x32_S
$028E		main
$02EB		Usart_Read_Text
$032E		Mul_32x32_S
$0369		Mul_32x32_U
$03A0		Div_16x16_U
$03BD		Usart_Write_Text
$03D3		USART_Init
$03E8		USART_Read
$03FB		USART_Write
$040D		COMFREM
$041B		USART_Data_Ready
$0428		I2C_Init


//** Labels locations **
//ADDRESS		LABEL
//----------------------------------------------
$0004		_sdiv3232l:
$0017		LOOPS3232A:
$002D		SADD22LA:
$003A		SOK22LA:
$0053		SADD22L8:
$0060		SOK22L8:
$0063		LOOPS3232B:
$0079		SADD22LB:
$0086		SOK22LB:
$009F		SADD22L16:
$00AC		SOK22L16:
$00AF		LOOPS3232C:
$00C5		SADD22LC:
$00D2		SOK22LC:
$00EB		SADD22L24:
$00F8		SOK22L24:
$00FB		LOOPS3232D:
$0111		SADD22LD:
$011E		SOK22LD:
$0131		math_L_9:
$0131		SOK22L:
$0132		_strtoint:
$0142		conv_L_172:
$0154		conv_L_176:
$015B		conv_L_177:
$015B		conv_L_178:
$0164		conv_L_179:
$019E		conv_L_180:
$019E		conv_L_181:
$01AE		conv_L_173:
$01B2		conv_L_182:
$01B6		conv_L_183:
$01B9		conv_L_184:
$01B9		conv_L_186:
$01BF		L_StrToInt_20:
$01DB		conv_L_187:
$01E5		L_StrToInt_21:
$01E7		conv_L_190:
$01EF		conv_L_170:
$01EF		conv_L_191:
$01EF		conv_L_192:
$01F4		_div_32x32_s:
$01F6		FXD3232S:
$0216		CA3232S:
$0223		C3232SX:
$0228		C3232S:
$0229		C3232S2:
$022B		C3232SOK:
$0244		C3232SX1:
$0255		C3232SX2:
$025B		C3232SX3:
$0261		C3232SX4:
$0288		END_ALL:
$028C		AVOID_COMFREM:
$028D		math_L_11:
$028E		_main:
$028E		_main_main:
$02A7		_main_executa:
$02AC		displays_L_1:
$02E9		displays_L_2:
$02E9		displays_L_3:
$02EB		_usart_read_text:
$02F4		USART_c67_L_29:
$02F9		USART_c67_L_33:
$0309		USART_c67_L_36:
$030E		USART_c67_L_37:
$0310		USART_c67_L_38:
$031B		USART_c67_L_39:
$031C		USART_c67_L_40:
$031C		USART_c67_L_41:
$0321		USART_c67_L_42:
$0324		USART_c67_L_34:
$0324		USART_c67_L_35:
$0324		USART_c67_L_43:
$0324		USART_c67_L_44:
$0325		USART_c67_L_30:
$032D		USART_c67_L_27:
$032E		_mul_32x32_s:
$0331		_IF_FIRST:
$0333		_INVERCE_FIRST:
$0340		_IF_SECOND:
$0342		_INBERSE_SECOND:
$034E		_MULT:
$0368		_EXIT:
$0368		math_L_14:
$0369		_mul_32x32_u:
$0371		_NEXT:
$0375		_LOOP:
$0391		_EXIT1:
$039F		_EXIT2:
$039F		math_L_13:
$03A0		_div_16x16_u:
$03BC		math_L_3:
$03BD		_usart_write_text:
$03C4		USART_c67_L_47:
$03D2		USART_c67_L_45:
$03D2		USART_c67_L_48:
$03D3		_usart_init:
$03D3		USART_c67_L_1:
$03D6		USART_c67_L_2:
$03D9		USART_c67_L_3:
$03DB		USART_c67_L_4:
$03DC		USART_c67_L_6:
$03DC		USART_c67_L_8:
$03E7		USART_c67_L_0:
$03E7		USART_c67_L_9:
$03E8		_usart_read:
$03F6		USART_c67_L_20:
$03F7		USART_c67_L_24:
$03F7		USART_c67_L_25:
$03F8		USART_c67_L_19:
$03F8		USART_c67_L_21:
$03F8		USART_c67_L_22:
$03F8		USART_c67_L_26:
$03FB		_usart_write:
$03FB		USART_c67_L_14:
$0409		USART_c67_L_15:
$040C		USART_c67_L_12:
$040D		_comfrem:
$041A		math_L_10:
$041B		_usart_data_ready:
$0425		USART_c67_L_18:
$0428		_i2c_init:
$042B		I2C_c34_L_2:
$042C		I2C_c34_L_4:
$042C		I2C_c34_L_5:
$042D		I2C_c34_L_6:
$042D		I2C_c34_L_7:
$042E		I2C_c34_L_8:
$0431		I2C_c34_L_0:


//** Variables locations **
//ADDRESS		VARIABLE
//----------------------------------------------
$0000		INDF
$0002		PCL
$0003		STATUS
$0004		FSR
$0005		PORTA
$0006		PORTB
$0007		PORTC
$000A		PCLATH
$000B		INTCON
$000C		PIR1
$0014		SSPCON
$0018		RCSTA
$0019		TXREG
$001A		RCREG
$0020		math___math_tempb
$0021		_valorconvertido
$0028		_porcent
$002F		_valorporcent
$0031		?main_Local_Text
$0033		FARG_I2C_Init
$0033		FARG_StrToInt
$0033		FARG_USART_Init
$0033		FARG_Usart_Read_Text
$0033		FARG_Usart_Write_Text
$0034		_strtoint_local_result
$0034		_usart_write_text_local_i
$0034		FARG_Usart_Read_Text+1
$0035		_usart_read_text_local_i
$0035		_usart_write_text_local_data
$0036		_strtoint_local_i
$0036		_usart_read_text_local_j
$0037		_usart_read_text_local_data
$0038		_strtoint_local_ep
$0038		_usart_read_text_local_data2
$0039		_usart_read_text_local_lasti
$003A		_strtoint_local_negative
$003C		_strtoint_local_tmp
$0040		_usart_data_ready_local_result
$0040		_usart_read_local_result
$0040		FARG_USART_Write
$0070		STACK_0
$0071		STACK_1
$0072		STACK_2
$0073		STACK_3
$0074		STACK_4
$0075		STACK_5
$0076		STACK_6
$0077		STACK_7
$0078		STACK_8
$0079		STACK_9
$007A		STACK_10
$007B		STACK_11
$007C		STACK_12
$007D		STACK_13
$007E		STACK_14
$007F		STACK_15
$0085		TRISA
$0086		TRISB
$0087		TRISC
$0093		SSPADD
$0094		SSPSTAT
$0098		TXSTA
$0099		SPBRG
$0188		ANSEL
$0189		ANSELH


