;  Assembly code generated by mikroVirtualMachine - V. 5.0.0.3
;  Date/Time: 17/09/2020 15:11:13
;  Info: http://www.mikroe.com


; ADDRESS	OPCODE	ASM
; ----------------------------------------------
$0000	$2804			GOTO	_main
$042A	$	_mul_32x32_u:
$042A	$1303			BCF	STATUS, RP1
$042B	$1283			BCF	STATUS, RP0
;math.ppas,1570 :: 		
;math.ppas,1578 :: 		
$042C	$3022			MOVLW	34
;math.ppas,1579 :: 		
$042D	$00FC			MOVWF	STACK_12
;math.ppas,1580 :: 		
$042E	$01F8			CLRF	STACK_8
;math.ppas,1581 :: 		
$042F	$01F9			CLRF	STACK_9
;math.ppas,1582 :: 		
$0430	$01FA			CLRF	STACK_10
;math.ppas,1584 :: 		
$0431	$01FB			CLRF	STACK_11
;math.ppas,1588 :: 		
$0432	$	_NEXT:
;math.ppas,1589 :: 		
$0432	$03FC			DECF	STACK_12, F
;math.ppas,1590 :: 		
$0433	$1903			BTFSC	STATUS, Z
;math.ppas,1591 :: 		
$0434	$2C60			GOTO	_EXIT2
;math.ppas,1593 :: 		
$0435	$1003			BCF	STATUS, C
;math.ppas,1602 :: 		
$0436	$	_LOOP:
;math.ppas,1603 :: 		
$0436	$0CFB			RRF	STACK_11, F
;math.ppas,1604 :: 		
$0437	$0CFA			RRF	STACK_10, F
;math.ppas,1605 :: 		
$0438	$0CF9			RRF	STACK_9, F
;math.ppas,1606 :: 		
$0439	$0CF8			RRF	STACK_8, F
;math.ppas,1607 :: 		
$043A	$0CF3			RRF	STACK_3, F
;math.ppas,1608 :: 		
$043B	$0CF2			RRF	STACK_2, F
;math.ppas,1609 :: 		
$043C	$0CF1			RRF	STACK_1, F
;math.ppas,1614 :: 		
$043D	$0CF0			RRF	STACK_0, F
;math.ppas,1615 :: 		
$043E	$1C03			BTFSS	STATUS, C
;math.ppas,1616 :: 		
$043F	$2C32			GOTO	_NEXT
;math.ppas,1617 :: 		
$0440	$03FC			DECF	STACK_12, F
;math.ppas,1618 :: 		
$0441	$1903			BTFSC	STATUS, Z
;math.ppas,1625 :: 		
$0442	$2C52			GOTO	_EXIT1
;math.ppas,1626 :: 		
$0443	$0874			MOVF	STACK_4, W
;math.ppas,1627 :: 		
$0444	$07F8			ADDWF	STACK_8, F
;math.ppas,1628 :: 		
$0445	$0875			MOVF	STACK_5, W
;math.ppas,1629 :: 		
$0446	$1803			BTFSC	STATUS, C
;math.ppas,1630 :: 		
$0447	$0F75			INCFSZ	STACK_5, W
;math.ppas,1631 :: 		
$0448	$07F9			ADDWF	STACK_9, F
;math.ppas,1632 :: 		
$0449	$0876			MOVF	STACK_6, W
;math.ppas,1633 :: 		
$044A	$1803			BTFSC	STATUS, C
;math.ppas,1634 :: 		
$044B	$0F76			INCFSZ	STACK_6, W
;math.ppas,1635 :: 		
$044C	$07FA			ADDWF	STACK_10, F
;math.ppas,1636 :: 		
$044D	$0877			MOVF	STACK_7, W
;math.ppas,1637 :: 		
$044E	$1803			BTFSC	STATUS, C
;math.ppas,1638 :: 		
$044F	$0F77			INCFSZ	STACK_7, W
;math.ppas,1640 :: 		
$0450	$07FB			ADDWF	STACK_11, F
;math.ppas,1642 :: 		
$0451	$2C36			GOTO	_LOOP
;math.ppas,1647 :: 		
$0452	$	_EXIT1:
;math.ppas,1648 :: 		
$0452	$0874			MOVF	STACK_4, W
;math.ppas,1649 :: 		
$0453	$07F8			ADDWF	STACK_8, F
;math.ppas,1650 :: 		
$0454	$0875			MOVF	STACK_5, W
;math.ppas,1651 :: 		
$0455	$1803			BTFSC	STATUS, C
;math.ppas,1652 :: 		
$0456	$0F75			INCFSZ	STACK_5, W
;math.ppas,1653 :: 		
$0457	$07F9			ADDWF	STACK_9, F
;math.ppas,1654 :: 		
$0458	$0876			MOVF	STACK_6, W
;math.ppas,1655 :: 		
$0459	$1803			BTFSC	STATUS, C
;math.ppas,1656 :: 		
$045A	$0F76			INCFSZ	STACK_6, W
;math.ppas,1657 :: 		
$045B	$07FA			ADDWF	STACK_10, F
;math.ppas,1658 :: 		
$045C	$0877			MOVF	STACK_7, W
;math.ppas,1659 :: 		
$045D	$1803			BTFSC	STATUS, C
;math.ppas,1660 :: 		
$045E	$0F77			INCFSZ	STACK_7, W
;math.ppas,1663 :: 		
$045F	$07FB			ADDWF	STACK_11, F
;math.ppas,1664 :: 		
$0460	$	_EXIT2:
;math.ppas,1665 :: 		
$0460	$	math_L_13:
;math.ppas,1666 :: 		
$0460	$0008			RETURN
$0122	$	_sdiv3232l:
$0122	$1303			BCF	STATUS, RP1
$0123	$1283			BCF	STATUS, RP0
;math.ppas,539 :: 		
;math.ppas,541 :: 		
$0124	$0874			MOVF	STACK_4, W
;math.ppas,542 :: 		
$0125	$02F8			SUBWF	STACK_8, F
;math.ppas,543 :: 		
$0126	$0875			MOVF	STACK_5, W
;math.ppas,544 :: 		
$0127	$1C03			BTFSS	STATUS, C
;math.ppas,545 :: 		
$0128	$0F75			INCFSZ	STACK_5, W
;math.ppas,546 :: 		
$0129	$02F9			SUBWF	STACK_9, F
;math.ppas,547 :: 		
$012A	$0876			MOVF	STACK_6, W
;math.ppas,548 :: 		
$012B	$1C03			BTFSS	STATUS, C
;math.ppas,549 :: 		
$012C	$0F76			INCFSZ	STACK_6, W
;math.ppas,550 :: 		
$012D	$02FA			SUBWF	STACK_10, F
;math.ppas,551 :: 		
$012E	$0877			MOVF	STACK_7, W
;math.ppas,552 :: 		
$012F	$1C03			BTFSS	STATUS, C
;math.ppas,553 :: 		
$0130	$0F77			INCFSZ	STACK_7, W
;math.ppas,554 :: 		
$0131	$02FB			SUBWF	STACK_11, F
;math.ppas,556 :: 		
$0132	$0DF3			RLF	STACK_3, F
;math.ppas,557 :: 		
$0133	$3007			MOVLW	7
;math.ppas,559 :: 		
$0134	$00FC			MOVWF	STACK_12
;math.ppas,560 :: 		
$0135	$	LOOPS3232A:
;math.ppas,561 :: 		
$0135	$0D73			RLF	STACK_3, W
;math.ppas,562 :: 		
$0136	$0DF8			RLF	STACK_8, F
;math.ppas,563 :: 		
$0137	$0DF9			RLF	STACK_9, F
;math.ppas,564 :: 		
$0138	$0DFA			RLF	STACK_10, F
;math.ppas,565 :: 		
$0139	$0DFB			RLF	STACK_11, F
;math.ppas,566 :: 		
$013A	$0874			MOVF	STACK_4, W
;math.ppas,567 :: 		
$013B	$1C73			BTFSS	STACK_3, 0
;math.ppas,569 :: 		
$013C	$294B			GOTO	SADD22LA
;math.ppas,570 :: 		
$013D	$02F8			SUBWF	STACK_8, F
;math.ppas,571 :: 		
$013E	$0875			MOVF	STACK_5, W
;math.ppas,572 :: 		
$013F	$1C03			BTFSS	STATUS, C
;math.ppas,573 :: 		
$0140	$0F75			INCFSZ	STACK_5, W
;math.ppas,574 :: 		
$0141	$02F9			SUBWF	STACK_9, F
;math.ppas,575 :: 		
$0142	$0876			MOVF	STACK_6, W
;math.ppas,576 :: 		
$0143	$1C03			BTFSS	STATUS, C
;math.ppas,577 :: 		
$0144	$0F76			INCFSZ	STACK_6, W
;math.ppas,578 :: 		
$0145	$02FA			SUBWF	STACK_10, F
;math.ppas,579 :: 		
$0146	$0877			MOVF	STACK_7, W
;math.ppas,580 :: 		
$0147	$1C03			BTFSS	STATUS, C
;math.ppas,581 :: 		
$0148	$0F77			INCFSZ	STACK_7, W
;math.ppas,582 :: 		
$0149	$02FB			SUBWF	STACK_11, F
;math.ppas,584 :: 		
$014A	$2958			GOTO	SOK22LA
;math.ppas,585 :: 		
$014B	$	SADD22LA:
;math.ppas,586 :: 		
$014B	$07F8			ADDWF	STACK_8, F
;math.ppas,587 :: 		
$014C	$0875			MOVF	STACK_5, W
;math.ppas,588 :: 		
$014D	$1803			BTFSC	STATUS, C
;math.ppas,589 :: 		
$014E	$0F75			INCFSZ	STACK_5, W
;math.ppas,590 :: 		
$014F	$07F9			ADDWF	STACK_9, F
;math.ppas,591 :: 		
$0150	$0876			MOVF	STACK_6, W
;math.ppas,592 :: 		
$0151	$1803			BTFSC	STATUS, C
;math.ppas,593 :: 		
$0152	$0F76			INCFSZ	STACK_6, W
;math.ppas,594 :: 		
$0153	$07FA			ADDWF	STACK_10, F
;math.ppas,595 :: 		
$0154	$0877			MOVF	STACK_7, W
;math.ppas,596 :: 		
$0155	$1803			BTFSC	STATUS, C
;math.ppas,597 :: 		
$0156	$0F77			INCFSZ	STACK_7, W
;math.ppas,599 :: 		
$0157	$07FB			ADDWF	STACK_11, F
;math.ppas,600 :: 		
$0158	$	SOK22LA:
;math.ppas,602 :: 		
$0158	$0DF3			RLF	STACK_3, F
;math.ppas,603 :: 		
$0159	$0BFC			DECFSZ	STACK_12, F
;math.ppas,605 :: 		
$015A	$2935			GOTO	LOOPS3232A
;math.ppas,606 :: 		
$015B	$0D72			RLF	STACK_2, W
;math.ppas,607 :: 		
$015C	$0DF8			RLF	STACK_8, F
;math.ppas,608 :: 		
$015D	$0DF9			RLF	STACK_9, F
;math.ppas,609 :: 		
$015E	$0DFA			RLF	STACK_10, F
;math.ppas,610 :: 		
$015F	$0DFB			RLF	STACK_11, F
;math.ppas,611 :: 		
$0160	$0874			MOVF	STACK_4, W
;math.ppas,612 :: 		
$0161	$1C73			BTFSS	STACK_3, 0
;math.ppas,614 :: 		
$0162	$2971			GOTO	SADD22L8
;math.ppas,615 :: 		
$0163	$02F8			SUBWF	STACK_8, F
;math.ppas,616 :: 		
$0164	$0875			MOVF	STACK_5, W
;math.ppas,617 :: 		
$0165	$1C03			BTFSS	STATUS, C
;math.ppas,618 :: 		
$0166	$0F75			INCFSZ	STACK_5, W
;math.ppas,619 :: 		
$0167	$02F9			SUBWF	STACK_9, F
;math.ppas,620 :: 		
$0168	$0876			MOVF	STACK_6, W
;math.ppas,621 :: 		
$0169	$1C03			BTFSS	STATUS, C
;math.ppas,622 :: 		
$016A	$0F76			INCFSZ	STACK_6, W
;math.ppas,623 :: 		
$016B	$02FA			SUBWF	STACK_10, F
;math.ppas,624 :: 		
$016C	$0877			MOVF	STACK_7, W
;math.ppas,625 :: 		
$016D	$1C03			BTFSS	STATUS, C
;math.ppas,626 :: 		
$016E	$0F77			INCFSZ	STACK_7, W
;math.ppas,627 :: 		
$016F	$02FB			SUBWF	STACK_11, F
;math.ppas,629 :: 		
$0170	$297E			GOTO	SOK22L8
;math.ppas,630 :: 		
$0171	$	SADD22L8:
;math.ppas,631 :: 		
$0171	$07F8			ADDWF	STACK_8, F
;math.ppas,632 :: 		
$0172	$0875			MOVF	STACK_5, W
;math.ppas,633 :: 		
$0173	$1803			BTFSC	STATUS, C
;math.ppas,634 :: 		
$0174	$0F75			INCFSZ	STACK_5, W
;math.ppas,635 :: 		
$0175	$07F9			ADDWF	STACK_9, F
;math.ppas,636 :: 		
$0176	$0876			MOVF	STACK_6, W
;math.ppas,637 :: 		
$0177	$1803			BTFSC	STATUS, C
;math.ppas,638 :: 		
$0178	$0F76			INCFSZ	STACK_6, W
;math.ppas,639 :: 		
$0179	$07FA			ADDWF	STACK_10, F
;math.ppas,640 :: 		
$017A	$0877			MOVF	STACK_7, W
;math.ppas,641 :: 		
$017B	$1803			BTFSC	STATUS, C
;math.ppas,642 :: 		
$017C	$0F77			INCFSZ	STACK_7, W
;math.ppas,644 :: 		
$017D	$07FB			ADDWF	STACK_11, F
;math.ppas,645 :: 		
$017E	$	SOK22L8:
;math.ppas,647 :: 		
$017E	$0DF2			RLF	STACK_2, F
;math.ppas,648 :: 		
$017F	$3007			MOVLW	7
;math.ppas,650 :: 		
$0180	$00FC			MOVWF	STACK_12
;math.ppas,651 :: 		
$0181	$	LOOPS3232B:
;math.ppas,652 :: 		
$0181	$0D72			RLF	STACK_2, W
;math.ppas,653 :: 		
$0182	$0DF8			RLF	STACK_8, F
;math.ppas,654 :: 		
$0183	$0DF9			RLF	STACK_9, F
;math.ppas,655 :: 		
$0184	$0DFA			RLF	STACK_10, F
;math.ppas,656 :: 		
$0185	$0DFB			RLF	STACK_11, F
;math.ppas,657 :: 		
$0186	$0874			MOVF	STACK_4, W
;math.ppas,658 :: 		
$0187	$1C72			BTFSS	STACK_2, 0
;math.ppas,660 :: 		
$0188	$2997			GOTO	SADD22LB
;math.ppas,661 :: 		
$0189	$02F8			SUBWF	STACK_8, F
;math.ppas,662 :: 		
$018A	$0875			MOVF	STACK_5, W
;math.ppas,663 :: 		
$018B	$1C03			BTFSS	STATUS, C
;math.ppas,664 :: 		
$018C	$0F75			INCFSZ	STACK_5, W
;math.ppas,665 :: 		
$018D	$02F9			SUBWF	STACK_9, F
;math.ppas,666 :: 		
$018E	$0876			MOVF	STACK_6, W
;math.ppas,667 :: 		
$018F	$1C03			BTFSS	STATUS, C
;math.ppas,668 :: 		
$0190	$0F76			INCFSZ	STACK_6, W
;math.ppas,669 :: 		
$0191	$02FA			SUBWF	STACK_10, F
;math.ppas,670 :: 		
$0192	$0877			MOVF	STACK_7, W
;math.ppas,671 :: 		
$0193	$1C03			BTFSS	STATUS, C
;math.ppas,672 :: 		
$0194	$0F77			INCFSZ	STACK_7, W
;math.ppas,673 :: 		
$0195	$02FB			SUBWF	STACK_11, F
;math.ppas,675 :: 		
$0196	$29A4			GOTO	SOK22LB
;math.ppas,676 :: 		
$0197	$	SADD22LB:
;math.ppas,677 :: 		
$0197	$07F8			ADDWF	STACK_8, F
;math.ppas,678 :: 		
$0198	$0875			MOVF	STACK_5, W
;math.ppas,679 :: 		
$0199	$1803			BTFSC	STATUS, C
;math.ppas,680 :: 		
$019A	$0F75			INCFSZ	STACK_5, W
;math.ppas,681 :: 		
$019B	$07F9			ADDWF	STACK_9, F
;math.ppas,682 :: 		
$019C	$0876			MOVF	STACK_6, W
;math.ppas,683 :: 		
$019D	$1803			BTFSC	STATUS, C
;math.ppas,684 :: 		
$019E	$0F76			INCFSZ	STACK_6, W
;math.ppas,685 :: 		
$019F	$07FA			ADDWF	STACK_10, F
;math.ppas,686 :: 		
$01A0	$0877			MOVF	STACK_7, W
;math.ppas,687 :: 		
$01A1	$1803			BTFSC	STATUS, C
;math.ppas,688 :: 		
$01A2	$0F77			INCFSZ	STACK_7, W
;math.ppas,690 :: 		
$01A3	$07FB			ADDWF	STACK_11, F
;math.ppas,691 :: 		
$01A4	$	SOK22LB:
;math.ppas,693 :: 		
$01A4	$0DF2			RLF	STACK_2, F
;math.ppas,694 :: 		
$01A5	$0BFC			DECFSZ	STACK_12, F
;math.ppas,696 :: 		
$01A6	$2981			GOTO	LOOPS3232B
;math.ppas,697 :: 		
$01A7	$0D71			RLF	STACK_1, W
;math.ppas,698 :: 		
$01A8	$0DF8			RLF	STACK_8, F
;math.ppas,699 :: 		
$01A9	$0DF9			RLF	STACK_9, F
;math.ppas,700 :: 		
$01AA	$0DFA			RLF	STACK_10, F
;math.ppas,701 :: 		
$01AB	$0DFB			RLF	STACK_11, F
;math.ppas,702 :: 		
$01AC	$0874			MOVF	STACK_4, W
;math.ppas,703 :: 		
$01AD	$1C72			BTFSS	STACK_2, 0
;math.ppas,705 :: 		
$01AE	$29BD			GOTO	SADD22L16
;math.ppas,706 :: 		
$01AF	$02F8			SUBWF	STACK_8, F
;math.ppas,707 :: 		
$01B0	$0875			MOVF	STACK_5, W
;math.ppas,708 :: 		
$01B1	$1C03			BTFSS	STATUS, C
;math.ppas,709 :: 		
$01B2	$0F75			INCFSZ	STACK_5, W
;math.ppas,710 :: 		
$01B3	$02F9			SUBWF	STACK_9, F
;math.ppas,711 :: 		
$01B4	$0876			MOVF	STACK_6, W
;math.ppas,712 :: 		
$01B5	$1C03			BTFSS	STATUS, C
;math.ppas,713 :: 		
$01B6	$0F76			INCFSZ	STACK_6, W
;math.ppas,714 :: 		
$01B7	$02FA			SUBWF	STACK_10, F
;math.ppas,715 :: 		
$01B8	$0877			MOVF	STACK_7, W
;math.ppas,716 :: 		
$01B9	$1C03			BTFSS	STATUS, C
;math.ppas,717 :: 		
$01BA	$0F77			INCFSZ	STACK_7, W
;math.ppas,718 :: 		
$01BB	$02FB			SUBWF	STACK_11, F
;math.ppas,720 :: 		
$01BC	$29CA			GOTO	SOK22L16
;math.ppas,721 :: 		
$01BD	$	SADD22L16:
;math.ppas,722 :: 		
$01BD	$07F8			ADDWF	STACK_8, F
;math.ppas,723 :: 		
$01BE	$0875			MOVF	STACK_5, W
;math.ppas,724 :: 		
$01BF	$1803			BTFSC	STATUS, C
;math.ppas,725 :: 		
$01C0	$0F75			INCFSZ	STACK_5, W
;math.ppas,726 :: 		
$01C1	$07F9			ADDWF	STACK_9, F
;math.ppas,727 :: 		
$01C2	$0876			MOVF	STACK_6, W
;math.ppas,728 :: 		
$01C3	$1803			BTFSC	STATUS, C
;math.ppas,729 :: 		
$01C4	$0F76			INCFSZ	STACK_6, W
;math.ppas,730 :: 		
$01C5	$07FA			ADDWF	STACK_10, F
;math.ppas,731 :: 		
$01C6	$0877			MOVF	STACK_7, W
;math.ppas,732 :: 		
$01C7	$1803			BTFSC	STATUS, C
;math.ppas,733 :: 		
$01C8	$0F77			INCFSZ	STACK_7, W
;math.ppas,735 :: 		
$01C9	$07FB			ADDWF	STACK_11, F
;math.ppas,736 :: 		
$01CA	$	SOK22L16:
;math.ppas,738 :: 		
$01CA	$0DF1			RLF	STACK_1, F
;math.ppas,739 :: 		
$01CB	$3007			MOVLW	7
;math.ppas,741 :: 		
$01CC	$00FC			MOVWF	STACK_12
;math.ppas,742 :: 		
$01CD	$	LOOPS3232C:
;math.ppas,743 :: 		
$01CD	$0D71			RLF	STACK_1, W
;math.ppas,744 :: 		
$01CE	$0DF8			RLF	STACK_8, F
;math.ppas,745 :: 		
$01CF	$0DF9			RLF	STACK_9, F
;math.ppas,746 :: 		
$01D0	$0DFA			RLF	STACK_10, F
;math.ppas,747 :: 		
$01D1	$0DFB			RLF	STACK_11, F
;math.ppas,748 :: 		
$01D2	$0874			MOVF	STACK_4, W
;math.ppas,749 :: 		
$01D3	$1C71			BTFSS	STACK_1, 0
;math.ppas,751 :: 		
$01D4	$29E3			GOTO	SADD22LC
;math.ppas,752 :: 		
$01D5	$02F8			SUBWF	STACK_8, F
;math.ppas,753 :: 		
$01D6	$0875			MOVF	STACK_5, W
;math.ppas,754 :: 		
$01D7	$1C03			BTFSS	STATUS, C
;math.ppas,755 :: 		
$01D8	$0F75			INCFSZ	STACK_5, W
;math.ppas,756 :: 		
$01D9	$02F9			SUBWF	STACK_9, F
;math.ppas,757 :: 		
$01DA	$0876			MOVF	STACK_6, W
;math.ppas,758 :: 		
$01DB	$1C03			BTFSS	STATUS, C
;math.ppas,759 :: 		
$01DC	$0F76			INCFSZ	STACK_6, W
;math.ppas,760 :: 		
$01DD	$02FA			SUBWF	STACK_10, F
;math.ppas,761 :: 		
$01DE	$0877			MOVF	STACK_7, W
;math.ppas,762 :: 		
$01DF	$1C03			BTFSS	STATUS, C
;math.ppas,763 :: 		
$01E0	$0F77			INCFSZ	STACK_7, W
;math.ppas,764 :: 		
$01E1	$02FB			SUBWF	STACK_11, F
;math.ppas,766 :: 		
$01E2	$29F0			GOTO	SOK22LC
;math.ppas,767 :: 		
$01E3	$	SADD22LC:
;math.ppas,768 :: 		
$01E3	$07F8			ADDWF	STACK_8, F
;math.ppas,769 :: 		
$01E4	$0875			MOVF	STACK_5, W
;math.ppas,770 :: 		
$01E5	$1803			BTFSC	STATUS, C
;math.ppas,771 :: 		
$01E6	$0F75			INCFSZ	STACK_5, W
;math.ppas,772 :: 		
$01E7	$07F9			ADDWF	STACK_9, F
;math.ppas,773 :: 		
$01E8	$0876			MOVF	STACK_6, W
;math.ppas,774 :: 		
$01E9	$1803			BTFSC	STATUS, C
;math.ppas,775 :: 		
$01EA	$0F76			INCFSZ	STACK_6, W
;math.ppas,776 :: 		
$01EB	$07FA			ADDWF	STACK_10, F
;math.ppas,777 :: 		
$01EC	$0877			MOVF	STACK_7, W
;math.ppas,778 :: 		
$01ED	$1803			BTFSC	STATUS, C
;math.ppas,779 :: 		
$01EE	$0F77			INCFSZ	STACK_7, W
;math.ppas,781 :: 		
$01EF	$07FB			ADDWF	STACK_11, F
;math.ppas,782 :: 		
$01F0	$	SOK22LC:
;math.ppas,784 :: 		
$01F0	$0DF1			RLF	STACK_1, F
;math.ppas,785 :: 		
$01F1	$0BFC			DECFSZ	STACK_12, F
;math.ppas,787 :: 		
$01F2	$29CD			GOTO	LOOPS3232C
;math.ppas,788 :: 		
$01F3	$0D70			RLF	STACK_0, W
;math.ppas,789 :: 		
$01F4	$0DF8			RLF	STACK_8, F
;math.ppas,790 :: 		
$01F5	$0DF9			RLF	STACK_9, F
;math.ppas,791 :: 		
$01F6	$0DFA			RLF	STACK_10, F
;math.ppas,792 :: 		
$01F7	$0DFB			RLF	STACK_11, F
;math.ppas,793 :: 		
$01F8	$0874			MOVF	STACK_4, W
;math.ppas,794 :: 		
$01F9	$1C71			BTFSS	STACK_1, 0
;math.ppas,796 :: 		
$01FA	$2A09			GOTO	SADD22L24
;math.ppas,797 :: 		
$01FB	$02F8			SUBWF	STACK_8, F
;math.ppas,798 :: 		
$01FC	$0875			MOVF	STACK_5, W
;math.ppas,799 :: 		
$01FD	$1C03			BTFSS	STATUS, C
;math.ppas,800 :: 		
$01FE	$0F75			INCFSZ	STACK_5, W
;math.ppas,801 :: 		
$01FF	$02F9			SUBWF	STACK_9, F
;math.ppas,802 :: 		
$0200	$0876			MOVF	STACK_6, W
;math.ppas,803 :: 		
$0201	$1C03			BTFSS	STATUS, C
;math.ppas,804 :: 		
$0202	$0F76			INCFSZ	STACK_6, W
;math.ppas,805 :: 		
$0203	$02FA			SUBWF	STACK_10, F
;math.ppas,806 :: 		
$0204	$0877			MOVF	STACK_7, W
;math.ppas,807 :: 		
$0205	$1C03			BTFSS	STATUS, C
;math.ppas,808 :: 		
$0206	$0F77			INCFSZ	STACK_7, W
;math.ppas,809 :: 		
$0207	$02FB			SUBWF	STACK_11, F
;math.ppas,811 :: 		
$0208	$2A16			GOTO	SOK22L24
;math.ppas,812 :: 		
$0209	$	SADD22L24:
;math.ppas,813 :: 		
$0209	$07F8			ADDWF	STACK_8, F
;math.ppas,814 :: 		
$020A	$0875			MOVF	STACK_5, W
;math.ppas,815 :: 		
$020B	$1803			BTFSC	STATUS, C
;math.ppas,816 :: 		
$020C	$0F75			INCFSZ	STACK_5, W
;math.ppas,817 :: 		
$020D	$07F9			ADDWF	STACK_9, F
;math.ppas,818 :: 		
$020E	$0876			MOVF	STACK_6, W
;math.ppas,819 :: 		
$020F	$1803			BTFSC	STATUS, C
;math.ppas,820 :: 		
$0210	$0F76			INCFSZ	STACK_6, W
;math.ppas,821 :: 		
$0211	$07FA			ADDWF	STACK_10, F
;math.ppas,822 :: 		
$0212	$0877			MOVF	STACK_7, W
;math.ppas,823 :: 		
$0213	$1803			BTFSC	STATUS, C
;math.ppas,824 :: 		
$0214	$0F77			INCFSZ	STACK_7, W
;math.ppas,826 :: 		
$0215	$07FB			ADDWF	STACK_11, F
;math.ppas,827 :: 		
$0216	$	SOK22L24:
;math.ppas,829 :: 		
$0216	$0DF0			RLF	STACK_0, F
;math.ppas,830 :: 		
$0217	$3007			MOVLW	7
;math.ppas,832 :: 		
$0218	$00FC			MOVWF	STACK_12
;math.ppas,833 :: 		
$0219	$	LOOPS3232D:
;math.ppas,834 :: 		
$0219	$0D70			RLF	STACK_0, W
;math.ppas,835 :: 		
$021A	$0DF8			RLF	STACK_8, F
;math.ppas,836 :: 		
$021B	$0DF9			RLF	STACK_9, F
;math.ppas,837 :: 		
$021C	$0DFA			RLF	STACK_10, F
;math.ppas,838 :: 		
$021D	$0DFB			RLF	STACK_11, F
;math.ppas,839 :: 		
$021E	$0874			MOVF	STACK_4, W
;math.ppas,840 :: 		
$021F	$1C70			BTFSS	STACK_0, 0
;math.ppas,842 :: 		
$0220	$2A2F			GOTO	SADD22LD
;math.ppas,843 :: 		
$0221	$02F8			SUBWF	STACK_8, F
;math.ppas,844 :: 		
$0222	$0875			MOVF	STACK_5, W
;math.ppas,845 :: 		
$0223	$1C03			BTFSS	STATUS, C
;math.ppas,846 :: 		
$0224	$0F75			INCFSZ	STACK_5, W
;math.ppas,847 :: 		
$0225	$02F9			SUBWF	STACK_9, F
;math.ppas,848 :: 		
$0226	$0876			MOVF	STACK_6, W
;math.ppas,849 :: 		
$0227	$1C03			BTFSS	STATUS, C
;math.ppas,850 :: 		
$0228	$0F76			INCFSZ	STACK_6, W
;math.ppas,851 :: 		
$0229	$02FA			SUBWF	STACK_10, F
;math.ppas,852 :: 		
$022A	$0877			MOVF	STACK_7, W
;math.ppas,853 :: 		
$022B	$1C03			BTFSS	STATUS, C
;math.ppas,854 :: 		
$022C	$0F77			INCFSZ	STACK_7, W
;math.ppas,855 :: 		
$022D	$02FB			SUBWF	STACK_11, F
;math.ppas,857 :: 		
$022E	$2A3C			GOTO	SOK22LD
;math.ppas,858 :: 		
$022F	$	SADD22LD:
;math.ppas,859 :: 		
$022F	$07F8			ADDWF	STACK_8, F
;math.ppas,860 :: 		
$0230	$0875			MOVF	STACK_5, W
;math.ppas,861 :: 		
$0231	$1803			BTFSC	STATUS, C
;math.ppas,862 :: 		
$0232	$0F75			INCFSZ	STACK_5, W
;math.ppas,863 :: 		
$0233	$07F9			ADDWF	STACK_9, F
;math.ppas,864 :: 		
$0234	$0876			MOVF	STACK_6, W
;math.ppas,865 :: 		
$0235	$1803			BTFSC	STATUS, C
;math.ppas,866 :: 		
$0236	$0F76			INCFSZ	STACK_6, W
;math.ppas,867 :: 		
$0237	$07FA			ADDWF	STACK_10, F
;math.ppas,868 :: 		
$0238	$0877			MOVF	STACK_7, W
;math.ppas,870 :: 		
$0239	$1803			BTFSC	STATUS, C
;math.ppas,871 :: 		
$023A	$0F77			INCFSZ	STACK_7, W
;math.ppas,873 :: 		
$023B	$07FB			ADDWF	STACK_11, F
;math.ppas,874 :: 		
$023C	$	SOK22LD:
;math.ppas,876 :: 		
$023C	$0DF0			RLF	STACK_0, F
;math.ppas,877 :: 		
$023D	$0BFC			DECFSZ	STACK_12, F
;math.ppas,879 :: 		
$023E	$2A19			GOTO	LOOPS3232D
;math.ppas,880 :: 		
$023F	$1870			BTFSC	STACK_0, 0
;math.ppas,881 :: 		
$0240	$2A4F			GOTO	SOK22L
;math.ppas,882 :: 		
$0241	$0874			MOVF	STACK_4, W
;math.ppas,883 :: 		
$0242	$07F8			ADDWF	STACK_8, F
;math.ppas,884 :: 		
$0243	$0875			MOVF	STACK_5, W
;math.ppas,885 :: 		
$0244	$1803			BTFSC	STATUS, C
;math.ppas,886 :: 		
$0245	$0F75			INCFSZ	STACK_5, W
;math.ppas,887 :: 		
$0246	$07F9			ADDWF	STACK_9, F
;math.ppas,888 :: 		
$0247	$0876			MOVF	STACK_6, W
;math.ppas,889 :: 		
$0248	$1803			BTFSC	STATUS, C
;math.ppas,890 :: 		
$0249	$0F76			INCFSZ	STACK_6, W
;math.ppas,891 :: 		
$024A	$07FA			ADDWF	STACK_10, F
;math.ppas,892 :: 		
$024B	$0877			MOVF	STACK_7, W
;math.ppas,893 :: 		
$024C	$1803			BTFSC	STATUS, C
;math.ppas,894 :: 		
$024D	$0F77			INCFSZ	STACK_7, W
;math.ppas,895 :: 		
$024E	$07FB			ADDWF	STACK_11, F
;math.ppas,896 :: 		
$024F	$	SOK22L:
;math.ppas,897 :: 		
$024F	$	math_L_9:
;math.ppas,898 :: 		
$024F	$0008			RETURN
$04E1	$	_comfrem:
$04E1	$1303			BCF	STATUS, RP1
$04E2	$1283			BCF	STATUS, RP0
;math.ppas,901 :: 		
;math.ppas,903 :: 		
$04E3	$09FB			COMF	STACK_11, F
;math.ppas,904 :: 		
$04E4	$09FA			COMF	STACK_10, F
;math.ppas,905 :: 		
$04E5	$09F9			COMF	STACK_9, F
;math.ppas,906 :: 		
$04E6	$09F8			COMF	STACK_8, F
;math.ppas,907 :: 		
$04E7	$0AF8			INCF	STACK_8, F
;math.ppas,908 :: 		
$04E8	$1903			BTFSC	STATUS, Z
;math.ppas,909 :: 		
$04E9	$0AF9			INCF	STACK_9, F
;math.ppas,910 :: 		
$04EA	$1903			BTFSC	STATUS, Z
;math.ppas,911 :: 		
$04EB	$0AFA			INCF	STACK_10, F
;math.ppas,912 :: 		
$04EC	$1903			BTFSC	STATUS, Z
;math.ppas,913 :: 		
$04ED	$0AFB			INCF	STACK_11, F
;math.ppas,914 :: 		
$04EE	$	math_L_10:
;math.ppas,915 :: 		
$04EE	$0008			RETURN
$04FC	$	_usart_data_ready:
;USART_b75.ppas,48 :: 		
;USART_b75.ppas,50 :: 		
$04FC	$1303			BCF	STATUS, RP1
$04FD	$1283			BCF	STATUS, RP0
$04FE	$080C			MOVF	PIR1, 0
$04FF	$00F1			MOVWF	STACK_1
$0500	$3000			MOVLW	0
$0501	$1AF1			BTFSC	STACK_1, 5
$0502	$3001			MOVLW	1
$0503	$00F1			MOVWF	STACK_1
$0504	$0871			MOVF	STACK_1, 0
$0505	$00B9			MOVWF	_usart_data_ready_local_result
$0506	$	USART_b75_L_18:
;USART_b75.ppas,51 :: 		
$0506	$0839			MOVF	_usart_data_ready_local_result, 0
$0507	$00F0			MOVWF	STACK_0
$0508	$0008			RETURN
$04A9	$	_usart_read:
;USART_b75.ppas,54 :: 		
;USART_b75.ppas,55 :: 		
$04A9	$1303			BCF	STATUS, RP1
$04AA	$1283			BCF	STATUS, RP0
$04AB	$081A			MOVF	RCREG, 0
$04AC	$00B9			MOVWF	_usart_read_local_result
;USART_b75.ppas,61 :: 		
$04AD	$0818			MOVF	RCSTA, 0
$04AE	$00F1			MOVWF	STACK_1
$04AF	$3000			MOVLW	0
$04B0	$18F1			BTFSC	STACK_1, 1
$04B1	$3001			MOVLW	1
$04B2	$00F1			MOVWF	STACK_1
$04B3	$0871			MOVF	STACK_1, 0
$04B4	$3A01			XORLW	1
$04B5	$1D03			BTFSS	STATUS, Z
$04B6	$2CB9			GOTO	USART_b75_L_21
$04B7	$	USART_b75_L_20:
;USART_b75.ppas,63 :: 		
$04B7	$1218			BCF	RCSTA, 4
$04B8	$	USART_b75_L_24:
;USART_b75.ppas,64 :: 		
$04B8	$	USART_b75_L_25:
$04B8	$1618			BSF	RCSTA, 4
$04B9	$	USART_b75_L_26:
;USART_b75.ppas,65 :: 		
$04B9	$	USART_b75_L_21:
$04B9	$	USART_b75_L_22:
$04B9	$	USART_b75_L_19:
;USART_b75.ppas,66 :: 		
$04B9	$0839			MOVF	_usart_read_local_result, 0
$04BA	$00F0			MOVWF	STACK_0
$04BB	$0008			RETURN
$03EF	$	_mul_32x32_s:
$03EF	$1303			BCF	STATUS, RP1
$03F0	$1283			BCF	STATUS, RP0
;math.ppas,1675 :: 		
;math.ppas,1680 :: 		
$03F1	$01FD			CLRF	STACK_13
;math.ppas,1683 :: 		
$03F2	$	_IF_FIRST:
;math.ppas,1684 :: 		
$03F2	$1FF3			BTFSS	STACK_3, 7
;math.ppas,1686 :: 		
$03F3	$2C01			GOTO	_IF_SECOND
;math.ppas,1691 :: 		
$03F4	$	_INVERCE_FIRST:
;math.ppas,1692 :: 		
$03F4	$09F0			COMF	STACK_0, F
;math.ppas,1693 :: 		
$03F5	$09F1			COMF	STACK_1, F
;math.ppas,1694 :: 		
$03F6	$09F2			COMF	STACK_2, F
;math.ppas,1701 :: 		
$03F7	$09F3			COMF	STACK_3, F
;math.ppas,1702 :: 		
$03F8	$0AF0			INCF	STACK_0, F
;math.ppas,1703 :: 		
$03F9	$1903			BTFSC	STATUS, Z
;math.ppas,1704 :: 		
$03FA	$0AF1			INCF	STACK_1, F
;math.ppas,1705 :: 		
$03FB	$1903			BTFSC	STATUS, Z
;math.ppas,1706 :: 		
$03FC	$0AF2			INCF	STACK_2, F
;math.ppas,1707 :: 		
$03FD	$1903			BTFSC	STATUS, Z
;math.ppas,1708 :: 		
$03FE	$0AF3			INCF	STACK_3, F
;math.ppas,1709 :: 		
$03FF	$3081			MOVLW	129
;math.ppas,1711 :: 		
$0400	$07FD			ADDWF	STACK_13, F
;math.ppas,1714 :: 		
$0401	$	_IF_SECOND:
;math.ppas,1715 :: 		
$0401	$1FF7			BTFSS	STACK_7, 7
;math.ppas,1717 :: 		
$0402	$2C0F			GOTO	_MULT
;math.ppas,1722 :: 		
$0403	$	_INBERSE_SECOND:
;math.ppas,1723 :: 		
$0403	$09F4			COMF	STACK_4, F
;math.ppas,1724 :: 		
$0404	$09F5			COMF	STACK_5, F
;math.ppas,1725 :: 		
$0405	$09F6			COMF	STACK_6, F
;math.ppas,1732 :: 		
$0406	$09F7			COMF	STACK_7, F
;math.ppas,1733 :: 		
$0407	$0AF4			INCF	STACK_4, F
;math.ppas,1734 :: 		
$0408	$1903			BTFSC	STATUS, Z
;math.ppas,1735 :: 		
$0409	$0AF5			INCF	STACK_5, F
;math.ppas,1736 :: 		
$040A	$1903			BTFSC	STATUS, Z
;math.ppas,1737 :: 		
$040B	$0AF6			INCF	STACK_6, F
;math.ppas,1738 :: 		
$040C	$1903			BTFSC	STATUS, Z
;math.ppas,1739 :: 		
$040D	$0AF7			INCF	STACK_7, F
;math.ppas,1741 :: 		
$040E	$0AFD			INCF	STACK_13, F
;math.ppas,1742 :: 		
$040F	$	_MULT:
;math.ppas,1744 :: 		
$040F	$242A			CALL	_mul_32x32_u
;math.ppas,1748 :: 		
$0410	$1C7D			BTFSS	STACK_13, 0
;math.ppas,1754 :: 		
$0411	$2C29			GOTO	_EXIT
;math.ppas,1755 :: 		
$0412	$09F0			COMF	STACK_0, F
;math.ppas,1756 :: 		
$0413	$09F1			COMF	STACK_1, F
;math.ppas,1757 :: 		
$0414	$09F2			COMF	STACK_2, F
;math.ppas,1763 :: 		
$0415	$09F3			COMF	STACK_3, F
;math.ppas,1764 :: 		
$0416	$09F8			COMF	STACK_8, F
;math.ppas,1765 :: 		
$0417	$09F9			COMF	STACK_9, F
;math.ppas,1766 :: 		
$0418	$09FA			COMF	STACK_10, F
;math.ppas,1776 :: 		
$0419	$09FB			COMF	STACK_11, F
;math.ppas,1777 :: 		
$041A	$0AF0			INCF	STACK_0, F
;math.ppas,1778 :: 		
$041B	$1903			BTFSC	STATUS, Z
;math.ppas,1779 :: 		
$041C	$0AF1			INCF	STACK_1, F
;math.ppas,1780 :: 		
$041D	$1903			BTFSC	STATUS, Z
;math.ppas,1781 :: 		
$041E	$0AF2			INCF	STACK_2, F
;math.ppas,1782 :: 		
$041F	$1903			BTFSC	STATUS, Z
;math.ppas,1783 :: 		
$0420	$0AF3			INCF	STACK_3, F
;math.ppas,1784 :: 		
$0421	$1903			BTFSC	STATUS, Z
;math.ppas,1785 :: 		
$0422	$0AF8			INCF	STACK_8, F
;math.ppas,1786 :: 		
$0423	$1903			BTFSC	STATUS, Z
;math.ppas,1787 :: 		
$0424	$0AF9			INCF	STACK_9, F
;math.ppas,1788 :: 		
$0425	$1903			BTFSC	STATUS, Z
;math.ppas,1789 :: 		
$0426	$0AFA			INCF	STACK_10, F
;math.ppas,1790 :: 		
$0427	$1903			BTFSC	STATUS, Z
;math.ppas,1791 :: 		
$0428	$0AFB			INCF	STACK_11, F
;math.ppas,1792 :: 		
$0429	$	_EXIT:
;math.ppas,1793 :: 		
$0429	$	math_L_14:
;math.ppas,1794 :: 		
$0429	$0008			RETURN
$0461	$	_div_16x16_u:
$0461	$1303			BCF	STATUS, RP1
$0462	$1283			BCF	STATUS, RP0
;math.ppas,108 :: 		
;math.ppas,110 :: 		
$0463	$01F8			CLRF	STACK_8
;math.ppas,111 :: 		
$0464	$01F9			CLRF	STACK_9
;math.ppas,112 :: 		
$0465	$3010			MOVLW	16
;math.ppas,113 :: 		
$0466	$00FC			MOVWF	STACK_12
;math.ppas,114 :: 		
$0467	$0D71			RLF	STACK_1, W
;math.ppas,115 :: 		
$0468	$0DF8			RLF	STACK_8, F
;math.ppas,116 :: 		
$0469	$0DF9			RLF	STACK_9, F
;math.ppas,117 :: 		
$046A	$0874			MOVF	STACK_4, W
;math.ppas,118 :: 		
$046B	$02F8			SUBWF	STACK_8, F
;math.ppas,119 :: 		
$046C	$0875			MOVF	STACK_5, W
;math.ppas,120 :: 		
$046D	$1C03			BTFSS	STATUS, C
;math.ppas,121 :: 		
$046E	$0F75			INCFSZ	STACK_5, W
;math.ppas,122 :: 		
$046F	$02F9			SUBWF	STACK_9, F
;math.ppas,123 :: 		
$0470	$1803			BTFSC	STATUS, C
;math.ppas,124 :: 		
$0471	$2C79			GOTO	$+8
;math.ppas,125 :: 		
$0472	$0874			MOVF	STACK_4, W
;math.ppas,126 :: 		
$0473	$07F8			ADDWF	STACK_8, F
;math.ppas,127 :: 		
$0474	$0875			MOVF	STACK_5, W
;math.ppas,128 :: 		
$0475	$1803			BTFSC	STATUS, C
;math.ppas,129 :: 		
$0476	$0F75			INCFSZ	STACK_5, W
;math.ppas,130 :: 		
$0477	$07F9			ADDWF	STACK_9, F
;math.ppas,131 :: 		
$0478	$1003			BCF	STATUS, C
;math.ppas,132 :: 		
$0479	$0DF0			RLF	STACK_0, F
;math.ppas,133 :: 		
$047A	$0DF1			RLF	STACK_1, F
;math.ppas,134 :: 		
$047B	$0BFC			DECFSZ	STACK_12, F
;math.ppas,135 :: 		
$047C	$2C67			GOTO	$-21
;math.ppas,136 :: 		
$047D	$	math_L_3:
;math.ppas,137 :: 		
$047D	$0008			RETURN
$0312	$	_div_32x32_s:
$0312	$1303			BCF	STATUS, RP1
$0313	$1283			BCF	STATUS, RP0
;math.ppas,925 :: 		
;math.ppas,928 :: 		
$0314	$	FXD3232S:
;math.ppas,929 :: 		
$0314	$01FC			CLRF	STACK_12
;math.ppas,930 :: 		
$0315	$1BF7			BTFSC	STACK_7, 7
;math.ppas,932 :: 		
$0316	$0AFC			INCF	STACK_12, F
;math.ppas,933 :: 		
$0317	$01FD			CLRF	STACK_13
;math.ppas,934 :: 		
$0318	$01FB			CLRF	STACK_11
;math.ppas,935 :: 		
$0319	$01FA			CLRF	STACK_10
;math.ppas,936 :: 		
$031A	$01F9			CLRF	STACK_9
;math.ppas,937 :: 		
$031B	$01F8			CLRF	STACK_8
;math.ppas,938 :: 		
$031C	$0873			MOVF	STACK_3, W
;math.ppas,939 :: 		
$031D	$0472			IORWF	STACK_2, W
;math.ppas,940 :: 		
$031E	$0471			IORWF	STACK_1, W
;math.ppas,941 :: 		
$031F	$0470			IORWF	STACK_0, W
;math.ppas,942 :: 		
$0320	$1903			BTFSC	STATUS, Z
;math.ppas,943 :: 		
$0321	$2BA6			GOTO	END_ALL
;math.ppas,944 :: 		
$0322	$0873			MOVF	STACK_3, W
;math.ppas,945 :: 		
$0323	$0677			XORWF	STACK_7, W
;math.ppas,946 :: 		
$0324	$00A0			MOVWF	MATH___MATH_TEMPB
;math.ppas,947 :: 		
$0325	$1BA0			BTFSC	MATH___MATH_TEMPB, 7
;math.ppas,951 :: 		
$0326	$09FD			COMF	STACK_13, F
;math.ppas,952 :: 		
$0327	$1FF7			BTFSS	STACK_7, 7
;math.ppas,954 :: 		
$0328	$2B34			GOTO	CA3232S
;math.ppas,955 :: 		
$0329	$09F4			COMF	STACK_4, F
;math.ppas,956 :: 		
$032A	$09F5			COMF	STACK_5, F
;math.ppas,957 :: 		
$032B	$09F6			COMF	STACK_6, F
;math.ppas,958 :: 		
$032C	$09F7			COMF	STACK_7, F
;math.ppas,959 :: 		
$032D	$0AF4			INCF	STACK_4, F
;math.ppas,960 :: 		
$032E	$1903			BTFSC	STATUS, Z
;math.ppas,961 :: 		
$032F	$0AF5			INCF	STACK_5, F
;math.ppas,962 :: 		
$0330	$1903			BTFSC	STATUS, Z
;math.ppas,963 :: 		
$0331	$0AF6			INCF	STACK_6, F
;math.ppas,964 :: 		
$0332	$1903			BTFSC	STATUS, Z
;math.ppas,966 :: 		
$0333	$0AF7			INCF	STACK_7, F
;math.ppas,967 :: 		
$0334	$	CA3232S:
;math.ppas,968 :: 		
$0334	$1FF3			BTFSS	STACK_3, 7
;math.ppas,970 :: 		
$0335	$2B41			GOTO	C3232SX
;math.ppas,971 :: 		
$0336	$09F0			COMF	STACK_0, F
;math.ppas,972 :: 		
$0337	$09F1			COMF	STACK_1, F
;math.ppas,973 :: 		
$0338	$09F2			COMF	STACK_2, F
;math.ppas,974 :: 		
$0339	$09F3			COMF	STACK_3, F
;math.ppas,975 :: 		
$033A	$0AF0			INCF	STACK_0, F
;math.ppas,976 :: 		
$033B	$1903			BTFSC	STATUS, Z
;math.ppas,977 :: 		
$033C	$0AF1			INCF	STACK_1, F
;math.ppas,978 :: 		
$033D	$1903			BTFSC	STATUS, Z
;math.ppas,979 :: 		
$033E	$0AF2			INCF	STACK_2, F
;math.ppas,980 :: 		
$033F	$1903			BTFSC	STATUS, Z
;math.ppas,982 :: 		
$0340	$0AF3			INCF	STACK_3, F
;math.ppas,983 :: 		
$0341	$	C3232SX:
;math.ppas,984 :: 		
$0341	$0873			MOVF	STACK_3, W
;math.ppas,985 :: 		
$0342	$0477			IORWF	STACK_7, W
;math.ppas,986 :: 		
$0343	$00A0			MOVWF	MATH___MATH_TEMPB
;math.ppas,987 :: 		
$0344	$1BA0			BTFSC	MATH___MATH_TEMPB, 7
;math.ppas,988 :: 		
$0345	$2B62			GOTO	C3232SX1
;math.ppas,989 :: 		
$0346	$	C3232S:
;math.ppas,992 :: 		
$0346	$2122			CALL	_sdiv3232l
;math.ppas,995 :: 		
$0347	$	C3232S2:
;math.ppas,996 :: 		
$0347	$1BFC			BTFSC	STACK_12, 7
;math.ppas,997 :: 		
$0348	$2B7F			GOTO	C3232SX4
;math.ppas,998 :: 		
$0349	$	C3232SOK:
;math.ppas,999 :: 		
$0349	$1FFD			BTFSS	STACK_13, 7
;math.ppas,1000 :: 		
$034A	$2BA6			GOTO	END_ALL
;math.ppas,1001 :: 		
$034B	$09F0			COMF	STACK_0, F
;math.ppas,1002 :: 		
$034C	$09F1			COMF	STACK_1, F
;math.ppas,1003 :: 		
$034D	$09F2			COMF	STACK_2, F
;math.ppas,1004 :: 		
$034E	$09F3			COMF	STACK_3, F
;math.ppas,1005 :: 		
$034F	$0AF0			INCF	STACK_0, F
;math.ppas,1006 :: 		
$0350	$1903			BTFSC	STATUS, Z
;math.ppas,1007 :: 		
$0351	$0AF1			INCF	STACK_1, F
;math.ppas,1008 :: 		
$0352	$1903			BTFSC	STATUS, Z
;math.ppas,1009 :: 		
$0353	$0AF2			INCF	STACK_2, F
;math.ppas,1010 :: 		
$0354	$1903			BTFSC	STATUS, Z
;math.ppas,1012 :: 		
$0355	$0AF3			INCF	STACK_3, F
;math.ppas,1013 :: 		
$0356	$09F8			COMF	STACK_8, F
;math.ppas,1014 :: 		
$0357	$09F9			COMF	STACK_9, F
;math.ppas,1015 :: 		
$0358	$09FA			COMF	STACK_10, F
;math.ppas,1016 :: 		
$0359	$09FB			COMF	STACK_11, F
;math.ppas,1017 :: 		
$035A	$0AF8			INCF	STACK_8, F
;math.ppas,1018 :: 		
$035B	$1903			BTFSC	STATUS, Z
;math.ppas,1019 :: 		
$035C	$0AF9			INCF	STACK_9, F
;math.ppas,1020 :: 		
$035D	$1903			BTFSC	STATUS, Z
;math.ppas,1021 :: 		
$035E	$0AFA			INCF	STACK_10, F
;math.ppas,1022 :: 		
$035F	$1903			BTFSC	STATUS, Z
;math.ppas,1024 :: 		
$0360	$0AFB			INCF	STACK_11, F
;math.ppas,1025 :: 		
$0361	$2BA6			GOTO	END_ALL
;math.ppas,1026 :: 		
$0362	$	C3232SX1:
;math.ppas,1027 :: 		
$0362	$1FF7			BTFSS	STACK_7, 7
;math.ppas,1028 :: 		
$0363	$2B79			GOTO	C3232SX3
;math.ppas,1029 :: 		
$0364	$1BF3			BTFSC	STACK_3, 7
;math.ppas,1030 :: 		
$0365	$2B73			GOTO	C3232SX2
;math.ppas,1031 :: 		
$0366	$0873			MOVF	STACK_3, W
;math.ppas,1032 :: 		
$0367	$00FB			MOVWF	STACK_11
;math.ppas,1033 :: 		
$0368	$0872			MOVF	STACK_2, W
;math.ppas,1034 :: 		
$0369	$00FA			MOVWF	STACK_10
;math.ppas,1035 :: 		
$036A	$0871			MOVF	STACK_1, W
;math.ppas,1036 :: 		
$036B	$00F9			MOVWF	STACK_9
;math.ppas,1037 :: 		
$036C	$0870			MOVF	STACK_0, W
;math.ppas,1038 :: 		
$036D	$00F8			MOVWF	STACK_8
;math.ppas,1039 :: 		
$036E	$01F3			CLRF	STACK_3
;math.ppas,1040 :: 		
$036F	$01F2			CLRF	STACK_2
;math.ppas,1041 :: 		
$0370	$01F1			CLRF	STACK_1
;math.ppas,1042 :: 		
$0371	$01F0			CLRF	STACK_0
;math.ppas,1043 :: 		
$0372	$2B49			GOTO	C3232SOK
;math.ppas,1044 :: 		
$0373	$	C3232SX2:
;math.ppas,1045 :: 		
$0373	$01F3			CLRF	STACK_3
;math.ppas,1046 :: 		
$0374	$01F2			CLRF	STACK_2
;math.ppas,1047 :: 		
$0375	$01F1			CLRF	STACK_1
;math.ppas,1048 :: 		
$0376	$01F0			CLRF	STACK_0
;math.ppas,1049 :: 		
$0377	$0AF0			INCF	STACK_0, F
;math.ppas,1051 :: 		
$0378	$3400			RETLW	0X00
;math.ppas,1052 :: 		
$0379	$	C3232SX3:
;math.ppas,1053 :: 		
$0379	$09F3			COMF	STACK_3, F
;math.ppas,1054 :: 		
$037A	$09F2			COMF	STACK_2, F
;math.ppas,1055 :: 		
$037B	$09F1			COMF	STACK_1, F
;math.ppas,1057 :: 		
$037C	$09F0			COMF	STACK_0, F
;math.ppas,1059 :: 		
$037D	$17FC			BSF	STACK_12, 7
;math.ppas,1060 :: 		
$037E	$2B46			GOTO	C3232S
;math.ppas,1061 :: 		
$037F	$	C3232SX4:
;math.ppas,1062 :: 		
$037F	$0AF8			INCF	STACK_8, F
;math.ppas,1063 :: 		
$0380	$1903			BTFSC	STATUS, Z
;math.ppas,1064 :: 		
$0381	$0AF9			INCF	STACK_9, F
;math.ppas,1065 :: 		
$0382	$1903			BTFSC	STATUS, Z
;math.ppas,1066 :: 		
$0383	$0AFA			INCF	STACK_10, F
;math.ppas,1067 :: 		
$0384	$1903			BTFSC	STATUS, Z
;math.ppas,1068 :: 		
$0385	$0AFB			INCF	STACK_11, F
;math.ppas,1069 :: 		
$0386	$0874			MOVF	STACK_4, W
;math.ppas,1070 :: 		
$0387	$0278			SUBWF	STACK_8, W
;math.ppas,1071 :: 		
$0388	$1D03			BTFSS	STATUS, Z
;math.ppas,1072 :: 		
$0389	$2B49			GOTO	C3232SOK
;math.ppas,1073 :: 		
$038A	$0875			MOVF	STACK_5, W
;math.ppas,1074 :: 		
$038B	$0279			SUBWF	STACK_9, W
;math.ppas,1075 :: 		
$038C	$1D03			BTFSS	STATUS, Z
;math.ppas,1076 :: 		
$038D	$2B49			GOTO	C3232SOK
;math.ppas,1077 :: 		
$038E	$0876			MOVF	STACK_6, W
;math.ppas,1078 :: 		
$038F	$027A			SUBWF	STACK_10, W
;math.ppas,1079 :: 		
$0390	$1D03			BTFSS	STATUS, Z
;math.ppas,1080 :: 		
$0391	$2B49			GOTO	C3232SOK
;math.ppas,1081 :: 		
$0392	$0877			MOVF	STACK_7, W
;math.ppas,1082 :: 		
$0393	$027B			SUBWF	STACK_11, W
;math.ppas,1083 :: 		
$0394	$1D03			BTFSS	STATUS, Z
;math.ppas,1084 :: 		
$0395	$2B49			GOTO	C3232SOK
;math.ppas,1085 :: 		
$0396	$01FB			CLRF	STACK_11
;math.ppas,1086 :: 		
$0397	$01FA			CLRF	STACK_10
;math.ppas,1087 :: 		
$0398	$01F9			CLRF	STACK_9
;math.ppas,1088 :: 		
$0399	$01F8			CLRF	STACK_8
;math.ppas,1089 :: 		
$039A	$0AF0			INCF	STACK_0, F
;math.ppas,1090 :: 		
$039B	$1903			BTFSC	STATUS, Z
;math.ppas,1091 :: 		
$039C	$0AF1			INCF	STACK_1, F
;math.ppas,1092 :: 		
$039D	$1903			BTFSC	STATUS, Z
;math.ppas,1093 :: 		
$039E	$0AF2			INCF	STACK_2, F
;math.ppas,1094 :: 		
$039F	$1903			BTFSC	STATUS, Z
;math.ppas,1095 :: 		
$03A0	$0AF3			INCF	STACK_3, F
;math.ppas,1096 :: 		
$03A1	$1FF3			BTFSS	STACK_3, 7
;math.ppas,1097 :: 		
$03A2	$2B49			GOTO	C3232SOK
;math.ppas,1098 :: 		
$03A3	$01A0			CLRF	MATH___MATH_TEMPB
;math.ppas,1099 :: 		
$03A4	$1620			BSF	MATH___MATH_TEMPB, 4
;math.ppas,1100 :: 		
$03A5	$34FF			RETLW	0XFF
;math.ppas,1101 :: 		
$03A6	$	END_ALL:
;math.ppas,1102 :: 		
$03A6	$01A0			CLRF	MATH___MATH_TEMPB
;math.ppas,1103 :: 		
$03A7	$1C7C			BTFSS	STACK_12, 0
;math.ppas,1104 :: 		
$03A8	$2BAA			GOTO	AVOID_COMFREM
;math.ppas,1106 :: 		
$03A9	$24E1			CALL	_comfrem
;math.ppas,1108 :: 		
$03AA	$	AVOID_COMFREM:
;math.ppas,1109 :: 		
$03AA	$3F00			ADDLW	0X00
;math.ppas,1110 :: 		
$03AB	$	math_L_11:
;math.ppas,1111 :: 		
$03AB	$0008			RETURN
$04CF	$	_usart_write:
;USART_b75.ppas,40 :: 		
;USART_b75.ppas,42 :: 		
$04CF	$	USART_b75_L_14:
$04CF	$1303			BCF	STATUS, RP1
$04D0	$1683			BSF	STATUS, RP0
$04D1	$0818			MOVF	TXSTA, 0
$04D2	$00F1			MOVWF	STACK_1
$04D3	$3000			MOVLW	0
$04D4	$18F1			BTFSC	STACK_1, 1
$04D5	$3001			MOVLW	1
$04D6	$00F1			MOVWF	STACK_1
$04D7	$0871			MOVF	STACK_1, 0
$04D8	$3A00			XORLW	0
$04D9	$1D03			BTFSS	STATUS, Z
$04DA	$2CDD			GOTO	USART_b75_L_15
;USART_b75.ppas,43 :: 		
$04DB	$0000			NOP
$04DC	$2CCF			GOTO	USART_b75_L_14
$04DD	$	USART_b75_L_15:
;USART_b75.ppas,44 :: 		
$04DD	$1283			BCF	STATUS, RP0
$04DE	$0839			MOVF	FARG_USART_Write, 0
$04DF	$0099			MOVWF	TXREG
$04E0	$	USART_b75_L_12:
;USART_b75.ppas,45 :: 		
$04E0	$0008			RETURN
$04EF	$	_spi_init:
;SPI_b64c7.ppas,49 :: 		
;SPI_b64c7.ppas,53 :: 		
$04EF	$1303			BCF	STATUS, RP1
$04F0	$1683			BSF	STATUS, RP0
$04F1	$1387			BCF	TRISC, 7
$04F2	$	SPI_b64c7_L_18:
;SPI_b64c7.ppas,54 :: 		
$04F2	$1306			BCF	TRISB, 6
$04F3	$	SPI_b64c7_L_20:
;SPI_b64c7.ppas,55 :: 		
$04F3	$	SPI_b64c7_L_21:
$04F3	$1606			BSF	TRISB, 4
$04F4	$	SPI_b64c7_L_22:
;SPI_b64c7.ppas,57 :: 		
$04F4	$1283			BCF	STATUS, RP0
$04F5	$0194			CLRF	SSPCON, 1
;SPI_b64c7.ppas,58 :: 		
$04F6	$3040			MOVLW	64
$04F7	$1683			BSF	STATUS, RP0
$04F8	$0094			MOVWF	SSPSTAT
;SPI_b64c7.ppas,59 :: 		
$04F9	$1283			BCF	STATUS, RP0
$04FA	$1694			BSF	SSPCON, 5
$04FB	$	SPI_b64c7_L_16:
;SPI_b64c7.ppas,60 :: 		
$04FB	$0008			RETURN
$04BC	$	_spi_write:
;SPI_b64c7.ppas,65 :: 		
;SPI_b64c7.ppas,66 :: 		
$04BC	$1303			BCF	STATUS, RP1
$04BD	$1283			BCF	STATUS, RP0
$04BE	$082C			MOVF	FARG_SPI_write, 0
$04BF	$0093			MOVWF	SSPBUF
;SPI_b64c7.ppas,67 :: 		
$04C0	$	SPI_b64c7_L_25:
$04C0	$1683			BSF	STATUS, RP0
$04C1	$0814			MOVF	SSPSTAT, 0
$04C2	$00F1			MOVWF	STACK_1
$04C3	$3001			MOVLW	1
$04C4	$05F1			ANDWF	STACK_1, 1
$04C5	$0871			MOVF	STACK_1, 0
$04C6	$3A00			XORLW	0
$04C7	$1D03			BTFSS	STATUS, Z
$04C8	$2CCB			GOTO	SPI_b64c7_L_26
;SPI_b64c7.ppas,68 :: 		
$04C9	$0000			NOP
$04CA	$2CC0			GOTO	SPI_b64c7_L_25
$04CB	$	SPI_b64c7_L_26:
;SPI_b64c7.ppas,69 :: 		
$04CB	$1283			BCF	STATUS, RP0
$04CC	$0813			MOVF	SSPBUF, 0
$04CD	$00AD			MOVWF	_spi_write_local_temp
$04CE	$	SPI_b64c7_L_23:
;SPI_b64c7.ppas,70 :: 		
$04CE	$0008			RETURN
$03AC	$	_usart_read_text:
;USART_b75.ppas,78 :: 		
;USART_b75.ppas,79 :: 		
$03AC	$1303			BCF	STATUS, RP1
$03AD	$1283			BCF	STATUS, RP0
$03AE	$01AE			CLRF	_usart_read_text_local_i, 1
;USART_b75.ppas,80 :: 		
$03AF	$01AF			CLRF	_usart_read_text_local_j, 1
;USART_b75.ppas,81 :: 		
$03B0	$01B2			CLRF	_usart_read_text_local_lasti, 1
;USART_b75.ppas,82 :: 		
$03B1	$082D			MOVF	FARG_Usart_Read_Text+1, 0
$03B2	$0084			MOVWF	FSR
$03B3	$0800			MOVF	INDF, 0
$03B4	$00B1			MOVWF	_usart_read_text_local_data2
;USART_b75.ppas,83 :: 		
$03B5	$	USART_b75_L_29:
;USART_b75.ppas,85 :: 		
$03B5	$24FC			CALL	_usart_data_ready
$03B6	$0870			MOVF	STACK_0, 0
$03B7	$3A00			XORLW	0
$03B8	$1903			BTFSC	STATUS, Z
$03B9	$2BE5			GOTO	USART_b75_L_34
$03BA	$	USART_b75_L_33:
;USART_b75.ppas,87 :: 		
$03BA	$24A9			CALL	_usart_read
$03BB	$0870			MOVF	STACK_0, 0
$03BC	$00B0			MOVWF	_usart_read_text_local_data
;USART_b75.ppas,88 :: 		
$03BD	$082E			MOVF	_usart_read_text_local_i, 0
$03BE	$072C			ADDWF	FARG_Usart_Read_Text, 0
$03BF	$00F1			MOVWF	STACK_1
$03C0	$0871			MOVF	STACK_1, 0
$03C1	$0084			MOVWF	FSR
$03C2	$0871			MOVF	STACK_1, 0
$03C3	$0084			MOVWF	FSR
$03C4	$0870			MOVF	STACK_0, 0
$03C5	$0080			MOVWF	INDF
;USART_b75.ppas,89 :: 		
$03C6	$0830			MOVF	_usart_read_text_local_data, 0
$03C7	$0631			XORWF	_usart_read_text_local_data2, 0
$03C8	$1D03			BTFSS	STATUS, Z
$03C9	$2BCF			GOTO	USART_b75_L_37
$03CA	$	USART_b75_L_36:
;USART_b75.ppas,91 :: 		
$03CA	$082F			MOVF	_usart_read_text_local_j, 0
$03CB	$022E			SUBWF	_usart_read_text_local_i, 0
$03CC	$00B2			MOVWF	_usart_read_text_local_lasti
;USART_b75.ppas,92 :: 		
$03CD	$0AAF			INCF	_usart_read_text_local_j, 1
;USART_b75.ppas,93 :: 		
$03CE	$2BD1			GOTO	USART_b75_L_38
;USART_b75.ppas,94 :: 		
$03CF	$	USART_b75_L_37:
;USART_b75.ppas,96 :: 		
$03CF	$01AF			CLRF	_usart_read_text_local_j, 1
;USART_b75.ppas,97 :: 		
$03D0	$01B2			CLRF	_usart_read_text_local_lasti, 1
;USART_b75.ppas,98 :: 		
$03D1	$	USART_b75_L_38:
;USART_b75.ppas,100 :: 		
$03D1	$082F			MOVF	_usart_read_text_local_j, 0
$03D2	$072D			ADDWF	FARG_Usart_Read_Text+1, 0
$03D3	$0084			MOVWF	FSR
$03D4	$0800			MOVF	INDF, 0
$03D5	$00F1			MOVWF	STACK_1
$03D6	$0871			MOVF	STACK_1, 0
$03D7	$00B1			MOVWF	_usart_read_text_local_data2
;USART_b75.ppas,102 :: 		
$03D8	$0871			MOVF	STACK_1, 0
$03D9	$3A00			XORLW	0
$03DA	$1D03			BTFSS	STATUS, Z
$03DB	$2BDD			GOTO	USART_b75_L_40
$03DC	$	USART_b75_L_39:
;USART_b75.ppas,103 :: 		
$03DC	$2BE6			GOTO	USART_b75_L_30
$03DD	$	USART_b75_L_40:
$03DD	$	USART_b75_L_41:
;USART_b75.ppas,105 :: 		
$03DD	$0AAE			INCF	_usart_read_text_local_i, 1
;USART_b75.ppas,106 :: 		
$03DE	$082E			MOVF	_usart_read_text_local_i, 0
$03DF	$3C14			SUBLW	20
$03E0	$1803			BTFSC	STATUS, C
$03E1	$2BE5			GOTO	USART_b75_L_43
$03E2	$	USART_b75_L_42:
;USART_b75.ppas,108 :: 		
$03E2	$3013			MOVLW	19
$03E3	$00B2			MOVWF	_usart_read_text_local_lasti
;USART_b75.ppas,109 :: 		
$03E4	$2BE6			GOTO	USART_b75_L_30
;USART_b75.ppas,110 :: 		
$03E5	$	USART_b75_L_43:
$03E5	$	USART_b75_L_44:
;USART_b75.ppas,111 :: 		
$03E5	$	USART_b75_L_34:
$03E5	$	USART_b75_L_35:
;USART_b75.ppas,112 :: 		
$03E5	$2BB5			GOTO	USART_b75_L_29
$03E6	$	USART_b75_L_30:
;USART_b75.ppas,113 :: 		
$03E6	$0832			MOVF	_usart_read_text_local_lasti, 0
$03E7	$072C			ADDWF	FARG_Usart_Read_Text, 0
$03E8	$00F0			MOVWF	STACK_0
$03E9	$0870			MOVF	STACK_0, 0
$03EA	$0084			MOVWF	FSR
$03EB	$0870			MOVF	STACK_0, 0
$03EC	$0084			MOVWF	FSR
$03ED	$0180			CLRF	INDF, 1
$03EE	$	USART_b75_L_27:
;USART_b75.ppas,114 :: 		
$03EE	$0008			RETURN
$0250	$	_strtoint:
;conv.ppas,343 :: 		
;conv.ppas,345 :: 		
$0250	$1303			BCF	STATUS, RP1
$0251	$1283			BCF	STATUS, RP0
$0252	$01AD			CLRF	_strtoint_local_result
$0253	$01AE			CLRF	_strtoint_local_result+1
;conv.ppas,346 :: 		
$0254	$3010			MOVLW	16
$0255	$00B1			MOVWF	_strtoint_local_ep
$0256	$3027			MOVLW	39
$0257	$00B2			MOVWF	_strtoint_local_ep+1
;conv.ppas,347 :: 		
$0258	$01AF			CLRF	_strtoint_local_i
$0259	$01B0			CLRF	_strtoint_local_i+1
;conv.ppas,348 :: 		
$025A	$01B5			CLRF	_strtoint_local_tmp
$025B	$01B6			CLRF	_strtoint_local_tmp+1
$025C	$01B7			CLRF	_strtoint_local_tmp+2
$025D	$01B8			CLRF	_strtoint_local_tmp+3
;conv.ppas,349 :: 		
$025E	$01B3			CLRF	_strtoint_local_negative
$025F	$01B4			CLRF	_strtoint_local_negative+1
;conv.ppas,353 :: 		
$0260	$	conv_L_172:
$0260	$082F			MOVF	_strtoint_local_i, 0
$0261	$072C			ADDWF	FARG_StrToInt, 0
$0262	$0084			MOVWF	FSR
$0263	$0800			MOVF	INDF, 0
$0264	$00F4			MOVWF	STACK_4
$0265	$0874			MOVF	STACK_4, 0
$0266	$3A00			XORLW	0
$0267	$1903			BTFSC	STATUS, Z
$0268	$2ACC			GOTO	conv_L_173
;conv.ppas,355 :: 		
$0269	$082F			MOVF	_strtoint_local_i, 0
$026A	$072C			ADDWF	FARG_StrToInt, 0
$026B	$0084			MOVWF	FSR
$026C	$0800			MOVF	INDF, 0
$026D	$00F4			MOVWF	STACK_4
$026E	$0874			MOVF	STACK_4, 0
$026F	$3A2D			XORLW	45
$0270	$1D03			BTFSS	STATUS, Z
$0271	$2A79			GOTO	conv_L_177
$0272	$	conv_L_176:
;conv.ppas,357 :: 		
$0272	$30FF			MOVLW	255
$0273	$00B3			MOVWF	_strtoint_local_negative
$0274	$01B4			CLRF	_strtoint_local_negative+1
;conv.ppas,358 :: 		
$0275	$0AAF			INCF	_strtoint_local_i, 1
$0276	$1903			BTFSC	STATUS, Z
$0277	$0AB0			INCF	_strtoint_local_i+1, 1
;conv.ppas,359 :: 		
$0278	$2A60			GOTO	conv_L_172
;conv.ppas,360 :: 		
$0279	$	conv_L_177:
$0279	$	conv_L_178:
;conv.ppas,361 :: 		
$0279	$082F			MOVF	_strtoint_local_i, 0
$027A	$072C			ADDWF	FARG_StrToInt, 0
$027B	$0084			MOVWF	FSR
$027C	$0800			MOVF	INDF, 0
$027D	$00F4			MOVWF	STACK_4
$027E	$0874			MOVF	STACK_4, 0
$027F	$3A20			XORLW	32
$0280	$1903			BTFSC	STATUS, Z
$0281	$2ABC			GOTO	conv_L_180
$0282	$	conv_L_179:
;conv.ppas,362 :: 		
$0282	$082F			MOVF	_strtoint_local_i, 0
$0283	$072C			ADDWF	FARG_StrToInt, 0
$0284	$0084			MOVWF	FSR
$0285	$0800			MOVF	INDF, 0
$0286	$00F0			MOVWF	STACK_0
$0287	$3030			MOVLW	48
$0288	$00F8			MOVWF	STACK_8
$0289	$01F9			CLRF	STACK_8+1
$028A	$01FA			CLRF	STACK_8+2
$028B	$01FB			CLRF	STACK_8+3
$028C	$0870			MOVF	STACK_0, 0
$028D	$00F4			MOVWF	STACK_4
$028E	$01F5			CLRF	STACK_4+1
$028F	$01F6			CLRF	STACK_4+2
$0290	$01F7			CLRF	STACK_4+3
$0291	$0874			MOVF	STACK_4, 0
$0292	$00F0			MOVWF	STACK_0
$0293	$0875			MOVF	STACK_4+1, 0
$0294	$00F1			MOVWF	STACK_0+1
$0295	$0876			MOVF	STACK_4+2, 0
$0296	$00F2			MOVWF	STACK_0+2
$0297	$0877			MOVF	STACK_4+3, 0
$0298	$00F3			MOVWF	STACK_0+3
$0299	$0878			MOVF	STACK_8, 0
$029A	$02F0			SUBWF	STACK_0, 1
$029B	$0879			MOVF	STACK_8+1, 0
$029C	$1C03			BTFSS	STATUS, C
$029D	$0F79			INCFSZ	STACK_8+1, 0
$029E	$02F1			SUBWF	STACK_0+1, 1
$029F	$087A			MOVF	STACK_8+2, 0
$02A0	$1C03			BTFSS	STATUS, C
$02A1	$0F7A			INCFSZ	STACK_8+2, 0
$02A2	$02F2			SUBWF	STACK_0+2, 1
$02A3	$087B			MOVF	STACK_8+3, 0
$02A4	$1C03			BTFSS	STATUS, C
$02A5	$0F7B			INCFSZ	STACK_8+3, 0
$02A6	$02F3			SUBWF	STACK_0+3, 1
$02A7	$0831			MOVF	_strtoint_local_ep, 0
$02A8	$00F4			MOVWF	STACK_4
$02A9	$0832			MOVF	_strtoint_local_ep+1, 0
$02AA	$00F5			MOVWF	STACK_4+1
$02AB	$01F6			CLRF	STACK_4+2
$02AC	$01F7			CLRF	STACK_4+3
$02AD	$23EF			CALL	_mul_32x32_s
$02AE	$0870			MOVF	STACK_0, 0
$02AF	$07B5			ADDWF	_strtoint_local_tmp, 1
$02B0	$0871			MOVF	STACK_0+1, 0
$02B1	$1803			BTFSC	STATUS, C
$02B2	$0F71			INCFSZ	STACK_0+1, 0
$02B3	$07B6			ADDWF	_strtoint_local_tmp+1, 1
$02B4	$0872			MOVF	STACK_0+2, 0
$02B5	$1803			BTFSC	STATUS, C
$02B6	$0F72			INCFSZ	STACK_0+2, 0
$02B7	$07B7			ADDWF	_strtoint_local_tmp+2, 1
$02B8	$0873			MOVF	STACK_0+3, 0
$02B9	$1803			BTFSC	STATUS, C
$02BA	$0F73			INCFSZ	STACK_0+3, 0
$02BB	$07B8			ADDWF	_strtoint_local_tmp+3, 1
$02BC	$	conv_L_180:
$02BC	$	conv_L_181:
;conv.ppas,363 :: 		
$02BC	$300A			MOVLW	10
$02BD	$00F4			MOVWF	STACK_4
$02BE	$01F5			CLRF	STACK_4+1
$02BF	$0831			MOVF	_strtoint_local_ep, 0
$02C0	$00F0			MOVWF	STACK_0
$02C1	$0832			MOVF	_strtoint_local_ep+1, 0
$02C2	$00F1			MOVWF	STACK_0+1
$02C3	$2461			CALL	_div_16x16_u
$02C4	$0870			MOVF	STACK_0, 0
$02C5	$00B1			MOVWF	_strtoint_local_ep
$02C6	$0871			MOVF	STACK_0+1, 0
$02C7	$00B2			MOVWF	_strtoint_local_ep+1
;conv.ppas,365 :: 		
$02C8	$0AAF			INCF	_strtoint_local_i, 1
$02C9	$1903			BTFSC	STATUS, Z
$02CA	$0AB0			INCF	_strtoint_local_i+1, 1
;conv.ppas,366 :: 		
$02CB	$2A60			GOTO	conv_L_172
$02CC	$	conv_L_173:
;conv.ppas,370 :: 		
$02CC	$0833			MOVF	_strtoint_local_negative, 0
$02CD	$0434			IORWF	_strtoint_local_negative+1, 0
$02CE	$1903			BTFSC	STATUS, Z
$02CF	$2AD4			GOTO	conv_L_183
$02D0	$	conv_L_182:
$02D0	$3006			MOVLW	6
$02D1	$00B1			MOVWF	_strtoint_local_ep
$02D2	$01B2			CLRF	_strtoint_local_ep+1
$02D3	$2AD7			GOTO	conv_L_184
;conv.ppas,371 :: 		
$02D4	$	conv_L_183:
$02D4	$3005			MOVLW	5
$02D5	$00B1			MOVWF	_strtoint_local_ep
$02D6	$01B2			CLRF	_strtoint_local_ep+1
$02D7	$	conv_L_184:
;conv.ppas,373 :: 		
$02D7	$	conv_L_186:
$02D7	$0830			MOVF	_strtoint_local_i+1, 0
$02D8	$0632			XORWF	_strtoint_local_ep+1, 0
$02D9	$1D03			BTFSS	STATUS, Z
$02DA	$2ADD			GOTO	L_StrToInt_20
$02DB	$0831			MOVF	_strtoint_local_ep, 0
$02DC	$062F			XORWF	_strtoint_local_i, 0
$02DD	$	L_StrToInt_20:
$02DD	$1903			BTFSC	STATUS, Z
$02DE	$2AF9			GOTO	conv_L_187
;conv.ppas,375 :: 		
$02DF	$300A			MOVLW	10
$02E0	$00F4			MOVWF	STACK_4
$02E1	$01F5			CLRF	STACK_4+1
$02E2	$01F6			CLRF	STACK_4+2
$02E3	$01F7			CLRF	STACK_4+3
$02E4	$0835			MOVF	_strtoint_local_tmp, 0
$02E5	$00F0			MOVWF	STACK_0
$02E6	$0836			MOVF	_strtoint_local_tmp+1, 0
$02E7	$00F1			MOVWF	STACK_0+1
$02E8	$0837			MOVF	_strtoint_local_tmp+2, 0
$02E9	$00F2			MOVWF	STACK_0+2
$02EA	$0838			MOVF	_strtoint_local_tmp+3, 0
$02EB	$00F3			MOVWF	STACK_0+3
$02EC	$2312			CALL	_div_32x32_s
$02ED	$0870			MOVF	STACK_0, 0
$02EE	$00B5			MOVWF	_strtoint_local_tmp
$02EF	$0871			MOVF	STACK_0+1, 0
$02F0	$00B6			MOVWF	_strtoint_local_tmp+1
$02F1	$0872			MOVF	STACK_0+2, 0
$02F2	$00B7			MOVWF	_strtoint_local_tmp+2
$02F3	$0873			MOVF	STACK_0+3, 0
$02F4	$00B8			MOVWF	_strtoint_local_tmp+3
;conv.ppas,376 :: 		
$02F5	$0AAF			INCF	_strtoint_local_i, 1
$02F6	$1903			BTFSC	STATUS, Z
$02F7	$0AB0			INCF	_strtoint_local_i+1, 1
;conv.ppas,377 :: 		
$02F8	$2AD7			GOTO	conv_L_186
$02F9	$	conv_L_187:
;conv.ppas,380 :: 		
$02F9	$0835			MOVF	_strtoint_local_tmp, 0
$02FA	$00AD			MOVWF	_strtoint_local_result
$02FB	$0836			MOVF	_strtoint_local_tmp+1, 0
$02FC	$00AE			MOVWF	_strtoint_local_result+1
;conv.ppas,382 :: 		
$02FD	$3000			MOVLW	0
$02FE	$0634			XORWF	_strtoint_local_negative+1, 0
$02FF	$1D03			BTFSS	STATUS, Z
$0300	$2B03			GOTO	L_StrToInt_21
$0301	$30FF			MOVLW	255
$0302	$0633			XORWF	_strtoint_local_negative, 0
$0303	$	L_StrToInt_21:
$0303	$1D03			BTFSS	STATUS, Z
$0304	$2B0D			GOTO	conv_L_191
$0305	$	conv_L_190:
;conv.ppas,383 :: 		
$0305	$082D			MOVF	_strtoint_local_result, 0
$0306	$3C00			SUBLW	0
$0307	$00AD			MOVWF	_strtoint_local_result
$0308	$082E			MOVF	_strtoint_local_result+1, 0
$0309	$1C03			BTFSS	STATUS, C
$030A	$3F01			ADDLW	1
$030B	$01AE			CLRF	_strtoint_local_result+1
$030C	$02AE			SUBWF	_strtoint_local_result+1, 1
$030D	$	conv_L_191:
$030D	$	conv_L_192:
$030D	$	conv_L_170:
;conv.ppas,384 :: 		
$030D	$082D			MOVF	_strtoint_local_result, 0
$030E	$00F0			MOVWF	STACK_0
$030F	$082E			MOVF	_strtoint_local_result+1, 0
$0310	$00F1			MOVWF	STACK_0+1
$0311	$0008			RETURN
$047E	$	_usart_write_text:
;USART_b75.ppas,121 :: 		
;USART_b75.ppas,122 :: 		
$047E	$1303			BCF	STATUS, RP1
$047F	$1283			BCF	STATUS, RP0
$0480	$01AD			CLRF	_usart_write_text_local_i, 1
;USART_b75.ppas,123 :: 		
$0481	$082C			MOVF	FARG_Usart_Write_Text, 0
$0482	$0084			MOVWF	FSR
$0483	$0800			MOVF	INDF, 0
$0484	$00AE			MOVWF	_usart_write_text_local_data
;USART_b75.ppas,124 :: 		
$0485	$	USART_b75_L_47:
$0485	$082E			MOVF	_usart_write_text_local_data, 0
$0486	$3A00			XORLW	0
$0487	$1903			BTFSC	STATUS, Z
$0488	$2C93			GOTO	USART_b75_L_48
;USART_b75.ppas,126 :: 		
$0489	$082E			MOVF	_usart_write_text_local_data, 0
$048A	$00B9			MOVWF	FARG_USART_Write
$048B	$24CF			CALL	_usart_write
;USART_b75.ppas,127 :: 		
$048C	$0AAD			INCF	_usart_write_text_local_i, 1
;USART_b75.ppas,128 :: 		
$048D	$082D			MOVF	_usart_write_text_local_i, 0
$048E	$072C			ADDWF	FARG_Usart_Write_Text, 0
$048F	$0084			MOVWF	FSR
$0490	$0800			MOVF	INDF, 0
$0491	$00AE			MOVWF	_usart_write_text_local_data
;USART_b75.ppas,129 :: 		
$0492	$2C85			GOTO	USART_b75_L_47
$0493	$	USART_b75_L_48:
$0493	$	USART_b75_L_45:
;USART_b75.ppas,130 :: 		
$0493	$0008			RETURN
$0494	$	_usart_init:
;USART_b75.ppas,22 :: 		
;USART_b75.ppas,24 :: 		
$0494	$	USART_b75_L_1:
$0494	$1303			BCF	STATUS, RP1
$0495	$1683			BSF	STATUS, RP0
$0496	$1698			BSF	TXSTA, 5
$0497	$	USART_b75_L_2:
;USART_b75.ppas,25 :: 		
$0497	$3090			MOVLW	144
$0498	$1283			BCF	STATUS, RP0
$0499	$0098			MOVWF	RCSTA
;USART_b75.ppas,31 :: 		
$049A	$	USART_b75_L_3:
$049A	$1683			BSF	STATUS, RP0
$049B	$1686			BSF	TRISB, 5
$049C	$	USART_b75_L_4:
;USART_b75.ppas,32 :: 		
$049C	$	USART_b75_L_5:
$049C	$1786			BSF	TRISB, 7
$049D	$	USART_b75_L_6:
;USART_b75.ppas,35 :: 		
$049D	$	USART_b75_L_8:
$049D	$1283			BCF	STATUS, RP0
$049E	$080C			MOVF	PIR1, 0
$049F	$00F1			MOVWF	STACK_1
$04A0	$3000			MOVLW	0
$04A1	$1AF1			BTFSC	STACK_1, 5
$04A2	$3001			MOVLW	1
$04A3	$00F1			MOVWF	STACK_1
$04A4	$0871			MOVF	STACK_1, 0
$04A5	$3A01			XORLW	1
$04A6	$1903			BTFSC	STATUS, Z
$04A7	$2C9D			GOTO	USART_b75_L_8
;USART_b75.ppas,36 :: 		
$04A8	$	USART_b75_L_9:
$04A8	$	USART_b75_L_0:
;USART_b75.ppas,37 :: 		
$04A8	$0008			RETURN
$0004	$	_main:
;motores.pbas,6 :: 		main:
$0004	$	_main_main:
;motores.pbas,7 :: 		TRISA=%11111111
$0004	$30FF			MOVLW	255
$0005	$1303			BCF	STATUS, RP1
$0006	$1683			BSF	STATUS, RP0
$0007	$0085			MOVWF	TRISA
;motores.pbas,8 :: 		TRISB=%00111111
$0008	$303F			MOVLW	63
$0009	$0086			MOVWF	TRISB
;motores.pbas,9 :: 		TRISC=%00000000
$000A	$0187			CLRF	TRISC, 1
;motores.pbas,10 :: 		INTCON=%00000000
$000B	$018B			CLRF	INTCON, 1
;motores.pbas,11 :: 		ANSEL=%00000000
$000C	$1703			BSF	STATUS, RP1
$000D	$1283			BCF	STATUS, RP0
$000E	$019E			CLRF	ANSEL, 1
;motores.pbas,12 :: 		ANSELH=%00000000
$000F	$019F			CLRF	ANSELH, 1
;motores.pbas,13 :: 		portA=0
$0010	$1303			BCF	STATUS, RP1
$0011	$0185			CLRF	PORTA, 1
;motores.pbas,14 :: 		portB=0
$0012	$0186			CLRF	PORTB, 1
;motores.pbas,15 :: 		portC=0
$0013	$0187			CLRF	PORTC, 1
;motores.pbas,17 :: 		USART_INIT(9600)
$0014	$3019			MOVLW	25
$0015	$1683			BSF	STATUS, RP0
$0016	$0099			MOVWF	SPBRG
$0017	$1518			BSF	TXSTA, BRGH
$0018	$2494			CALL	_usart_init
;motores.pbas,19 :: 		portc.0 = 1 portc.1 = 1 portc.2 = 1
$0019	$	motores_L_1:
$0019	$1407			BSF	PORTC, 0
$001A	$	motores_L_2:
$001A	$	motores_L_3:
$001A	$1487			BSF	PORTC, 1
$001B	$	motores_L_4:
$001B	$	motores_L_5:
$001B	$1507			BSF	PORTC, 2
$001C	$	motores_L_6:
;motores.pbas,21 :: 		SPI_INIT
$001C	$24EF			CALL	_spi_init
;motores.pbas,23 :: 		clearbit(portc,0) Spi_Write(17) Spi_Write(0) setbit(portc,0)
$001D	$1007			BCF	PORTC, 0
$001E	$3011			MOVLW	17
$001F	$00AC			MOVWF	FARG_SPI_write
$0020	$24BC			CALL	_spi_write
$0021	$01AC			CLRF	FARG_SPI_write, 1
$0022	$24BC			CALL	_spi_write
$0023	$1407			BSF	PORTC, 0
;motores.pbas,24 :: 		clearbit(portc,1) Spi_Write(17) Spi_Write(0) setbit(portc,1)
$0024	$1087			BCF	PORTC, 1
$0025	$3011			MOVLW	17
$0026	$00AC			MOVWF	FARG_SPI_write
$0027	$24BC			CALL	_spi_write
$0028	$01AC			CLRF	FARG_SPI_write, 1
$0029	$24BC			CALL	_spi_write
$002A	$1487			BSF	PORTC, 1
;motores.pbas,25 :: 		clearbit(portc,2) Spi_Write(17) Spi_Write(0) setbit(portc,2)
$002B	$1107			BCF	PORTC, 2
$002C	$3011			MOVLW	17
$002D	$00AC			MOVWF	FARG_SPI_write
$002E	$24BC			CALL	_spi_write
$002F	$01AC			CLRF	FARG_SPI_write, 1
$0030	$24BC			CALL	_spi_write
$0031	$1507			BSF	PORTC, 2
;motores.pbas,27 :: 		executa:
$0032	$	_main_executa:
;motores.pbas,28 :: 		if Usart_Data_Ready() > 0 then
$0032	$24FC			CALL	_usart_data_ready
$0033	$0870			MOVF	STACK_0, 0
$0034	$3C00			SUBLW	0
$0035	$1803			BTFSC	STATUS, C
$0036	$2920			GOTO	motores_L_8
$0037	$	motores_L_7:
;motores.pbas,29 :: 		Usart_Read_Text(recebe,"/")
$0037	$3021			MOVLW	_recebe
$0038	$00AC			MOVWF	FARG_Usart_Read_Text
$0039	$302F			MOVLW	47
$003A	$00AA			MOVWF	?main_Local_Text+0
$003B	$01AB			CLRF	?main_Local_Text+1
$003C	$302A			MOVLW	?main_Local_Text
$003D	$00AD			MOVWF	FARG_Usart_Read_Text+1
$003E	$23AC			CALL	_usart_read_text
;motores.pbas,30 :: 		valor = StrToInt(recebe)
$003F	$3021			MOVLW	_recebe
$0040	$00AC			MOVWF	FARG_StrToInt
$0041	$2250			CALL	_strtoint
$0042	$0870			MOVF	STACK_0, 0
$0043	$00A8			MOVWF	_valor
$0044	$0871			MOVF	STACK_0+1, 0
$0045	$00A9			MOVWF	_valor+1
;motores.pbas,32 :: 		if (valor > 999) and (valor < 4256) then
$0046	$3080			MOVLW	128
$0047	$3A03			XORLW	3
$0048	$00F3			MOVWF	STACK_3
$0049	$3080			MOVLW	128
$004A	$0671			XORWF	STACK_0+1, 0
$004B	$0273			SUBWF	STACK_3, 0
$004C	$1D03			BTFSS	STATUS, Z
$004D	$2850			GOTO	L_main_0
$004E	$0870			MOVF	STACK_0, 0
$004F	$3CE7			SUBLW	231
$0050	$	L_main_0:
$0050	$30FF			MOVLW	255
$0051	$1803			BTFSC	STATUS, C
$0052	$3000			MOVLW	0
$0053	$00F3			MOVWF	STACK_3
$0054	$3080			MOVLW	128
$0055	$0671			XORWF	STACK_0+1, 0
$0056	$00F2			MOVWF	STACK_2
$0057	$3080			MOVLW	128
$0058	$3A10			XORLW	16
$0059	$0272			SUBWF	STACK_2, 0
$005A	$1D03			BTFSS	STATUS, Z
$005B	$285E			GOTO	L_main_1
$005C	$30A0			MOVLW	160
$005D	$0270			SUBWF	STACK_0, 0
$005E	$	L_main_1:
$005E	$30FF			MOVLW	255
$005F	$1803			BTFSC	STATUS, C
$0060	$3000			MOVLW	0
$0061	$00F2			MOVWF	STACK_2
$0062	$0872			MOVF	STACK_2, 0
$0063	$0573			ANDWF	STACK_3, 0
$0064	$00F0			MOVWF	STACK_0
$0065	$1903			BTFSC	STATUS, Z
$0066	$291D			GOTO	motores_L_11
$0067	$	motores_L_10:
;motores.pbas,34 :: 		if (valor >= 1000) And (valor < 1256) then
$0067	$3080			MOVLW	128
$0068	$0629			XORWF	_valor+1, 0
$0069	$00F2			MOVWF	STACK_2
$006A	$3080			MOVLW	128
$006B	$3A03			XORLW	3
$006C	$0272			SUBWF	STACK_2, 0
$006D	$1D03			BTFSS	STATUS, Z
$006E	$2871			GOTO	L_main_2
$006F	$30E8			MOVLW	232
$0070	$0228			SUBWF	_valor, 0
$0071	$	L_main_2:
$0071	$30FF			MOVLW	255
$0072	$1C03			BTFSS	STATUS, C
$0073	$3000			MOVLW	0
$0074	$00F2			MOVWF	STACK_2
$0075	$3080			MOVLW	128
$0076	$0629			XORWF	_valor+1, 0
$0077	$00F0			MOVWF	STACK_0
$0078	$3080			MOVLW	128
$0079	$3A04			XORLW	4
$007A	$0270			SUBWF	STACK_0, 0
$007B	$1D03			BTFSS	STATUS, Z
$007C	$287F			GOTO	L_main_3
$007D	$30E8			MOVLW	232
$007E	$0228			SUBWF	_valor, 0
$007F	$	L_main_3:
$007F	$30FF			MOVLW	255
$0080	$1803			BTFSC	STATUS, C
$0081	$3000			MOVLW	0
$0082	$00F0			MOVWF	STACK_0
$0083	$0872			MOVF	STACK_2, 0
$0084	$05F0			ANDWF	STACK_0, 1
$0085	$1903			BTFSC	STATUS, Z
$0086	$288E			GOTO	motores_L_14
$0087	$	motores_L_13:
;motores.pbas,35 :: 		clearbit(portc,0)
$0087	$1007			BCF	PORTC, 0
;motores.pbas,36 :: 		valor = valor - 1000
$0088	$30E8			MOVLW	232
$0089	$02A8			SUBWF	_valor, 1
$008A	$1C03			BTFSS	STATUS, C
$008B	$03A9			DECF	_valor+1, 1
$008C	$3003			MOVLW	3
$008D	$02A9			SUBWF	_valor+1, 1
$008E	$	motores_L_14:
;motores.pbas,37 :: 		end if
$008E	$	motores_L_15:
;motores.pbas,38 :: 		if (valor >= 2000) And (valor < 2256) then
$008E	$3080			MOVLW	128
$008F	$0629			XORWF	_valor+1, 0
$0090	$00F2			MOVWF	STACK_2
$0091	$3080			MOVLW	128
$0092	$3A07			XORLW	7
$0093	$0272			SUBWF	STACK_2, 0
$0094	$1D03			BTFSS	STATUS, Z
$0095	$2898			GOTO	L_main_4
$0096	$30D0			MOVLW	208
$0097	$0228			SUBWF	_valor, 0
$0098	$	L_main_4:
$0098	$30FF			MOVLW	255
$0099	$1C03			BTFSS	STATUS, C
$009A	$3000			MOVLW	0
$009B	$00F2			MOVWF	STACK_2
$009C	$3080			MOVLW	128
$009D	$0629			XORWF	_valor+1, 0
$009E	$00F0			MOVWF	STACK_0
$009F	$3080			MOVLW	128
$00A0	$3A08			XORLW	8
$00A1	$0270			SUBWF	STACK_0, 0
$00A2	$1D03			BTFSS	STATUS, Z
$00A3	$28A6			GOTO	L_main_5
$00A4	$30D0			MOVLW	208
$00A5	$0228			SUBWF	_valor, 0
$00A6	$	L_main_5:
$00A6	$30FF			MOVLW	255
$00A7	$1803			BTFSC	STATUS, C
$00A8	$3000			MOVLW	0
$00A9	$00F0			MOVWF	STACK_0
$00AA	$0872			MOVF	STACK_2, 0
$00AB	$05F0			ANDWF	STACK_0, 1
$00AC	$1903			BTFSC	STATUS, Z
$00AD	$28B5			GOTO	motores_L_17
$00AE	$	motores_L_16:
;motores.pbas,39 :: 		clearbit(portc,1)
$00AE	$1087			BCF	PORTC, 1
;motores.pbas,40 :: 		valor = valor - 2000
$00AF	$30D0			MOVLW	208
$00B0	$02A8			SUBWF	_valor, 1
$00B1	$1C03			BTFSS	STATUS, C
$00B2	$03A9			DECF	_valor+1, 1
$00B3	$3007			MOVLW	7
$00B4	$02A9			SUBWF	_valor+1, 1
$00B5	$	motores_L_17:
;motores.pbas,41 :: 		end if
$00B5	$	motores_L_18:
;motores.pbas,42 :: 		if (valor >= 3000) And (valor < 3256) then
$00B5	$3080			MOVLW	128
$00B6	$0629			XORWF	_valor+1, 0
$00B7	$00F2			MOVWF	STACK_2
$00B8	$3080			MOVLW	128
$00B9	$3A0B			XORLW	11
$00BA	$0272			SUBWF	STACK_2, 0
$00BB	$1D03			BTFSS	STATUS, Z
$00BC	$28BF			GOTO	L_main_6
$00BD	$30B8			MOVLW	184
$00BE	$0228			SUBWF	_valor, 0
$00BF	$	L_main_6:
$00BF	$30FF			MOVLW	255
$00C0	$1C03			BTFSS	STATUS, C
$00C1	$3000			MOVLW	0
$00C2	$00F2			MOVWF	STACK_2
$00C3	$3080			MOVLW	128
$00C4	$0629			XORWF	_valor+1, 0
$00C5	$00F0			MOVWF	STACK_0
$00C6	$3080			MOVLW	128
$00C7	$3A0C			XORLW	12
$00C8	$0270			SUBWF	STACK_0, 0
$00C9	$1D03			BTFSS	STATUS, Z
$00CA	$28CD			GOTO	L_main_7
$00CB	$30B8			MOVLW	184
$00CC	$0228			SUBWF	_valor, 0
$00CD	$	L_main_7:
$00CD	$30FF			MOVLW	255
$00CE	$1803			BTFSC	STATUS, C
$00CF	$3000			MOVLW	0
$00D0	$00F0			MOVWF	STACK_0
$00D1	$0872			MOVF	STACK_2, 0
$00D2	$05F0			ANDWF	STACK_0, 1
$00D3	$1903			BTFSC	STATUS, Z
$00D4	$28DC			GOTO	motores_L_20
$00D5	$	motores_L_19:
;motores.pbas,43 :: 		clearbit(portc,2)
$00D5	$1107			BCF	PORTC, 2
;motores.pbas,44 :: 		valor = valor - 3000
$00D6	$30B8			MOVLW	184
$00D7	$02A8			SUBWF	_valor, 1
$00D8	$1C03			BTFSS	STATUS, C
$00D9	$03A9			DECF	_valor+1, 1
$00DA	$300B			MOVLW	11
$00DB	$02A9			SUBWF	_valor+1, 1
$00DC	$	motores_L_20:
;motores.pbas,45 :: 		end if
$00DC	$	motores_L_21:
;motores.pbas,46 :: 		if (valor >= 4000) And (valor < 4256) then
$00DC	$3080			MOVLW	128
$00DD	$0629			XORWF	_valor+1, 0
$00DE	$00F2			MOVWF	STACK_2
$00DF	$3080			MOVLW	128
$00E0	$3A0F			XORLW	15
$00E1	$0272			SUBWF	STACK_2, 0
$00E2	$1D03			BTFSS	STATUS, Z
$00E3	$28E6			GOTO	L_main_8
$00E4	$30A0			MOVLW	160
$00E5	$0228			SUBWF	_valor, 0
$00E6	$	L_main_8:
$00E6	$30FF			MOVLW	255
$00E7	$1C03			BTFSS	STATUS, C
$00E8	$3000			MOVLW	0
$00E9	$00F2			MOVWF	STACK_2
$00EA	$3080			MOVLW	128
$00EB	$0629			XORWF	_valor+1, 0
$00EC	$00F0			MOVWF	STACK_0
$00ED	$3080			MOVLW	128
$00EE	$3A10			XORLW	16
$00EF	$0270			SUBWF	STACK_0, 0
$00F0	$1D03			BTFSS	STATUS, Z
$00F1	$28F4			GOTO	L_main_9
$00F2	$30A0			MOVLW	160
$00F3	$0228			SUBWF	_valor, 0
$00F4	$	L_main_9:
$00F4	$30FF			MOVLW	255
$00F5	$1803			BTFSC	STATUS, C
$00F6	$3000			MOVLW	0
$00F7	$00F0			MOVWF	STACK_0
$00F8	$0872			MOVF	STACK_2, 0
$00F9	$05F0			ANDWF	STACK_0, 1
$00FA	$1903			BTFSC	STATUS, Z
$00FB	$2905			GOTO	motores_L_23
$00FC	$	motores_L_22:
;motores.pbas,47 :: 		portc.0 = 0
$00FC	$1007			BCF	PORTC, 0
$00FD	$	motores_L_26:
;motores.pbas,48 :: 		portc.1 = 0
$00FD	$1087			BCF	PORTC, 1
$00FE	$	motores_L_28:
;motores.pbas,49 :: 		portc.2 = 0
$00FE	$1107			BCF	PORTC, 2
$00FF	$	motores_L_30:
;motores.pbas,50 :: 		valor = valor - 4000
$00FF	$30A0			MOVLW	160
$0100	$02A8			SUBWF	_valor, 1
$0101	$1C03			BTFSS	STATUS, C
$0102	$03A9			DECF	_valor+1, 1
$0103	$300F			MOVLW	15
$0104	$02A9			SUBWF	_valor+1, 1
$0105	$	motores_L_23:
;motores.pbas,51 :: 		end if
$0105	$	motores_L_24:
;motores.pbas,53 :: 		spi_write(17)
$0105	$3011			MOVLW	17
$0106	$00AC			MOVWF	FARG_SPI_write
$0107	$24BC			CALL	_spi_write
;motores.pbas,54 :: 		spi_Write(valor)
$0108	$0828			MOVF	_valor, 0
$0109	$00AC			MOVWF	FARG_SPI_write
$010A	$24BC			CALL	_spi_write
;motores.pbas,56 :: 		portc.0 = 1
$010B	$	motores_L_31:
$010B	$1407			BSF	PORTC, 0
$010C	$	motores_L_32:
;motores.pbas,57 :: 		portc.1 = 1
$010C	$	motores_L_33:
$010C	$1487			BSF	PORTC, 1
$010D	$	motores_L_34:
;motores.pbas,58 :: 		portc.2 = 1
$010D	$	motores_L_35:
$010D	$1507			BSF	PORTC, 2
$010E	$	motores_L_36:
;motores.pbas,60 :: 		delay_ms(10)
$010E	$300D			MOVLW	13
$010F	$00FB			MOVWF	STACK_11
$0110	$30FF			MOVLW	255
$0111	$00FA			MOVWF	STACK_10
$0112	$0BFB			DECFSZ	STACK_11, F
$0113	$2915			GOTO	$+2
$0114	$2918			GOTO	$+4
$0115	$0BFA			DECFSZ	STACK_10, F
$0116	$2915			GOTO	$-1
$0117	$2912			GOTO	$-5
$0118	$30F3			MOVLW	243
$0119	$00FA			MOVWF	STACK_10
$011A	$0BFA			DECFSZ	STACK_10, F
$011B	$291A			GOTO	$-1
$011C	$0000			NOP
$011D	$	motores_L_11:
;motores.pbas,62 :: 		end if
$011D	$	motores_L_12:
;motores.pbas,64 :: 		Usart_Write_Text(recebe)
$011D	$3021			MOVLW	_recebe
$011E	$00AC			MOVWF	FARG_Usart_Write_Text
$011F	$247E			CALL	_usart_write_text
$0120	$	motores_L_8:
;motores.pbas,66 :: 		end if
$0120	$	motores_L_9:
;motores.pbas,69 :: 		goto executa
$0120	$2832			GOTO	_main_executa
$0121	$2921			GOTO	$


//** Procedures locations **
//ADDRESS		PROCEDURE
//----------------------------------------------
$0004		main
$0122		SDIV3232L
$0250		StrToInt
$0312		Div_32x32_S
$03AC		Usart_Read_Text
$03EF		Mul_32x32_S
$042A		Mul_32x32_U
$0461		Div_16x16_U
$047E		Usart_Write_Text
$0494		USART_Init
$04A9		USART_Read
$04BC		SPI_write
$04CF		USART_Write
$04E1		COMFREM
$04EF		SPI_init
$04FC		USART_Data_Ready


//** Labels locations **
//ADDRESS		LABEL
//----------------------------------------------
$0004		_main:
$0004		_main_main:
$0019		motores_L_1:
$001A		motores_L_2:
$001A		motores_L_3:
$001B		motores_L_4:
$001B		motores_L_5:
$001C		motores_L_6:
$0032		_main_executa:
$0037		motores_L_7:
$0050		L_main_0:
$005E		L_main_1:
$0067		motores_L_10:
$0071		L_main_2:
$007F		L_main_3:
$0087		motores_L_13:
$008E		motores_L_14:
$008E		motores_L_15:
$0098		L_main_4:
$00A6		L_main_5:
$00AE		motores_L_16:
$00B5		motores_L_17:
$00B5		motores_L_18:
$00BF		L_main_6:
$00CD		L_main_7:
$00D5		motores_L_19:
$00DC		motores_L_20:
$00DC		motores_L_21:
$00E6		L_main_8:
$00F4		L_main_9:
$00FC		motores_L_22:
$00FD		motores_L_26:
$00FE		motores_L_28:
$00FF		motores_L_30:
$0105		motores_L_23:
$0105		motores_L_24:
$010B		motores_L_31:
$010C		motores_L_32:
$010C		motores_L_33:
$010D		motores_L_34:
$010D		motores_L_35:
$010E		motores_L_36:
$011D		motores_L_11:
$011D		motores_L_12:
$0120		motores_L_8:
$0120		motores_L_9:
$0122		_sdiv3232l:
$0135		LOOPS3232A:
$014B		SADD22LA:
$0158		SOK22LA:
$0171		SADD22L8:
$017E		SOK22L8:
$0181		LOOPS3232B:
$0197		SADD22LB:
$01A4		SOK22LB:
$01BD		SADD22L16:
$01CA		SOK22L16:
$01CD		LOOPS3232C:
$01E3		SADD22LC:
$01F0		SOK22LC:
$0209		SADD22L24:
$0216		SOK22L24:
$0219		LOOPS3232D:
$022F		SADD22LD:
$023C		SOK22LD:
$024F		math_L_9:
$024F		SOK22L:
$0250		_strtoint:
$0260		conv_L_172:
$0272		conv_L_176:
$0279		conv_L_177:
$0279		conv_L_178:
$0282		conv_L_179:
$02BC		conv_L_180:
$02BC		conv_L_181:
$02CC		conv_L_173:
$02D0		conv_L_182:
$02D4		conv_L_183:
$02D7		conv_L_184:
$02D7		conv_L_186:
$02DD		L_StrToInt_20:
$02F9		conv_L_187:
$0303		L_StrToInt_21:
$0305		conv_L_190:
$030D		conv_L_170:
$030D		conv_L_191:
$030D		conv_L_192:
$0312		_div_32x32_s:
$0314		FXD3232S:
$0334		CA3232S:
$0341		C3232SX:
$0346		C3232S:
$0347		C3232S2:
$0349		C3232SOK:
$0362		C3232SX1:
$0373		C3232SX2:
$0379		C3232SX3:
$037F		C3232SX4:
$03A6		END_ALL:
$03AA		AVOID_COMFREM:
$03AB		math_L_11:
$03AC		_usart_read_text:
$03B5		USART_b75_L_29:
$03BA		USART_b75_L_33:
$03CA		USART_b75_L_36:
$03CF		USART_b75_L_37:
$03D1		USART_b75_L_38:
$03DC		USART_b75_L_39:
$03DD		USART_b75_L_40:
$03DD		USART_b75_L_41:
$03E2		USART_b75_L_42:
$03E5		USART_b75_L_34:
$03E5		USART_b75_L_35:
$03E5		USART_b75_L_43:
$03E5		USART_b75_L_44:
$03E6		USART_b75_L_30:
$03EE		USART_b75_L_27:
$03EF		_mul_32x32_s:
$03F2		_IF_FIRST:
$03F4		_INVERCE_FIRST:
$0401		_IF_SECOND:
$0403		_INBERSE_SECOND:
$040F		_MULT:
$0429		_EXIT:
$0429		math_L_14:
$042A		_mul_32x32_u:
$0432		_NEXT:
$0436		_LOOP:
$0452		_EXIT1:
$0460		_EXIT2:
$0460		math_L_13:
$0461		_div_16x16_u:
$047D		math_L_3:
$047E		_usart_write_text:
$0485		USART_b75_L_47:
$0493		USART_b75_L_45:
$0493		USART_b75_L_48:
$0494		_usart_init:
$0494		USART_b75_L_1:
$0497		USART_b75_L_2:
$049A		USART_b75_L_3:
$049C		USART_b75_L_4:
$049C		USART_b75_L_5:
$049D		USART_b75_L_6:
$049D		USART_b75_L_8:
$04A8		USART_b75_L_0:
$04A8		USART_b75_L_9:
$04A9		_usart_read:
$04B7		USART_b75_L_20:
$04B8		USART_b75_L_24:
$04B8		USART_b75_L_25:
$04B9		USART_b75_L_19:
$04B9		USART_b75_L_21:
$04B9		USART_b75_L_22:
$04B9		USART_b75_L_26:
$04BC		_spi_write:
$04C0		SPI_b64c7_L_25:
$04CB		SPI_b64c7_L_26:
$04CE		SPI_b64c7_L_23:
$04CF		_usart_write:
$04CF		USART_b75_L_14:
$04DD		USART_b75_L_15:
$04E0		USART_b75_L_12:
$04E1		_comfrem:
$04EE		math_L_10:
$04EF		_spi_init:
$04F2		SPI_b64c7_L_18:
$04F3		SPI_b64c7_L_20:
$04F3		SPI_b64c7_L_21:
$04F4		SPI_b64c7_L_22:
$04FB		SPI_b64c7_L_16:
$04FC		_usart_data_ready:
$0506		USART_b75_L_18:


//** Variables locations **
//ADDRESS		VARIABLE
//----------------------------------------------
$0000		INDF
$0002		PCL
$0003		STATUS
$0004		FSR
$0005		PORTA
$0006		PORTB
$0007		PORTC
$000A		PCLATH
$000B		INTCON
$000C		PIR1
$0013		SSPBUF
$0014		SSPCON
$0018		RCSTA
$0019		TXREG
$001A		RCREG
$0020		math___math_tempb
$0021		_recebe
$0028		_valor
$002A		?main_Local_Text
$002C		FARG_SPI_write
$002C		FARG_StrToInt
$002C		FARG_USART_Init
$002C		FARG_Usart_Read_Text
$002C		FARG_Usart_Write_Text
$002D		_spi_write_local_temp
$002D		_strtoint_local_result
$002D		_usart_write_text_local_i
$002D		FARG_Usart_Read_Text+1
$002E		_usart_read_text_local_i
$002E		_usart_write_text_local_data
$002F		_strtoint_local_i
$002F		_usart_read_text_local_j
$0030		_usart_read_text_local_data
$0031		_strtoint_local_ep
$0031		_usart_read_text_local_data2
$0032		_usart_read_text_local_lasti
$0033		_strtoint_local_negative
$0035		_strtoint_local_tmp
$0039		_usart_data_ready_local_result
$0039		_usart_read_local_result
$0039		FARG_USART_Write
$0070		STACK_0
$0071		STACK_1
$0072		STACK_2
$0073		STACK_3
$0074		STACK_4
$0075		STACK_5
$0076		STACK_6
$0077		STACK_7
$0078		STACK_8
$0079		STACK_9
$007A		STACK_10
$007B		STACK_11
$007C		STACK_12
$007D		STACK_13
$007E		STACK_14
$007F		STACK_15
$0085		TRISA
$0086		TRISB
$0087		TRISC
$0094		SSPSTAT
$0098		TXSTA
$0099		SPBRG
$011E		ANSEL
$011F		ANSELH


